[07-Apr-2025 15:56:21 Europe/Berlin] Error de conexión a la base de datos: SQLSTATE[HY000] [1049] Unknown database 'impulsa_telecom'
[07-Apr-2025 15:57:11 Europe/Berlin] Error de conexión a la base de datos: SQLSTATE[HY000] [1049] Unknown database 'impulsa_telecom'
[07-Apr-2025 15:57:11 Europe/Berlin] Error de conexión a la base de datos: SQLSTATE[HY000] [1049] Unknown database 'impulsa_telecom'
[07-Apr-2025 16:01:40 Europe/Berlin] Error en obtenerEventosPorUsuario: SQLSTATE[42S02]: Base table or view not found: 1146 Table 'impulsatelecom.eventos' doesn't exist
[07-Apr-2025 16:01:40 Europe/Berlin] Error PDO al obtener tareas como eventos: SQLSTATE[42S22]: Column not found: 1054 Unknown column 'NIF_usuario' in 'field list'
[07-Apr-2025 16:01:40 Europe/Berlin] Error PDO al obtener fichajes como eventos: SQLSTATE[42S22]: Column not found: 1054 Unknown column 'id' in 'field list'
[07-Apr-2025 16:01:40 Europe/Berlin] Error en obtenerEventosPorUsuario: SQLSTATE[42S02]: Base table or view not found: 1146 Table 'impulsatelecom.eventos' doesn't exist
[07-Apr-2025 16:01:40 Europe/Berlin] Error PDO al obtener tareas como eventos: SQLSTATE[42S22]: Column not found: 1054 Unknown column 'NIF_usuario' in 'field list'
[07-Apr-2025 16:01:40 Europe/Berlin] Error PDO al obtener fichajes como eventos: SQLSTATE[42S22]: Column not found: 1054 Unknown column 'id' in 'field list'
[07-Apr-2025 16:01:45 Europe/Berlin] Error en obtenerEventosPorUsuario: SQLSTATE[42S02]: Base table or view not found: 1146 Table 'impulsatelecom.eventos' doesn't exist
[07-Apr-2025 16:01:45 Europe/Berlin] Error PDO al obtener tareas como eventos: SQLSTATE[42S22]: Column not found: 1054 Unknown column 'NIF_usuario' in 'field list'
[07-Apr-2025 16:01:45 Europe/Berlin] Error PDO al obtener fichajes como eventos: SQLSTATE[42S22]: Column not found: 1054 Unknown column 'id' in 'field list'
[07-Apr-2025 16:01:46 Europe/Berlin] Error en obtenerEventosPorUsuario: SQLSTATE[42S02]: Base table or view not found: 1146 Table 'impulsatelecom.eventos' doesn't exist
[07-Apr-2025 16:01:46 Europe/Berlin] Error PDO al obtener tareas como eventos: SQLSTATE[42S22]: Column not found: 1054 Unknown column 'NIF_usuario' in 'field list'
[07-Apr-2025 16:01:46 Europe/Berlin] Error PDO al obtener fichajes como eventos: SQLSTATE[42S22]: Column not found: 1054 Unknown column 'id' in 'field list'
[07-Apr-2025 16:02:03 Europe/Berlin] Error en obtenerEventosPorUsuario: SQLSTATE[42S02]: Base table or view not found: 1146 Table 'impulsatelecom.eventos' doesn't exist
[07-Apr-2025 16:02:03 Europe/Berlin] Error PDO al obtener tareas como eventos: SQLSTATE[42S22]: Column not found: 1054 Unknown column 'NIF_usuario' in 'field list'
[07-Apr-2025 16:02:03 Europe/Berlin] Error PDO al obtener fichajes como eventos: SQLSTATE[42S22]: Column not found: 1054 Unknown column 'id' in 'field list'
[07-Apr-2025 16:02:03 Europe/Berlin] Error en obtenerEventosPorUsuario: SQLSTATE[42S02]: Base table or view not found: 1146 Table 'impulsatelecom.eventos' doesn't exist
[07-Apr-2025 16:02:03 Europe/Berlin] Error PDO al obtener tareas como eventos: SQLSTATE[42S22]: Column not found: 1054 Unknown column 'NIF_usuario' in 'field list'
[07-Apr-2025 16:02:03 Europe/Berlin] Error PDO al obtener fichajes como eventos: SQLSTATE[42S22]: Column not found: 1054 Unknown column 'id' in 'field list'
[07-Apr-2025 16:02:45 Europe/Berlin] Error en obtenerEventosPorUsuario: SQLSTATE[42S02]: Base table or view not found: 1146 Table 'impulsatelecom.eventos' doesn't exist
[07-Apr-2025 16:02:45 Europe/Berlin] Error PDO al obtener tareas como eventos: SQLSTATE[42S22]: Column not found: 1054 Unknown column 'NIF_usuario' in 'field list'
[07-Apr-2025 16:02:45 Europe/Berlin] Error PDO al obtener fichajes como eventos: SQLSTATE[42S22]: Column not found: 1054 Unknown column 'id' in 'field list'
[07-Apr-2025 16:02:45 Europe/Berlin] Error en obtenerEventosPorUsuario: SQLSTATE[42S02]: Base table or view not found: 1146 Table 'impulsatelecom.eventos' doesn't exist
[07-Apr-2025 16:02:45 Europe/Berlin] Error PDO al obtener tareas como eventos: SQLSTATE[42S22]: Column not found: 1054 Unknown column 'NIF_usuario' in 'field list'
[07-Apr-2025 16:02:45 Europe/Berlin] Error PDO al obtener fichajes como eventos: SQLSTATE[42S22]: Column not found: 1054 Unknown column 'id' in 'field list'
[07-Apr-2025 16:02:47 Europe/Berlin] Error en obtenerEventosPorUsuario: SQLSTATE[42S02]: Base table or view not found: 1146 Table 'impulsatelecom.eventos' doesn't exist
[07-Apr-2025 16:02:47 Europe/Berlin] Error PDO al obtener tareas como eventos: SQLSTATE[42S22]: Column not found: 1054 Unknown column 'NIF_usuario' in 'field list'
[07-Apr-2025 16:02:47 Europe/Berlin] Error PDO al obtener fichajes como eventos: SQLSTATE[42S22]: Column not found: 1054 Unknown column 'id' in 'field list'
[07-Apr-2025 16:02:47 Europe/Berlin] Error en obtenerEventosPorUsuario: SQLSTATE[42S02]: Base table or view not found: 1146 Table 'impulsatelecom.eventos' doesn't exist
[07-Apr-2025 16:02:47 Europe/Berlin] Error PDO al obtener tareas como eventos: SQLSTATE[42S22]: Column not found: 1054 Unknown column 'NIF_usuario' in 'field list'
[07-Apr-2025 16:02:47 Europe/Berlin] Error PDO al obtener fichajes como eventos: SQLSTATE[42S22]: Column not found: 1054 Unknown column 'id' in 'field list'
[07-Apr-2025 16:02:49 Europe/Berlin] Error en obtenerEventosPorUsuario: SQLSTATE[42S02]: Base table or view not found: 1146 Table 'impulsatelecom.eventos' doesn't exist
[07-Apr-2025 16:02:49 Europe/Berlin] Error PDO al obtener tareas como eventos: SQLSTATE[42S22]: Column not found: 1054 Unknown column 'NIF_usuario' in 'field list'
[07-Apr-2025 16:02:49 Europe/Berlin] Error PDO al obtener fichajes como eventos: SQLSTATE[42S22]: Column not found: 1054 Unknown column 'id' in 'field list'
[07-Apr-2025 16:02:49 Europe/Berlin] Error en obtenerEventosPorUsuario: SQLSTATE[42S02]: Base table or view not found: 1146 Table 'impulsatelecom.eventos' doesn't exist
[07-Apr-2025 16:02:49 Europe/Berlin] Error PDO al obtener tareas como eventos: SQLSTATE[42S22]: Column not found: 1054 Unknown column 'NIF_usuario' in 'field list'
[07-Apr-2025 16:02:49 Europe/Berlin] Error PDO al obtener fichajes como eventos: SQLSTATE[42S22]: Column not found: 1054 Unknown column 'id' in 'field list'
[07-Apr-2025 16:02:50 Europe/Berlin] Error en obtenerEventosPorUsuario: SQLSTATE[42S02]: Base table or view not found: 1146 Table 'impulsatelecom.eventos' doesn't exist
[07-Apr-2025 16:02:50 Europe/Berlin] Error PDO al obtener tareas como eventos: SQLSTATE[42S22]: Column not found: 1054 Unknown column 'NIF_usuario' in 'field list'
[07-Apr-2025 16:02:50 Europe/Berlin] Error PDO al obtener fichajes como eventos: SQLSTATE[42S22]: Column not found: 1054 Unknown column 'id' in 'field list'
[07-Apr-2025 16:02:50 Europe/Berlin] Error en obtenerEventosPorUsuario: SQLSTATE[42S02]: Base table or view not found: 1146 Table 'impulsatelecom.eventos' doesn't exist
[07-Apr-2025 16:02:50 Europe/Berlin] Error PDO al obtener tareas como eventos: SQLSTATE[42S22]: Column not found: 1054 Unknown column 'NIF_usuario' in 'field list'
[07-Apr-2025 16:02:50 Europe/Berlin] Error PDO al obtener fichajes como eventos: SQLSTATE[42S22]: Column not found: 1054 Unknown column 'id' in 'field list'
[07-Apr-2025 16:03:54 Europe/Berlin] Error en obtenerEventosPorUsuario: SQLSTATE[42S02]: Base table or view not found: 1146 Table 'impulsatelecom.eventos' doesn't exist
[07-Apr-2025 16:03:54 Europe/Berlin] Error PDO al obtener tareas como eventos: SQLSTATE[42S22]: Column not found: 1054 Unknown column 'NIF_usuario' in 'field list'
[07-Apr-2025 16:03:54 Europe/Berlin] Error PDO al obtener fichajes como eventos: SQLSTATE[42S22]: Column not found: 1054 Unknown column 'id' in 'field list'
[07-Apr-2025 16:03:55 Europe/Berlin] Error en obtenerEventosPorUsuario: SQLSTATE[42S02]: Base table or view not found: 1146 Table 'impulsatelecom.eventos' doesn't exist
[07-Apr-2025 16:03:55 Europe/Berlin] Error PDO al obtener tareas como eventos: SQLSTATE[42S22]: Column not found: 1054 Unknown column 'NIF_usuario' in 'field list'
[07-Apr-2025 16:03:55 Europe/Berlin] Error PDO al obtener fichajes como eventos: SQLSTATE[42S22]: Column not found: 1054 Unknown column 'id' in 'field list'
[07-Apr-2025 16:03:55 Europe/Berlin] Error en obtenerEventosPorUsuario: SQLSTATE[42S02]: Base table or view not found: 1146 Table 'impulsatelecom.eventos' doesn't exist
[07-Apr-2025 16:03:55 Europe/Berlin] Error PDO al obtener tareas como eventos: SQLSTATE[42S22]: Column not found: 1054 Unknown column 'NIF_usuario' in 'field list'
[07-Apr-2025 16:03:55 Europe/Berlin] Error PDO al obtener fichajes como eventos: SQLSTATE[42S22]: Column not found: 1054 Unknown column 'id' in 'field list'
[07-Apr-2025 16:03:56 Europe/Berlin] Error en obtenerEventosPorUsuario: SQLSTATE[42S02]: Base table or view not found: 1146 Table 'impulsatelecom.eventos' doesn't exist
[07-Apr-2025 16:03:56 Europe/Berlin] Error PDO al obtener tareas como eventos: SQLSTATE[42S22]: Column not found: 1054 Unknown column 'NIF_usuario' in 'field list'
[07-Apr-2025 16:03:56 Europe/Berlin] Error PDO al obtener fichajes como eventos: SQLSTATE[42S22]: Column not found: 1054 Unknown column 'id' in 'field list'
[07-Apr-2025 16:03:56 Europe/Berlin] PHP Fatal error:  Uncaught Error: Call to a member function prepare() on null in C:\xampp\htdocs\ImpulsaTelecom\backend\api\calendario.php:79
Stack trace:
#0 C:\xampp\htdocs\ImpulsaTelecom\backend\api\calendario.php(186): obtenerDepartamentoUsuario('98765432B')
#1 {main}
  thrown in C:\xampp\htdocs\ImpulsaTelecom\backend\api\calendario.php on line 79
[07-Apr-2025 16:03:57 Europe/Berlin] PHP Fatal error:  Uncaught Error: Call to a member function prepare() on null in C:\xampp\htdocs\ImpulsaTelecom\backend\api\calendario.php:79
Stack trace:
#0 C:\xampp\htdocs\ImpulsaTelecom\backend\api\calendario.php(186): obtenerDepartamentoUsuario('98765432B')
#1 {main}
  thrown in C:\xampp\htdocs\ImpulsaTelecom\backend\api\calendario.php on line 79
[07-Apr-2025 16:03:57 Europe/Berlin] PHP Fatal error:  Uncaught Error: Call to a member function prepare() on null in C:\xampp\htdocs\ImpulsaTelecom\backend\api\calendario.php:79
Stack trace:
#0 C:\xampp\htdocs\ImpulsaTelecom\backend\api\calendario.php(186): obtenerDepartamentoUsuario('98765432B')
#1 {main}
  thrown in C:\xampp\htdocs\ImpulsaTelecom\backend\api\calendario.php on line 79
[07-Apr-2025 16:03:57 Europe/Berlin] PHP Fatal error:  Uncaught Error: Call to a member function prepare() on null in C:\xampp\htdocs\ImpulsaTelecom\backend\api\calendario.php:79
Stack trace:
#0 C:\xampp\htdocs\ImpulsaTelecom\backend\api\calendario.php(186): obtenerDepartamentoUsuario('98765432B')
#1 {main}
  thrown in C:\xampp\htdocs\ImpulsaTelecom\backend\api\calendario.php on line 79
[07-Apr-2025 16:04:51 Europe/Berlin] Error en obtenerEventosPorUsuario: SQLSTATE[42S02]: Base table or view not found: 1146 Table 'impulsatelecom.eventos' doesn't exist
[07-Apr-2025 16:04:51 Europe/Berlin] Error PDO al obtener tareas como eventos: SQLSTATE[42S22]: Column not found: 1054 Unknown column 'NIF_usuario' in 'field list'
[07-Apr-2025 16:04:51 Europe/Berlin] Error PDO al obtener fichajes como eventos: SQLSTATE[42S22]: Column not found: 1054 Unknown column 'id' in 'field list'
[07-Apr-2025 16:04:51 Europe/Berlin] Error en obtenerEventosPorUsuario: SQLSTATE[42S02]: Base table or view not found: 1146 Table 'impulsatelecom.eventos' doesn't exist
[07-Apr-2025 16:04:51 Europe/Berlin] Error PDO al obtener tareas como eventos: SQLSTATE[42S22]: Column not found: 1054 Unknown column 'NIF_usuario' in 'field list'
[07-Apr-2025 16:04:51 Europe/Berlin] Error PDO al obtener fichajes como eventos: SQLSTATE[42S22]: Column not found: 1054 Unknown column 'id' in 'field list'
[07-Apr-2025 16:04:52 Europe/Berlin] Error en obtenerEventosPorUsuario: SQLSTATE[42S02]: Base table or view not found: 1146 Table 'impulsatelecom.eventos' doesn't exist
[07-Apr-2025 16:04:52 Europe/Berlin] Error PDO al obtener tareas como eventos: SQLSTATE[42S22]: Column not found: 1054 Unknown column 'NIF_usuario' in 'field list'
[07-Apr-2025 16:04:52 Europe/Berlin] Error PDO al obtener fichajes como eventos: SQLSTATE[42S22]: Column not found: 1054 Unknown column 'id' in 'field list'
[07-Apr-2025 16:04:52 Europe/Berlin] Error en obtenerEventosPorUsuario: SQLSTATE[42S02]: Base table or view not found: 1146 Table 'impulsatelecom.eventos' doesn't exist
[07-Apr-2025 16:04:52 Europe/Berlin] Error PDO al obtener tareas como eventos: SQLSTATE[42S22]: Column not found: 1054 Unknown column 'NIF_usuario' in 'field list'
[07-Apr-2025 16:04:52 Europe/Berlin] Error PDO al obtener fichajes como eventos: SQLSTATE[42S22]: Column not found: 1054 Unknown column 'id' in 'field list'
[07-Apr-2025 16:04:53 Europe/Berlin] Error en obtenerEventosPorUsuario: SQLSTATE[42S02]: Base table or view not found: 1146 Table 'impulsatelecom.eventos' doesn't exist
[07-Apr-2025 16:04:53 Europe/Berlin] Error PDO al obtener tareas como eventos: SQLSTATE[42S22]: Column not found: 1054 Unknown column 'NIF_usuario' in 'field list'
[07-Apr-2025 16:04:53 Europe/Berlin] Error PDO al obtener fichajes como eventos: SQLSTATE[42S22]: Column not found: 1054 Unknown column 'id' in 'field list'
[07-Apr-2025 16:04:54 Europe/Berlin] Error en obtenerEventosPorUsuario: SQLSTATE[42S02]: Base table or view not found: 1146 Table 'impulsatelecom.eventos' doesn't exist
[07-Apr-2025 16:04:54 Europe/Berlin] Error PDO al obtener tareas como eventos: SQLSTATE[42S22]: Column not found: 1054 Unknown column 'NIF_usuario' in 'field list'
[07-Apr-2025 16:04:54 Europe/Berlin] Error PDO al obtener fichajes como eventos: SQLSTATE[42S22]: Column not found: 1054 Unknown column 'id' in 'field list'
[07-Apr-2025 16:08:12 Europe/Berlin] Error en obtenerEventosPorUsuario: SQLSTATE[42S02]: Base table or view not found: 1146 Table 'impulsatelecom.eventos' doesn't exist
[07-Apr-2025 16:08:12 Europe/Berlin] Error PDO al obtener tareas como eventos: SQLSTATE[42S22]: Column not found: 1054 Unknown column 'NIF_usuario' in 'field list'
[07-Apr-2025 16:08:12 Europe/Berlin] Error PDO al obtener fichajes como eventos: SQLSTATE[42S22]: Column not found: 1054 Unknown column 'id' in 'field list'
[07-Apr-2025 16:08:12 Europe/Berlin] Error en obtenerEventosPorUsuario: SQLSTATE[42S02]: Base table or view not found: 1146 Table 'impulsatelecom.eventos' doesn't exist
[07-Apr-2025 16:08:12 Europe/Berlin] Error PDO al obtener tareas como eventos: SQLSTATE[42S22]: Column not found: 1054 Unknown column 'NIF_usuario' in 'field list'
[07-Apr-2025 16:08:12 Europe/Berlin] Error PDO al obtener fichajes como eventos: SQLSTATE[42S22]: Column not found: 1054 Unknown column 'id' in 'field list'
[07-Apr-2025 16:26:09 Europe/Berlin] Error en obtenerEventosPorUsuario: SQLSTATE[42S02]: Base table or view not found: 1146 Table 'impulsatelecom.eventos' doesn't exist
[07-Apr-2025 16:26:09 Europe/Berlin] Error PDO al obtener tareas como eventos: SQLSTATE[42S22]: Column not found: 1054 Unknown column 'NIF_usuario' in 'field list'
[07-Apr-2025 16:26:09 Europe/Berlin] Error PDO al obtener fichajes como eventos: SQLSTATE[42S22]: Column not found: 1054 Unknown column 'id' in 'field list'
[07-Apr-2025 16:26:09 Europe/Berlin] Error en obtenerEventosPorUsuario: SQLSTATE[42S02]: Base table or view not found: 1146 Table 'impulsatelecom.eventos' doesn't exist
[07-Apr-2025 16:26:09 Europe/Berlin] Error PDO al obtener tareas como eventos: SQLSTATE[42S22]: Column not found: 1054 Unknown column 'NIF_usuario' in 'field list'
[07-Apr-2025 16:26:09 Europe/Berlin] Error PDO al obtener fichajes como eventos: SQLSTATE[42S22]: Column not found: 1054 Unknown column 'id' in 'field list'
[07-Apr-2025 16:26:10 Europe/Berlin] Error en obtenerEventosPorUsuario: SQLSTATE[42S02]: Base table or view not found: 1146 Table 'impulsatelecom.eventos' doesn't exist
[07-Apr-2025 16:26:10 Europe/Berlin] Error PDO al obtener tareas como eventos: SQLSTATE[42S22]: Column not found: 1054 Unknown column 'NIF_usuario' in 'field list'
[07-Apr-2025 16:26:10 Europe/Berlin] Error PDO al obtener fichajes como eventos: SQLSTATE[42S22]: Column not found: 1054 Unknown column 'id' in 'field list'
[07-Apr-2025 16:26:10 Europe/Berlin] Error en obtenerEventosPorUsuario: SQLSTATE[42S02]: Base table or view not found: 1146 Table 'impulsatelecom.eventos' doesn't exist
[07-Apr-2025 16:26:10 Europe/Berlin] Error PDO al obtener tareas como eventos: SQLSTATE[42S22]: Column not found: 1054 Unknown column 'NIF_usuario' in 'field list'
[07-Apr-2025 16:26:10 Europe/Berlin] Error PDO al obtener fichajes como eventos: SQLSTATE[42S22]: Column not found: 1054 Unknown column 'id' in 'field list'
