[2025-05-20 10:11:10] Verificación de recordatorios solicitada desde el frontend (versión mejorada)
[2025-05-20 10:11:10] INFO DIAGNÓSTICO: María configurada con hora entrada 10:29:00 - salida 16:47:00
[2025-05-20 10:11:10] Ejecutando comando: "C:\xampp\php\php.exe" "C:\xampp\htdocs\ImpulsaTelecom\backend\scripts\enviar_recordatorios.php"
[2025-05-20 10:11:10] Iniciando verificaciu00f3n de recordatorios. Hora actual: 10:11:10
[2025-05-20 10:11:10] Verificando recordatorios para: María García Martínez (elreibo30@gmail.com), Horario: 10:29:00 - 16:47:00
[2025-05-20 10:11:10] Verificando recordatorios para: Juan Pérez López (juan.perez@impulsatelecom.com), Horario: 09:00:00 - 18:00:00
[2025-05-20 10:11:10] Verificaciu00f3n de recordatorios finalizada
[2025-05-20 10:11:10] Script ejecutado correctamente
[2025-05-20 10:11:10] Verificación de recordatorios solicitada desde el frontend (versión mejorada)
[2025-05-20 10:11:10] INFO DIAGNÓSTICO: María configurada con hora entrada 10:29:00 - salida 16:47:00
[2025-05-20 10:11:10] Ejecutando comando: "C:\xampp\php\php.exe" "C:\xampp\htdocs\ImpulsaTelecom\backend\scripts\enviar_recordatorios.php"
[2025-05-20 10:11:10] Iniciando verificaciu00f3n de recordatorios. Hora actual: 10:11:10
[2025-05-20 10:11:10] Verificando recordatorios para: María García Martínez (elreibo30@gmail.com), Horario: 10:29:00 - 16:47:00
[2025-05-20 10:11:10] Verificando recordatorios para: Juan Pérez López (juan.perez@impulsatelecom.com), Horario: 09:00:00 - 18:00:00
[2025-05-20 10:11:10] Verificaciu00f3n de recordatorios finalizada
[2025-05-20 10:11:10] Script ejecutado correctamente
[2025-05-20 10:11:50] Verificación de recordatorios solicitada desde el frontend (versión mejorada)
[2025-05-20 10:11:50] INFO DIAGNÓSTICO: María configurada con hora entrada 10:29:00 - salida 16:47:00
[2025-05-20 10:11:50] Ejecutando comando: "C:\xampp\php\php.exe" "C:\xampp\htdocs\ImpulsaTelecom\backend\scripts\enviar_recordatorios.php"
[2025-05-20 10:11:50] Iniciando verificaciu00f3n de recordatorios. Hora actual: 10:11:50
[2025-05-20 10:11:50] Verificando recordatorios para: María García Martínez (elreibo30@gmail.com), Horario: 10:29:00 - 16:47:00
[2025-05-20 10:11:50] Verificando recordatorios para: Juan Pérez López (juan.perez@impulsatelecom.com), Horario: 09:00:00 - 18:00:00
[2025-05-20 10:11:50] Verificaciu00f3n de recordatorios finalizada
[2025-05-20 10:11:50] Script ejecutado correctamente
[2025-05-20 10:11:50] Verificación de recordatorios solicitada desde el frontend (versión mejorada)
[2025-05-20 10:11:50] INFO DIAGNÓSTICO: María configurada con hora entrada 10:29:00 - salida 16:47:00
[2025-05-20 10:11:50] Ejecutando comando: "C:\xampp\php\php.exe" "C:\xampp\htdocs\ImpulsaTelecom\backend\scripts\enviar_recordatorios.php"
[2025-05-20 10:11:50] Iniciando verificaciu00f3n de recordatorios. Hora actual: 10:11:50
[2025-05-20 10:11:50] Verificando recordatorios para: María García Martínez (elreibo30@gmail.com), Horario: 10:29:00 - 16:47:00
[2025-05-20 10:11:50] Verificando recordatorios para: Juan Pérez López (juan.perez@impulsatelecom.com), Horario: 09:00:00 - 18:00:00
[2025-05-20 10:11:50] Verificaciu00f3n de recordatorios finalizada
[2025-05-20 10:11:50] Script ejecutado correctamente
[2025-05-20 10:12:50] Verificación de recordatorios solicitada desde el frontend (versión mejorada)
[2025-05-20 10:12:50] INFO DIAGNÓSTICO: María configurada con hora entrada 10:29:00 - salida 16:47:00
[2025-05-20 10:12:50] Ejecutando comando: "C:\xampp\php\php.exe" "C:\xampp\htdocs\ImpulsaTelecom\backend\scripts\enviar_recordatorios.php"
[2025-05-20 10:12:50] Iniciando verificaciu00f3n de recordatorios. Hora actual: 10:12:50
[2025-05-20 10:12:50] Verificando recordatorios para: María García Martínez (elreibo30@gmail.com), Horario: 10:29:00 - 16:47:00
[2025-05-20 10:12:50] Verificando recordatorios para: Juan Pérez López (juan.perez@impulsatelecom.com), Horario: 09:00:00 - 18:00:00
[2025-05-20 10:12:50] Verificaciu00f3n de recordatorios finalizada
[2025-05-20 10:12:50] Script ejecutado correctamente
[2025-05-20 10:13:50] Verificación de recordatorios solicitada desde el frontend (versión mejorada)
[2025-05-20 10:13:50] INFO DIAGNÓSTICO: María configurada con hora entrada 10:29:00 - salida 16:47:00
[2025-05-20 10:13:50] Ejecutando comando: "C:\xampp\php\php.exe" "C:\xampp\htdocs\ImpulsaTelecom\backend\scripts\enviar_recordatorios.php"
[2025-05-20 10:13:50] Iniciando verificaciu00f3n de recordatorios. Hora actual: 10:13:50
[2025-05-20 10:13:50] Verificando recordatorios para: María García Martínez (elreibo30@gmail.com), Horario: 10:29:00 - 16:47:00
[2025-05-20 10:13:50] Verificando recordatorios para: Juan Pérez López (juan.perez@impulsatelecom.com), Horario: 09:00:00 - 18:00:00
[2025-05-20 10:13:50] Verificaciu00f3n de recordatorios finalizada
[2025-05-20 10:13:50] Script ejecutado correctamente
[2025-05-20 10:14:51] Verificación de recordatorios solicitada desde el frontend (versión mejorada)
[2025-05-20 10:14:51] INFO DIAGNÓSTICO: María configurada con hora entrada 10:29:00 - salida 16:47:00
[2025-05-20 10:14:51] Ejecutando comando: "C:\xampp\php\php.exe" "C:\xampp\htdocs\ImpulsaTelecom\backend\scripts\enviar_recordatorios.php"
[2025-05-20 10:14:51] Iniciando verificaciu00f3n de recordatorios. Hora actual: 10:14:51
[2025-05-20 10:14:51] Verificando recordatorios para: María García Martínez (elreibo30@gmail.com), Horario: 10:29:00 - 16:47:00
[2025-05-20 10:14:51] Verificando recordatorios para: Juan Pérez López (juan.perez@impulsatelecom.com), Horario: 09:00:00 - 18:00:00
[2025-05-20 10:14:51] Verificaciu00f3n de recordatorios finalizada
[2025-05-20 10:14:51] Script ejecutado correctamente
[2025-05-20 23:07:44] Verificación de recordatorios solicitada desde el frontend (versión mejorada)
[2025-05-20 23:07:44] INFO DIAGNÓSTICO: María configurada con hora entrada 10:29:00 - salida 16:47:00
[2025-05-20 23:07:44] Ejecutando comando: "C:\xampp\php\php.exe" "C:\xampp\htdocs\ImpulsaTelecom\backend\scripts\enviar_recordatorios.php"
[2025-05-20 23:07:44] Iniciando verificaciu00f3n de recordatorios. Hora actual: 23:07:44
[2025-05-20 23:07:44] Verificando recordatorios para: María García Martínez (elreibo30@gmail.com), Horario: 10:29:00 - 16:47:00
[2025-05-20 23:07:44] Verificando recordatorios para: Juan Pérez López (juan.perez@impulsatelecom.com), Horario: 09:00:00 - 18:00:00
[2025-05-20 23:07:44] Verificaciu00f3n de recordatorios finalizada
[2025-05-20 23:07:44] Script ejecutado correctamente
[2025-05-20 23:07:44] Verificación de recordatorios solicitada desde el frontend (versión mejorada)
[2025-05-20 23:07:44] INFO DIAGNÓSTICO: María configurada con hora entrada 10:29:00 - salida 16:47:00
[2025-05-20 23:07:44] Ejecutando comando: "C:\xampp\php\php.exe" "C:\xampp\htdocs\ImpulsaTelecom\backend\scripts\enviar_recordatorios.php"
[2025-05-20 23:07:44] Iniciando verificaciu00f3n de recordatorios. Hora actual: 23:07:44
[2025-05-20 23:07:44] Verificando recordatorios para: María García Martínez (elreibo30@gmail.com), Horario: 10:29:00 - 16:47:00
[2025-05-20 23:07:44] Verificando recordatorios para: Juan Pérez López (juan.perez@impulsatelecom.com), Horario: 09:00:00 - 18:00:00
[2025-05-20 23:07:44] Verificaciu00f3n de recordatorios finalizada
[2025-05-20 23:07:44] Script ejecutado correctamente
[2025-05-20 23:08:07] Verificación de recordatorios solicitada desde el frontend (versión mejorada)
[2025-05-20 23:08:07] INFO DIAGNÓSTICO: María configurada con hora entrada 10:29:00 - salida 16:47:00
[2025-05-20 23:08:07] Ejecutando comando: "C:\xampp\php\php.exe" "C:\xampp\htdocs\ImpulsaTelecom\backend\scripts\enviar_recordatorios.php"
[2025-05-20 23:08:07] Iniciando verificaciu00f3n de recordatorios. Hora actual: 23:08:07
[2025-05-20 23:08:07] Verificando recordatorios para: María García Martínez (elreibo30@gmail.com), Horario: 10:29:00 - 16:47:00
[2025-05-20 23:08:07] Verificando recordatorios para: Juan Pérez López (juan.perez@impulsatelecom.com), Horario: 09:00:00 - 18:00:00
[2025-05-20 23:08:07] Verificaciu00f3n de recordatorios finalizada
[2025-05-20 23:08:07] Script ejecutado correctamente
[2025-05-20 23:08:07] Verificación de recordatorios solicitada desde el frontend (versión mejorada)
[2025-05-20 23:08:07] INFO DIAGNÓSTICO: María configurada con hora entrada 10:29:00 - salida 16:47:00
[2025-05-20 23:08:07] Ejecutando comando: "C:\xampp\php\php.exe" "C:\xampp\htdocs\ImpulsaTelecom\backend\scripts\enviar_recordatorios.php"
[2025-05-20 23:08:07] Iniciando verificaciu00f3n de recordatorios. Hora actual: 23:08:07
[2025-05-20 23:08:07] Verificando recordatorios para: María García Martínez (elreibo30@gmail.com), Horario: 10:29:00 - 16:47:00
[2025-05-20 23:08:07] Verificando recordatorios para: Juan Pérez López (juan.perez@impulsatelecom.com), Horario: 09:00:00 - 18:00:00
[2025-05-20 23:08:07] Verificaciu00f3n de recordatorios finalizada
[2025-05-20 23:08:07] Script ejecutado correctamente
[2025-05-20 23:08:11] Verificación de recordatorios solicitada desde el frontend (versión mejorada)
[2025-05-20 23:08:11] INFO DIAGNÓSTICO: María configurada con hora entrada 10:29:00 - salida 16:47:00
[2025-05-20 23:08:11] Ejecutando comando: "C:\xampp\php\php.exe" "C:\xampp\htdocs\ImpulsaTelecom\backend\scripts\enviar_recordatorios.php"
[2025-05-20 23:08:11] Iniciando verificaciu00f3n de recordatorios. Hora actual: 23:08:11
[2025-05-20 23:08:11] Verificando recordatorios para: María García Martínez (elreibo30@gmail.com), Horario: 10:29:00 - 16:47:00
[2025-05-20 23:08:11] Verificando recordatorios para: Juan Pérez López (juan.perez@impulsatelecom.com), Horario: 09:00:00 - 18:00:00
[2025-05-20 23:08:11] Verificaciu00f3n de recordatorios finalizada
[2025-05-20 23:08:11] Script ejecutado correctamente
[2025-05-20 23:08:11] Verificación de recordatorios solicitada desde el frontend (versión mejorada)
[2025-05-20 23:08:11] INFO DIAGNÓSTICO: María configurada con hora entrada 10:29:00 - salida 16:47:00
[2025-05-20 23:08:11] Ejecutando comando: "C:\xampp\php\php.exe" "C:\xampp\htdocs\ImpulsaTelecom\backend\scripts\enviar_recordatorios.php"
[2025-05-20 23:08:12] Iniciando verificaciu00f3n de recordatorios. Hora actual: 23:08:12
[2025-05-20 23:08:12] Verificando recordatorios para: María García Martínez (elreibo30@gmail.com), Horario: 10:29:00 - 16:47:00
[2025-05-20 23:08:12] Verificando recordatorios para: Juan Pérez López (juan.perez@impulsatelecom.com), Horario: 09:00:00 - 18:00:00
[2025-05-20 23:08:12] Verificaciu00f3n de recordatorios finalizada
[2025-05-20 23:08:12] Script ejecutado correctamente
[2025-05-20 23:09:07] Verificación de recordatorios solicitada desde el frontend (versión mejorada)
[2025-05-20 23:09:07] INFO DIAGNÓSTICO: María configurada con hora entrada 10:29:00 - salida 16:47:00
[2025-05-20 23:09:07] Ejecutando comando: "C:\xampp\php\php.exe" "C:\xampp\htdocs\ImpulsaTelecom\backend\scripts\enviar_recordatorios.php"
[2025-05-20 23:09:07] Iniciando verificaciu00f3n de recordatorios. Hora actual: 23:09:07
[2025-05-20 23:09:07] Verificando recordatorios para: María García Martínez (elreibo30@gmail.com), Horario: 10:29:00 - 16:47:00
[2025-05-20 23:09:07] Verificando recordatorios para: Juan Pérez López (juan.perez@impulsatelecom.com), Horario: 09:00:00 - 18:00:00
[2025-05-20 23:09:07] Verificaciu00f3n de recordatorios finalizada
[2025-05-20 23:09:07] Script ejecutado correctamente
[2025-05-20 23:10:08] Verificación de recordatorios solicitada desde el frontend (versión mejorada)
[2025-05-20 23:10:08] INFO DIAGNÓSTICO: María configurada con hora entrada 10:29:00 - salida 16:47:00
[2025-05-20 23:10:08] Ejecutando comando: "C:\xampp\php\php.exe" "C:\xampp\htdocs\ImpulsaTelecom\backend\scripts\enviar_recordatorios.php"
[2025-05-20 23:10:08] Iniciando verificaciu00f3n de recordatorios. Hora actual: 23:10:08
[2025-05-20 23:10:08] Verificando recordatorios para: María García Martínez (elreibo30@gmail.com), Horario: 10:29:00 - 16:47:00
[2025-05-20 23:10:08] Verificando recordatorios para: Juan Pérez López (juan.perez@impulsatelecom.com), Horario: 09:00:00 - 18:00:00
[2025-05-20 23:10:08] Verificaciu00f3n de recordatorios finalizada
[2025-05-20 23:10:08] Script ejecutado correctamente
[2025-05-20 23:11:08] Verificación de recordatorios solicitada desde el frontend (versión mejorada)
[2025-05-20 23:11:08] INFO DIAGNÓSTICO: María configurada con hora entrada 10:29:00 - salida 16:47:00
[2025-05-20 23:11:08] Ejecutando comando: "C:\xampp\php\php.exe" "C:\xampp\htdocs\ImpulsaTelecom\backend\scripts\enviar_recordatorios.php"
[2025-05-20 23:11:08] Iniciando verificaciu00f3n de recordatorios. Hora actual: 23:11:08
[2025-05-20 23:11:08] Verificando recordatorios para: María García Martínez (elreibo30@gmail.com), Horario: 10:29:00 - 16:47:00
[2025-05-20 23:11:08] Verificando recordatorios para: Juan Pérez López (juan.perez@impulsatelecom.com), Horario: 09:00:00 - 18:00:00
[2025-05-20 23:11:08] Verificaciu00f3n de recordatorios finalizada
[2025-05-20 23:11:08] Script ejecutado correctamente
[2025-05-20 23:12:08] Verificación de recordatorios solicitada desde el frontend (versión mejorada)
[2025-05-20 23:12:08] INFO DIAGNÓSTICO: María configurada con hora entrada 10:29:00 - salida 16:47:00
[2025-05-20 23:12:08] Ejecutando comando: "C:\xampp\php\php.exe" "C:\xampp\htdocs\ImpulsaTelecom\backend\scripts\enviar_recordatorios.php"
[2025-05-20 23:12:08] Iniciando verificaciu00f3n de recordatorios. Hora actual: 23:12:08
[2025-05-20 23:12:08] Verificando recordatorios para: María García Martínez (elreibo30@gmail.com), Horario: 10:29:00 - 16:47:00
[2025-05-20 23:12:08] Verificando recordatorios para: Juan Pérez López (juan.perez@impulsatelecom.com), Horario: 09:00:00 - 18:00:00
[2025-05-20 23:12:08] Verificaciu00f3n de recordatorios finalizada
[2025-05-20 23:12:08] Script ejecutado correctamente
[2025-05-20 23:13:08] Verificación de recordatorios solicitada desde el frontend (versión mejorada)
[2025-05-20 23:13:08] INFO DIAGNÓSTICO: María configurada con hora entrada 10:29:00 - salida 16:47:00
[2025-05-20 23:13:08] Ejecutando comando: "C:\xampp\php\php.exe" "C:\xampp\htdocs\ImpulsaTelecom\backend\scripts\enviar_recordatorios.php"
[2025-05-20 23:13:08] Iniciando verificaciu00f3n de recordatorios. Hora actual: 23:13:08
[2025-05-20 23:13:08] Verificando recordatorios para: María García Martínez (elreibo30@gmail.com), Horario: 10:29:00 - 16:47:00
[2025-05-20 23:13:08] Verificando recordatorios para: Juan Pérez López (juan.perez@impulsatelecom.com), Horario: 09:00:00 - 18:00:00
[2025-05-20 23:13:08] Verificaciu00f3n de recordatorios finalizada
[2025-05-20 23:13:08] Script ejecutado correctamente
[2025-05-20 23:14:08] Verificación de recordatorios solicitada desde el frontend (versión mejorada)
[2025-05-20 23:14:08] INFO DIAGNÓSTICO: María configurada con hora entrada 10:29:00 - salida 16:47:00
[2025-05-20 23:14:08] Ejecutando comando: "C:\xampp\php\php.exe" "C:\xampp\htdocs\ImpulsaTelecom\backend\scripts\enviar_recordatorios.php"
[2025-05-20 23:14:08] Iniciando verificaciu00f3n de recordatorios. Hora actual: 23:14:08
[2025-05-20 23:14:08] Verificando recordatorios para: María García Martínez (elreibo30@gmail.com), Horario: 10:29:00 - 16:47:00
[2025-05-20 23:14:08] Verificando recordatorios para: Juan Pérez López (juan.perez@impulsatelecom.com), Horario: 09:00:00 - 18:00:00
[2025-05-20 23:14:08] Verificaciu00f3n de recordatorios finalizada
[2025-05-20 23:14:08] Script ejecutado correctamente
[2025-05-20 23:15:07] Verificación de recordatorios solicitada desde el frontend (versión mejorada)
[2025-05-20 23:15:07] INFO DIAGNÓSTICO: María configurada con hora entrada 10:29:00 - salida 16:47:00
[2025-05-20 23:15:07] Ejecutando comando: "C:\xampp\php\php.exe" "C:\xampp\htdocs\ImpulsaTelecom\backend\scripts\enviar_recordatorios.php"
[2025-05-20 23:15:07] Iniciando verificaciu00f3n de recordatorios. Hora actual: 23:15:07
[2025-05-20 23:15:07] Verificando recordatorios para: María García Martínez (elreibo30@gmail.com), Horario: 10:29:00 - 16:47:00
[2025-05-20 23:15:07] Verificando recordatorios para: Juan Pérez López (juan.perez@impulsatelecom.com), Horario: 09:00:00 - 18:00:00
[2025-05-20 23:15:07] Verificaciu00f3n de recordatorios finalizada
[2025-05-20 23:15:07] Script ejecutado correctamente
[2025-05-20 23:15:39] Verificación de recordatorios solicitada desde el frontend (versión mejorada)
[2025-05-20 23:15:39] INFO DIAGNÓSTICO: María configurada con hora entrada 10:29:00 - salida 16:47:00
[2025-05-20 23:15:39] Ejecutando comando: "C:\xampp\php\php.exe" "C:\xampp\htdocs\ImpulsaTelecom\backend\scripts\enviar_recordatorios.php"
[2025-05-20 23:15:39] Iniciando verificaciu00f3n de recordatorios. Hora actual: 23:15:39
[2025-05-20 23:15:39] Verificando recordatorios para: María García Martínez (elreibo30@gmail.com), Horario: 10:29:00 - 16:47:00
[2025-05-20 23:15:39] Verificando recordatorios para: Juan Pérez López (juan.perez@impulsatelecom.com), Horario: 09:00:00 - 18:00:00
[2025-05-20 23:15:39] Verificaciu00f3n de recordatorios finalizada
[2025-05-20 23:15:39] Script ejecutado correctamente
[2025-05-20 23:15:39] Verificación de recordatorios solicitada desde el frontend (versión mejorada)
[2025-05-20 23:15:39] INFO DIAGNÓSTICO: María configurada con hora entrada 10:29:00 - salida 16:47:00
[2025-05-20 23:15:39] Ejecutando comando: "C:\xampp\php\php.exe" "C:\xampp\htdocs\ImpulsaTelecom\backend\scripts\enviar_recordatorios.php"
[2025-05-20 23:15:39] Iniciando verificaciu00f3n de recordatorios. Hora actual: 23:15:39
[2025-05-20 23:15:39] Verificando recordatorios para: María García Martínez (elreibo30@gmail.com), Horario: 10:29:00 - 16:47:00
[2025-05-20 23:15:39] Verificando recordatorios para: Juan Pérez López (juan.perez@impulsatelecom.com), Horario: 09:00:00 - 18:00:00
[2025-05-20 23:15:39] Verificaciu00f3n de recordatorios finalizada
[2025-05-20 23:15:39] Script ejecutado correctamente
[2025-05-20 23:16:40] Verificación de recordatorios solicitada desde el frontend (versión mejorada)
[2025-05-20 23:16:40] INFO DIAGNÓSTICO: María configurada con hora entrada 10:29:00 - salida 16:47:00
[2025-05-20 23:16:40] Ejecutando comando: "C:\xampp\php\php.exe" "C:\xampp\htdocs\ImpulsaTelecom\backend\scripts\enviar_recordatorios.php"
[2025-05-20 23:16:40] Iniciando verificaciu00f3n de recordatorios. Hora actual: 23:16:40
[2025-05-20 23:16:40] Verificando recordatorios para: María García Martínez (elreibo30@gmail.com), Horario: 10:29:00 - 16:47:00
[2025-05-20 23:16:40] Verificando recordatorios para: Juan Pérez López (juan.perez@impulsatelecom.com), Horario: 09:00:00 - 18:00:00
[2025-05-20 23:16:40] Verificaciu00f3n de recordatorios finalizada
[2025-05-20 23:16:40] Script ejecutado correctamente
[2025-05-20 23:17:01] Verificación de recordatorios solicitada desde el frontend (versión mejorada)
[2025-05-20 23:17:01] INFO DIAGNÓSTICO: María configurada con hora entrada 10:29:00 - salida 16:47:00
[2025-05-20 23:17:01] Ejecutando comando: "C:\xampp\php\php.exe" "C:\xampp\htdocs\ImpulsaTelecom\backend\scripts\enviar_recordatorios.php"
[2025-05-20 23:17:01] Iniciando verificaciu00f3n de recordatorios. Hora actual: 23:17:01
[2025-05-20 23:17:01] Verificando recordatorios para: María García Martínez (elreibo30@gmail.com), Horario: 10:29:00 - 16:47:00
[2025-05-20 23:17:01] Verificando recordatorios para: Juan Pérez López (juan.perez@impulsatelecom.com), Horario: 09:00:00 - 18:00:00
[2025-05-20 23:17:01] Verificaciu00f3n de recordatorios finalizada
[2025-05-20 23:17:01] Script ejecutado correctamente
[2025-05-20 23:17:01] Verificación de recordatorios solicitada desde el frontend (versión mejorada)
[2025-05-20 23:17:01] INFO DIAGNÓSTICO: María configurada con hora entrada 10:29:00 - salida 16:47:00
[2025-05-20 23:17:01] Ejecutando comando: "C:\xampp\php\php.exe" "C:\xampp\htdocs\ImpulsaTelecom\backend\scripts\enviar_recordatorios.php"
[2025-05-20 23:17:01] Iniciando verificaciu00f3n de recordatorios. Hora actual: 23:17:01
[2025-05-20 23:17:01] Verificando recordatorios para: María García Martínez (elreibo30@gmail.com), Horario: 10:29:00 - 16:47:00
[2025-05-20 23:17:01] Verificando recordatorios para: Juan Pérez López (juan.perez@impulsatelecom.com), Horario: 09:00:00 - 18:00:00
[2025-05-20 23:17:01] Verificaciu00f3n de recordatorios finalizada
[2025-05-20 23:17:01] Script ejecutado correctamente
[2025-05-20 23:18:02] Verificación de recordatorios solicitada desde el frontend (versión mejorada)
[2025-05-20 23:18:02] INFO DIAGNÓSTICO: María configurada con hora entrada 10:29:00 - salida 16:47:00
[2025-05-20 23:18:02] Ejecutando comando: "C:\xampp\php\php.exe" "C:\xampp\htdocs\ImpulsaTelecom\backend\scripts\enviar_recordatorios.php"
[2025-05-20 23:18:02] Iniciando verificaciu00f3n de recordatorios. Hora actual: 23:18:02
[2025-05-20 23:18:02] Verificando recordatorios para: María García Martínez (elreibo30@gmail.com), Horario: 10:29:00 - 16:47:00
[2025-05-20 23:18:02] Verificando recordatorios para: Juan Pérez López (juan.perez@impulsatelecom.com), Horario: 09:00:00 - 18:00:00
[2025-05-20 23:18:02] Verificaciu00f3n de recordatorios finalizada
[2025-05-20 23:18:02] Script ejecutado correctamente
[2025-05-20 23:19:02] Verificación de recordatorios solicitada desde el frontend (versión mejorada)
[2025-05-20 23:19:02] INFO DIAGNÓSTICO: María configurada con hora entrada 10:29:00 - salida 16:47:00
[2025-05-20 23:19:02] Ejecutando comando: "C:\xampp\php\php.exe" "C:\xampp\htdocs\ImpulsaTelecom\backend\scripts\enviar_recordatorios.php"
[2025-05-20 23:19:02] Iniciando verificaciu00f3n de recordatorios. Hora actual: 23:19:02
[2025-05-20 23:19:02] Verificando recordatorios para: María García Martínez (elreibo30@gmail.com), Horario: 10:29:00 - 16:47:00
[2025-05-20 23:19:02] Verificando recordatorios para: Juan Pérez López (juan.perez@impulsatelecom.com), Horario: 09:00:00 - 18:00:00
[2025-05-20 23:19:02] Verificaciu00f3n de recordatorios finalizada
[2025-05-20 23:19:02] Script ejecutado correctamente
[2025-05-20 23:20:02] Verificación de recordatorios solicitada desde el frontend (versión mejorada)
[2025-05-20 23:20:02] INFO DIAGNÓSTICO: María configurada con hora entrada 10:29:00 - salida 16:47:00
[2025-05-20 23:20:02] Ejecutando comando: "C:\xampp\php\php.exe" "C:\xampp\htdocs\ImpulsaTelecom\backend\scripts\enviar_recordatorios.php"
[2025-05-20 23:20:02] Iniciando verificaciu00f3n de recordatorios. Hora actual: 23:20:02
[2025-05-20 23:20:02] Verificando recordatorios para: María García Martínez (elreibo30@gmail.com), Horario: 10:29:00 - 16:47:00
[2025-05-20 23:20:02] Verificando recordatorios para: Juan Pérez López (juan.perez@impulsatelecom.com), Horario: 09:00:00 - 18:00:00
[2025-05-20 23:20:02] Verificaciu00f3n de recordatorios finalizada
[2025-05-20 23:20:02] Script ejecutado correctamente
[2025-05-20 23:20:11] Verificación de recordatorios solicitada desde el frontend (versión mejorada)
[2025-05-20 23:20:11] INFO DIAGNÓSTICO: María configurada con hora entrada 10:29:00 - salida 16:47:00
[2025-05-20 23:20:11] Ejecutando comando: "C:\xampp\php\php.exe" "C:\xampp\htdocs\ImpulsaTelecom\backend\scripts\enviar_recordatorios.php"
[2025-05-20 23:20:11] Iniciando verificaciu00f3n de recordatorios. Hora actual: 23:20:11
[2025-05-20 23:20:11] Verificando recordatorios para: María García Martínez (elreibo30@gmail.com), Horario: 10:29:00 - 16:47:00
[2025-05-20 23:20:11] Verificando recordatorios para: Juan Pérez López (juan.perez@impulsatelecom.com), Horario: 09:00:00 - 18:00:00
[2025-05-20 23:20:11] Verificaciu00f3n de recordatorios finalizada
[2025-05-20 23:20:11] Script ejecutado correctamente
[2025-05-20 23:20:11] Verificación de recordatorios solicitada desde el frontend (versión mejorada)
[2025-05-20 23:20:11] INFO DIAGNÓSTICO: María configurada con hora entrada 10:29:00 - salida 16:47:00
[2025-05-20 23:20:11] Ejecutando comando: "C:\xampp\php\php.exe" "C:\xampp\htdocs\ImpulsaTelecom\backend\scripts\enviar_recordatorios.php"
[2025-05-20 23:20:11] Iniciando verificaciu00f3n de recordatorios. Hora actual: 23:20:11
[2025-05-20 23:20:11] Verificando recordatorios para: María García Martínez (elreibo30@gmail.com), Horario: 10:29:00 - 16:47:00
[2025-05-20 23:20:11] Verificando recordatorios para: Juan Pérez López (juan.perez@impulsatelecom.com), Horario: 09:00:00 - 18:00:00
[2025-05-20 23:20:11] Verificaciu00f3n de recordatorios finalizada
[2025-05-20 23:20:11] Script ejecutado correctamente
[2025-05-20 23:21:11] Verificación de recordatorios solicitada desde el frontend (versión mejorada)
[2025-05-20 23:21:11] INFO DIAGNÓSTICO: María configurada con hora entrada 10:29:00 - salida 16:47:00
[2025-05-20 23:21:11] Ejecutando comando: "C:\xampp\php\php.exe" "C:\xampp\htdocs\ImpulsaTelecom\backend\scripts\enviar_recordatorios.php"
[2025-05-20 23:21:11] Iniciando verificaciu00f3n de recordatorios. Hora actual: 23:21:11
[2025-05-20 23:21:11] Verificando recordatorios para: María García Martínez (elreibo30@gmail.com), Horario: 10:29:00 - 16:47:00
[2025-05-20 23:21:11] Verificando recordatorios para: Juan Pérez López (juan.perez@impulsatelecom.com), Horario: 09:00:00 - 18:00:00
[2025-05-20 23:21:11] Verificaciu00f3n de recordatorios finalizada
[2025-05-20 23:21:11] Script ejecutado correctamente
[2025-05-20 23:21:36] Verificación de recordatorios solicitada desde el frontend (versión mejorada)
[2025-05-20 23:21:36] INFO DIAGNÓSTICO: María configurada con hora entrada 10:29:00 - salida 16:47:00
[2025-05-20 23:21:36] Ejecutando comando: "C:\xampp\php\php.exe" "C:\xampp\htdocs\ImpulsaTelecom\backend\scripts\enviar_recordatorios.php"
[2025-05-20 23:21:36] Iniciando verificaciu00f3n de recordatorios. Hora actual: 23:21:36
[2025-05-20 23:21:36] Verificando recordatorios para: María García Martínez (elreibo30@gmail.com), Horario: 10:29:00 - 16:47:00
[2025-05-20 23:21:36] Verificando recordatorios para: Juan Pérez López (juan.perez@impulsatelecom.com), Horario: 09:00:00 - 18:00:00
[2025-05-20 23:21:36] Verificaciu00f3n de recordatorios finalizada
[2025-05-20 23:21:36] Script ejecutado correctamente
[2025-05-20 23:21:36] Verificación de recordatorios solicitada desde el frontend (versión mejorada)
[2025-05-20 23:21:36] INFO DIAGNÓSTICO: María configurada con hora entrada 10:29:00 - salida 16:47:00
[2025-05-20 23:21:36] Ejecutando comando: "C:\xampp\php\php.exe" "C:\xampp\htdocs\ImpulsaTelecom\backend\scripts\enviar_recordatorios.php"
[2025-05-20 23:21:36] Iniciando verificaciu00f3n de recordatorios. Hora actual: 23:21:36
[2025-05-20 23:21:36] Verificando recordatorios para: María García Martínez (elreibo30@gmail.com), Horario: 10:29:00 - 16:47:00
[2025-05-20 23:21:36] Verificando recordatorios para: Juan Pérez López (juan.perez@impulsatelecom.com), Horario: 09:00:00 - 18:00:00
[2025-05-20 23:21:36] Verificaciu00f3n de recordatorios finalizada
[2025-05-20 23:21:36] Script ejecutado correctamente
[2025-05-20 23:21:44] Verificación de recordatorios solicitada desde el frontend (versión mejorada)
[2025-05-20 23:21:44] INFO DIAGNÓSTICO: María configurada con hora entrada 10:29:00 - salida 16:47:00
[2025-05-20 23:21:44] Ejecutando comando: "C:\xampp\php\php.exe" "C:\xampp\htdocs\ImpulsaTelecom\backend\scripts\enviar_recordatorios.php"
[2025-05-20 23:21:44] Iniciando verificaciu00f3n de recordatorios. Hora actual: 23:21:44
[2025-05-20 23:21:44] Verificando recordatorios para: María García Martínez (elreibo30@gmail.com), Horario: 10:29:00 - 16:47:00
[2025-05-20 23:21:44] Verificando recordatorios para: Juan Pérez López (juan.perez@impulsatelecom.com), Horario: 09:00:00 - 18:00:00
[2025-05-20 23:21:44] Verificaciu00f3n de recordatorios finalizada
[2025-05-20 23:21:44] Script ejecutado correctamente
[2025-05-20 23:21:44] Verificación de recordatorios solicitada desde el frontend (versión mejorada)
[2025-05-20 23:21:44] INFO DIAGNÓSTICO: María configurada con hora entrada 10:29:00 - salida 16:47:00
[2025-05-20 23:21:44] Ejecutando comando: "C:\xampp\php\php.exe" "C:\xampp\htdocs\ImpulsaTelecom\backend\scripts\enviar_recordatorios.php"
[2025-05-20 23:21:44] Iniciando verificaciu00f3n de recordatorios. Hora actual: 23:21:44
[2025-05-20 23:21:44] Verificando recordatorios para: María García Martínez (elreibo30@gmail.com), Horario: 10:29:00 - 16:47:00
[2025-05-20 23:21:44] Verificando recordatorios para: Juan Pérez López (juan.perez@impulsatelecom.com), Horario: 09:00:00 - 18:00:00
[2025-05-20 23:21:44] Verificaciu00f3n de recordatorios finalizada
[2025-05-20 23:21:44] Script ejecutado correctamente
[2025-05-20 23:22:45] Verificación de recordatorios solicitada desde el frontend (versión mejorada)
[2025-05-20 23:22:45] INFO DIAGNÓSTICO: María configurada con hora entrada 10:29:00 - salida 16:47:00
[2025-05-20 23:22:45] Ejecutando comando: "C:\xampp\php\php.exe" "C:\xampp\htdocs\ImpulsaTelecom\backend\scripts\enviar_recordatorios.php"
[2025-05-20 23:22:45] Iniciando verificaciu00f3n de recordatorios. Hora actual: 23:22:45
[2025-05-20 23:22:45] Verificando recordatorios para: María García Martínez (elreibo30@gmail.com), Horario: 10:29:00 - 16:47:00
[2025-05-20 23:22:45] Verificando recordatorios para: Juan Pérez López (juan.perez@impulsatelecom.com), Horario: 09:00:00 - 18:00:00
[2025-05-20 23:22:45] Verificaciu00f3n de recordatorios finalizada
[2025-05-20 23:22:45] Script ejecutado correctamente
[2025-05-20 23:23:45] Verificación de recordatorios solicitada desde el frontend (versión mejorada)
[2025-05-20 23:23:45] INFO DIAGNÓSTICO: María configurada con hora entrada 10:29:00 - salida 16:47:00
[2025-05-20 23:23:45] Ejecutando comando: "C:\xampp\php\php.exe" "C:\xampp\htdocs\ImpulsaTelecom\backend\scripts\enviar_recordatorios.php"
[2025-05-20 23:23:45] Iniciando verificaciu00f3n de recordatorios. Hora actual: 23:23:45
[2025-05-20 23:23:45] Verificando recordatorios para: María García Martínez (elreibo30@gmail.com), Horario: 10:29:00 - 16:47:00
[2025-05-20 23:23:45] Verificando recordatorios para: Juan Pérez López (juan.perez@impulsatelecom.com), Horario: 09:00:00 - 18:00:00
[2025-05-20 23:23:45] Verificaciu00f3n de recordatorios finalizada
[2025-05-20 23:23:45] Script ejecutado correctamente
[2025-05-20 23:24:45] Verificación de recordatorios solicitada desde el frontend (versión mejorada)
[2025-05-20 23:24:45] INFO DIAGNÓSTICO: María configurada con hora entrada 10:29:00 - salida 16:47:00
[2025-05-20 23:24:45] Ejecutando comando: "C:\xampp\php\php.exe" "C:\xampp\htdocs\ImpulsaTelecom\backend\scripts\enviar_recordatorios.php"
[2025-05-20 23:24:45] Iniciando verificaciu00f3n de recordatorios. Hora actual: 23:24:45
[2025-05-20 23:24:45] Verificando recordatorios para: María García Martínez (elreibo30@gmail.com), Horario: 10:29:00 - 16:47:00
[2025-05-20 23:24:45] Verificando recordatorios para: Juan Pérez López (juan.perez@impulsatelecom.com), Horario: 09:00:00 - 18:00:00
[2025-05-20 23:24:45] Verificaciu00f3n de recordatorios finalizada
[2025-05-20 23:24:45] Script ejecutado correctamente
[2025-05-20 23:25:45] Verificación de recordatorios solicitada desde el frontend (versión mejorada)
[2025-05-20 23:25:45] INFO DIAGNÓSTICO: María configurada con hora entrada 10:29:00 - salida 16:47:00
[2025-05-20 23:25:45] Ejecutando comando: "C:\xampp\php\php.exe" "C:\xampp\htdocs\ImpulsaTelecom\backend\scripts\enviar_recordatorios.php"
[2025-05-20 23:25:45] Iniciando verificaciu00f3n de recordatorios. Hora actual: 23:25:45
[2025-05-20 23:25:45] Verificando recordatorios para: María García Martínez (elreibo30@gmail.com), Horario: 10:29:00 - 16:47:00
[2025-05-20 23:25:45] Verificando recordatorios para: Juan Pérez López (juan.perez@impulsatelecom.com), Horario: 09:00:00 - 18:00:00
[2025-05-20 23:25:45] Verificaciu00f3n de recordatorios finalizada
[2025-05-20 23:25:45] Script ejecutado correctamente
[2025-05-20 23:26:45] Verificación de recordatorios solicitada desde el frontend (versión mejorada)
[2025-05-20 23:26:45] INFO DIAGNÓSTICO: María configurada con hora entrada 10:29:00 - salida 16:47:00
[2025-05-20 23:26:45] Ejecutando comando: "C:\xampp\php\php.exe" "C:\xampp\htdocs\ImpulsaTelecom\backend\scripts\enviar_recordatorios.php"
[2025-05-20 23:26:45] Iniciando verificaciu00f3n de recordatorios. Hora actual: 23:26:45
[2025-05-20 23:26:45] Verificando recordatorios para: María García Martínez (elreibo30@gmail.com), Horario: 10:29:00 - 16:47:00
[2025-05-20 23:26:45] Verificando recordatorios para: Juan Pérez López (juan.perez@impulsatelecom.com), Horario: 09:00:00 - 18:00:00
[2025-05-20 23:26:45] Verificaciu00f3n de recordatorios finalizada
[2025-05-20 23:26:45] Script ejecutado correctamente
[2025-05-20 23:27:45] Verificación de recordatorios solicitada desde el frontend (versión mejorada)
[2025-05-20 23:27:45] INFO DIAGNÓSTICO: María configurada con hora entrada 10:29:00 - salida 16:47:00
[2025-05-20 23:27:45] Ejecutando comando: "C:\xampp\php\php.exe" "C:\xampp\htdocs\ImpulsaTelecom\backend\scripts\enviar_recordatorios.php"
[2025-05-20 23:27:45] Iniciando verificaciu00f3n de recordatorios. Hora actual: 23:27:45
[2025-05-20 23:27:45] Verificando recordatorios para: María García Martínez (elreibo30@gmail.com), Horario: 10:29:00 - 16:47:00
[2025-05-20 23:27:45] Verificando recordatorios para: Juan Pérez López (juan.perez@impulsatelecom.com), Horario: 09:00:00 - 18:00:00
[2025-05-20 23:27:45] Verificaciu00f3n de recordatorios finalizada
[2025-05-20 23:27:45] Script ejecutado correctamente
[2025-05-20 23:28:22] Verificación de recordatorios solicitada desde el frontend (versión mejorada)
[2025-05-20 23:28:22] INFO DIAGNÓSTICO: María configurada con hora entrada 10:29:00 - salida 16:47:00
[2025-05-20 23:28:22] Ejecutando comando: "C:\xampp\php\php.exe" "C:\xampp\htdocs\ImpulsaTelecom\backend\scripts\enviar_recordatorios.php"
[2025-05-20 23:28:23] Iniciando verificaciu00f3n de recordatorios. Hora actual: 23:28:23
[2025-05-20 23:28:23] Verificando recordatorios para: María García Martínez (elreibo30@gmail.com), Horario: 10:29:00 - 16:47:00
[2025-05-20 23:28:23] Verificando recordatorios para: Juan Pérez López (juan.perez@impulsatelecom.com), Horario: 09:00:00 - 18:00:00
[2025-05-20 23:28:23] Verificaciu00f3n de recordatorios finalizada
[2025-05-20 23:28:23] Script ejecutado correctamente
[2025-05-20 23:28:23] Verificación de recordatorios solicitada desde el frontend (versión mejorada)
[2025-05-20 23:28:23] INFO DIAGNÓSTICO: María configurada con hora entrada 10:29:00 - salida 16:47:00
[2025-05-20 23:28:23] Ejecutando comando: "C:\xampp\php\php.exe" "C:\xampp\htdocs\ImpulsaTelecom\backend\scripts\enviar_recordatorios.php"
[2025-05-20 23:28:23] Iniciando verificaciu00f3n de recordatorios. Hora actual: 23:28:23
[2025-05-20 23:28:23] Verificando recordatorios para: María García Martínez (elreibo30@gmail.com), Horario: 10:29:00 - 16:47:00
[2025-05-20 23:28:23] Verificando recordatorios para: Juan Pérez López (juan.perez@impulsatelecom.com), Horario: 09:00:00 - 18:00:00
[2025-05-20 23:28:23] Verificaciu00f3n de recordatorios finalizada
[2025-05-20 23:28:23] Script ejecutado correctamente
[2025-05-20 23:28:37] Verificación de recordatorios solicitada desde el frontend (versión mejorada)
[2025-05-20 23:28:37] INFO DIAGNÓSTICO: María configurada con hora entrada 10:29:00 - salida 16:47:00
[2025-05-20 23:28:37] Ejecutando comando: "C:\xampp\php\php.exe" "C:\xampp\htdocs\ImpulsaTelecom\backend\scripts\enviar_recordatorios.php"
[2025-05-20 23:28:38] Iniciando verificaciu00f3n de recordatorios. Hora actual: 23:28:38
[2025-05-20 23:28:38] Verificando recordatorios para: María García Martínez (elreibo30@gmail.com), Horario: 10:29:00 - 16:47:00
[2025-05-20 23:28:38] Verificando recordatorios para: Juan Pérez López (juan.perez@impulsatelecom.com), Horario: 09:00:00 - 18:00:00
[2025-05-20 23:28:38] Verificaciu00f3n de recordatorios finalizada
[2025-05-20 23:28:38] Script ejecutado correctamente
[2025-05-20 23:28:38] Verificación de recordatorios solicitada desde el frontend (versión mejorada)
[2025-05-20 23:28:38] INFO DIAGNÓSTICO: María configurada con hora entrada 10:29:00 - salida 16:47:00
[2025-05-20 23:28:38] Ejecutando comando: "C:\xampp\php\php.exe" "C:\xampp\htdocs\ImpulsaTelecom\backend\scripts\enviar_recordatorios.php"
[2025-05-20 23:28:38] Iniciando verificaciu00f3n de recordatorios. Hora actual: 23:28:38
[2025-05-20 23:28:38] Verificando recordatorios para: María García Martínez (elreibo30@gmail.com), Horario: 10:29:00 - 16:47:00
[2025-05-20 23:28:38] Verificando recordatorios para: Juan Pérez López (juan.perez@impulsatelecom.com), Horario: 09:00:00 - 18:00:00
[2025-05-20 23:28:38] Verificaciu00f3n de recordatorios finalizada
[2025-05-20 23:28:38] Script ejecutado correctamente
[2025-05-20 23:29:38] Verificación de recordatorios solicitada desde el frontend (versión mejorada)
[2025-05-20 23:29:38] INFO DIAGNÓSTICO: María configurada con hora entrada 10:29:00 - salida 16:47:00
[2025-05-20 23:29:38] Ejecutando comando: "C:\xampp\php\php.exe" "C:\xampp\htdocs\ImpulsaTelecom\backend\scripts\enviar_recordatorios.php"
[2025-05-20 23:29:38] Iniciando verificaciu00f3n de recordatorios. Hora actual: 23:29:38
[2025-05-20 23:29:38] Verificando recordatorios para: María García Martínez (elreibo30@gmail.com), Horario: 10:29:00 - 16:47:00
[2025-05-20 23:29:38] Verificando recordatorios para: Juan Pérez López (juan.perez@impulsatelecom.com), Horario: 09:00:00 - 18:00:00
[2025-05-20 23:29:38] Verificaciu00f3n de recordatorios finalizada
[2025-05-20 23:29:38] Script ejecutado correctamente
[2025-05-20 23:30:38] Verificación de recordatorios solicitada desde el frontend (versión mejorada)
[2025-05-20 23:30:38] INFO DIAGNÓSTICO: María configurada con hora entrada 10:29:00 - salida 16:47:00
[2025-05-20 23:30:38] Ejecutando comando: "C:\xampp\php\php.exe" "C:\xampp\htdocs\ImpulsaTelecom\backend\scripts\enviar_recordatorios.php"
[2025-05-20 23:30:38] Iniciando verificaciu00f3n de recordatorios. Hora actual: 23:30:38
[2025-05-20 23:30:38] Verificando recordatorios para: María García Martínez (elreibo30@gmail.com), Horario: 10:29:00 - 16:47:00
[2025-05-20 23:30:38] Verificando recordatorios para: Juan Pérez López (juan.perez@impulsatelecom.com), Horario: 09:00:00 - 18:00:00
[2025-05-20 23:30:38] Verificaciu00f3n de recordatorios finalizada
[2025-05-20 23:30:38] Script ejecutado correctamente
[2025-05-20 23:32:26] Verificación de recordatorios solicitada desde el frontend (versión mejorada)
[2025-05-20 23:32:26] INFO DIAGNÓSTICO: María configurada con hora entrada 10:29:00 - salida 16:47:00
[2025-05-20 23:32:26] Ejecutando comando: "C:\xampp\php\php.exe" "C:\xampp\htdocs\ImpulsaTelecom\backend\scripts\enviar_recordatorios.php"
[2025-05-20 23:32:27] Iniciando verificaciu00f3n de recordatorios. Hora actual: 23:32:27
[2025-05-20 23:32:27] Verificando recordatorios para: María García Martínez (elreibo30@gmail.com), Horario: 10:29:00 - 16:47:00
[2025-05-20 23:32:27] Verificando recordatorios para: Juan Pérez López (juan.perez@impulsatelecom.com), Horario: 09:00:00 - 18:00:00
[2025-05-20 23:32:27] Verificaciu00f3n de recordatorios finalizada
[2025-05-20 23:32:27] Script ejecutado correctamente
[2025-05-20 23:32:27] Verificación de recordatorios solicitada desde el frontend (versión mejorada)
[2025-05-20 23:32:27] INFO DIAGNÓSTICO: María configurada con hora entrada 10:29:00 - salida 16:47:00
[2025-05-20 23:32:27] Ejecutando comando: "C:\xampp\php\php.exe" "C:\xampp\htdocs\ImpulsaTelecom\backend\scripts\enviar_recordatorios.php"
[2025-05-20 23:32:27] Iniciando verificaciu00f3n de recordatorios. Hora actual: 23:32:27
[2025-05-20 23:32:27] Verificando recordatorios para: María García Martínez (elreibo30@gmail.com), Horario: 10:29:00 - 16:47:00
[2025-05-20 23:32:27] Verificando recordatorios para: Juan Pérez López (juan.perez@impulsatelecom.com), Horario: 09:00:00 - 18:00:00
[2025-05-20 23:32:27] Verificaciu00f3n de recordatorios finalizada
[2025-05-20 23:32:27] Script ejecutado correctamente
[2025-05-20 23:33:27] Verificación de recordatorios solicitada desde el frontend (versión mejorada)
[2025-05-20 23:33:27] INFO DIAGNÓSTICO: María configurada con hora entrada 10:29:00 - salida 16:47:00
[2025-05-20 23:33:27] Ejecutando comando: "C:\xampp\php\php.exe" "C:\xampp\htdocs\ImpulsaTelecom\backend\scripts\enviar_recordatorios.php"
[2025-05-20 23:33:27] Iniciando verificaciu00f3n de recordatorios. Hora actual: 23:33:27
[2025-05-20 23:33:27] Verificando recordatorios para: María García Martínez (elreibo30@gmail.com), Horario: 10:29:00 - 16:47:00
[2025-05-20 23:33:27] Verificando recordatorios para: Juan Pérez López (juan.perez@impulsatelecom.com), Horario: 09:00:00 - 18:00:00
[2025-05-20 23:33:27] Verificaciu00f3n de recordatorios finalizada
[2025-05-20 23:33:27] Script ejecutado correctamente
[2025-05-20 23:34:27] Verificación de recordatorios solicitada desde el frontend (versión mejorada)
[2025-05-20 23:34:27] INFO DIAGNÓSTICO: María configurada con hora entrada 10:29:00 - salida 16:47:00
[2025-05-20 23:34:27] Ejecutando comando: "C:\xampp\php\php.exe" "C:\xampp\htdocs\ImpulsaTelecom\backend\scripts\enviar_recordatorios.php"
[2025-05-20 23:34:27] Iniciando verificaciu00f3n de recordatorios. Hora actual: 23:34:27
[2025-05-20 23:34:27] Verificando recordatorios para: María García Martínez (elreibo30@gmail.com), Horario: 10:29:00 - 16:47:00
[2025-05-20 23:34:27] Verificando recordatorios para: Juan Pérez López (juan.perez@impulsatelecom.com), Horario: 09:00:00 - 18:00:00
[2025-05-20 23:34:27] Verificaciu00f3n de recordatorios finalizada
[2025-05-20 23:34:27] Script ejecutado correctamente
[2025-05-20 23:34:31] Verificación de recordatorios solicitada desde el frontend (versión mejorada)
[2025-05-20 23:34:31] INFO DIAGNÓSTICO: María configurada con hora entrada 10:29:00 - salida 16:47:00
[2025-05-20 23:34:31] Ejecutando comando: "C:\xampp\php\php.exe" "C:\xampp\htdocs\ImpulsaTelecom\backend\scripts\enviar_recordatorios.php"
[2025-05-20 23:34:31] Iniciando verificaciu00f3n de recordatorios. Hora actual: 23:34:31
[2025-05-20 23:34:31] Verificando recordatorios para: María García Martínez (elreibo30@gmail.com), Horario: 10:29:00 - 16:47:00
[2025-05-20 23:34:31] Verificando recordatorios para: Juan Pérez López (juan.perez@impulsatelecom.com), Horario: 09:00:00 - 18:00:00
[2025-05-20 23:34:31] Verificaciu00f3n de recordatorios finalizada
[2025-05-20 23:34:31] Script ejecutado correctamente
[2025-05-20 23:34:31] Verificación de recordatorios solicitada desde el frontend (versión mejorada)
[2025-05-20 23:34:31] INFO DIAGNÓSTICO: María configurada con hora entrada 10:29:00 - salida 16:47:00
[2025-05-20 23:34:31] Ejecutando comando: "C:\xampp\php\php.exe" "C:\xampp\htdocs\ImpulsaTelecom\backend\scripts\enviar_recordatorios.php"
[2025-05-20 23:34:31] Iniciando verificaciu00f3n de recordatorios. Hora actual: 23:34:31
[2025-05-20 23:34:31] Verificando recordatorios para: María García Martínez (elreibo30@gmail.com), Horario: 10:29:00 - 16:47:00
[2025-05-20 23:34:31] Verificando recordatorios para: Juan Pérez López (juan.perez@impulsatelecom.com), Horario: 09:00:00 - 18:00:00
[2025-05-20 23:34:31] Verificaciu00f3n de recordatorios finalizada
[2025-05-20 23:34:31] Script ejecutado correctamente
[2025-05-20 23:35:32] Verificación de recordatorios solicitada desde el frontend (versión mejorada)
[2025-05-20 23:35:32] INFO DIAGNÓSTICO: María configurada con hora entrada 10:29:00 - salida 16:47:00
[2025-05-20 23:35:32] Ejecutando comando: "C:\xampp\php\php.exe" "C:\xampp\htdocs\ImpulsaTelecom\backend\scripts\enviar_recordatorios.php"
[2025-05-20 23:35:32] Iniciando verificaciu00f3n de recordatorios. Hora actual: 23:35:32
[2025-05-20 23:35:32] Verificando recordatorios para: María García Martínez (elreibo30@gmail.com), Horario: 10:29:00 - 16:47:00
[2025-05-20 23:35:32] Verificando recordatorios para: Juan Pérez López (juan.perez@impulsatelecom.com), Horario: 09:00:00 - 18:00:00
[2025-05-20 23:35:32] Verificaciu00f3n de recordatorios finalizada
[2025-05-20 23:35:32] Script ejecutado correctamente
[2025-05-20 23:36:32] Verificación de recordatorios solicitada desde el frontend (versión mejorada)
[2025-05-20 23:36:32] INFO DIAGNÓSTICO: María configurada con hora entrada 10:29:00 - salida 16:47:00
[2025-05-20 23:36:32] Ejecutando comando: "C:\xampp\php\php.exe" "C:\xampp\htdocs\ImpulsaTelecom\backend\scripts\enviar_recordatorios.php"
[2025-05-20 23:36:32] Iniciando verificaciu00f3n de recordatorios. Hora actual: 23:36:32
[2025-05-20 23:36:32] Verificando recordatorios para: María García Martínez (elreibo30@gmail.com), Horario: 10:29:00 - 16:47:00
[2025-05-20 23:36:32] Verificando recordatorios para: Juan Pérez López (juan.perez@impulsatelecom.com), Horario: 09:00:00 - 18:00:00
[2025-05-20 23:36:32] Verificaciu00f3n de recordatorios finalizada
[2025-05-20 23:36:32] Script ejecutado correctamente
[2025-05-20 23:37:32] Verificación de recordatorios solicitada desde el frontend (versión mejorada)
[2025-05-20 23:37:32] INFO DIAGNÓSTICO: María configurada con hora entrada 10:29:00 - salida 16:47:00
[2025-05-20 23:37:32] Ejecutando comando: "C:\xampp\php\php.exe" "C:\xampp\htdocs\ImpulsaTelecom\backend\scripts\enviar_recordatorios.php"
[2025-05-20 23:37:32] Iniciando verificaciu00f3n de recordatorios. Hora actual: 23:37:32
[2025-05-20 23:37:32] Verificando recordatorios para: María García Martínez (elreibo30@gmail.com), Horario: 10:29:00 - 16:47:00
[2025-05-20 23:37:32] Verificando recordatorios para: Juan Pérez López (juan.perez@impulsatelecom.com), Horario: 09:00:00 - 18:00:00
[2025-05-20 23:37:32] Verificaciu00f3n de recordatorios finalizada
[2025-05-20 23:37:32] Script ejecutado correctamente
[2025-05-20 23:38:07] Verificación de recordatorios solicitada desde el frontend (versión mejorada)
[2025-05-20 23:38:07] INFO DIAGNÓSTICO: María configurada con hora entrada 10:29:00 - salida 16:47:00
[2025-05-20 23:38:07] Ejecutando comando: "C:\xampp\php\php.exe" "C:\xampp\htdocs\ImpulsaTelecom\backend\scripts\enviar_recordatorios.php"
[2025-05-20 23:38:07] Iniciando verificaciu00f3n de recordatorios. Hora actual: 23:38:07
[2025-05-20 23:38:07] Verificando recordatorios para: María García Martínez (elreibo30@gmail.com), Horario: 10:29:00 - 16:47:00
[2025-05-20 23:38:07] Verificando recordatorios para: Juan Pérez López (juan.perez@impulsatelecom.com), Horario: 09:00:00 - 18:00:00
[2025-05-20 23:38:07] Verificaciu00f3n de recordatorios finalizada
[2025-05-20 23:38:07] Script ejecutado correctamente
[2025-05-20 23:38:07] Verificación de recordatorios solicitada desde el frontend (versión mejorada)
[2025-05-20 23:38:07] INFO DIAGNÓSTICO: María configurada con hora entrada 10:29:00 - salida 16:47:00
[2025-05-20 23:38:07] Ejecutando comando: "C:\xampp\php\php.exe" "C:\xampp\htdocs\ImpulsaTelecom\backend\scripts\enviar_recordatorios.php"
[2025-05-20 23:38:07] Iniciando verificaciu00f3n de recordatorios. Hora actual: 23:38:07
[2025-05-20 23:38:07] Verificando recordatorios para: María García Martínez (elreibo30@gmail.com), Horario: 10:29:00 - 16:47:00
[2025-05-20 23:38:07] Verificando recordatorios para: Juan Pérez López (juan.perez@impulsatelecom.com), Horario: 09:00:00 - 18:00:00
[2025-05-20 23:38:07] Verificaciu00f3n de recordatorios finalizada
[2025-05-20 23:38:07] Script ejecutado correctamente
[2025-05-20 23:39:07] Verificación de recordatorios solicitada desde el frontend (versión mejorada)
[2025-05-20 23:39:07] INFO DIAGNÓSTICO: María configurada con hora entrada 10:29:00 - salida 16:47:00
[2025-05-20 23:39:07] Ejecutando comando: "C:\xampp\php\php.exe" "C:\xampp\htdocs\ImpulsaTelecom\backend\scripts\enviar_recordatorios.php"
[2025-05-20 23:39:07] Iniciando verificaciu00f3n de recordatorios. Hora actual: 23:39:07
[2025-05-20 23:39:07] Verificando recordatorios para: María García Martínez (elreibo30@gmail.com), Horario: 10:29:00 - 16:47:00
[2025-05-20 23:39:07] Verificando recordatorios para: Juan Pérez López (juan.perez@impulsatelecom.com), Horario: 09:00:00 - 18:00:00
[2025-05-20 23:39:07] Verificaciu00f3n de recordatorios finalizada
[2025-05-20 23:39:07] Script ejecutado correctamente
[2025-05-20 23:40:07] Verificación de recordatorios solicitada desde el frontend (versión mejorada)
[2025-05-20 23:40:07] INFO DIAGNÓSTICO: María configurada con hora entrada 10:29:00 - salida 16:47:00
[2025-05-20 23:40:07] Ejecutando comando: "C:\xampp\php\php.exe" "C:\xampp\htdocs\ImpulsaTelecom\backend\scripts\enviar_recordatorios.php"
[2025-05-20 23:40:07] Iniciando verificaciu00f3n de recordatorios. Hora actual: 23:40:07
[2025-05-20 23:40:07] Verificando recordatorios para: María García Martínez (elreibo30@gmail.com), Horario: 10:29:00 - 16:47:00
[2025-05-20 23:40:07] Verificando recordatorios para: Juan Pérez López (juan.perez@impulsatelecom.com), Horario: 09:00:00 - 18:00:00
[2025-05-20 23:40:07] Verificaciu00f3n de recordatorios finalizada
[2025-05-20 23:40:07] Script ejecutado correctamente
[2025-05-20 23:41:07] Verificación de recordatorios solicitada desde el frontend (versión mejorada)
[2025-05-20 23:41:07] INFO DIAGNÓSTICO: María configurada con hora entrada 10:29:00 - salida 16:47:00
[2025-05-20 23:41:07] Ejecutando comando: "C:\xampp\php\php.exe" "C:\xampp\htdocs\ImpulsaTelecom\backend\scripts\enviar_recordatorios.php"
[2025-05-20 23:41:07] Iniciando verificaciu00f3n de recordatorios. Hora actual: 23:41:07
[2025-05-20 23:41:07] Verificando recordatorios para: María García Martínez (elreibo30@gmail.com), Horario: 10:29:00 - 16:47:00
[2025-05-20 23:41:07] Verificando recordatorios para: Juan Pérez López (juan.perez@impulsatelecom.com), Horario: 09:00:00 - 18:00:00
[2025-05-20 23:41:07] Verificaciu00f3n de recordatorios finalizada
[2025-05-20 23:41:07] Script ejecutado correctamente
[2025-05-20 23:42:07] Verificación de recordatorios solicitada desde el frontend (versión mejorada)
[2025-05-20 23:42:07] INFO DIAGNÓSTICO: María configurada con hora entrada 10:29:00 - salida 16:47:00
[2025-05-20 23:42:07] Ejecutando comando: "C:\xampp\php\php.exe" "C:\xampp\htdocs\ImpulsaTelecom\backend\scripts\enviar_recordatorios.php"
[2025-05-20 23:42:07] Iniciando verificaciu00f3n de recordatorios. Hora actual: 23:42:07
[2025-05-20 23:42:07] Verificando recordatorios para: María García Martínez (elreibo30@gmail.com), Horario: 10:29:00 - 16:47:00
[2025-05-20 23:42:07] Verificando recordatorios para: Juan Pérez López (juan.perez@impulsatelecom.com), Horario: 09:00:00 - 18:00:00
[2025-05-20 23:42:07] Verificaciu00f3n de recordatorios finalizada
[2025-05-20 23:42:07] Script ejecutado correctamente
[2025-05-20 23:42:27] Verificación de recordatorios solicitada desde el frontend (versión mejorada)
[2025-05-20 23:42:27] INFO DIAGNÓSTICO: María configurada con hora entrada 10:29:00 - salida 16:47:00
[2025-05-20 23:42:27] Ejecutando comando: "C:\xampp\php\php.exe" "C:\xampp\htdocs\ImpulsaTelecom\backend\scripts\enviar_recordatorios.php"
[2025-05-20 23:42:27] Iniciando verificaciu00f3n de recordatorios. Hora actual: 23:42:27
[2025-05-20 23:42:27] Verificando recordatorios para: María García Martínez (elreibo30@gmail.com), Horario: 10:29:00 - 16:47:00
[2025-05-20 23:42:27] Verificando recordatorios para: Juan Pérez López (juan.perez@impulsatelecom.com), Horario: 09:00:00 - 18:00:00
[2025-05-20 23:42:27] Verificaciu00f3n de recordatorios finalizada
[2025-05-20 23:42:27] Script ejecutado correctamente
[2025-05-20 23:42:27] Verificación de recordatorios solicitada desde el frontend (versión mejorada)
[2025-05-20 23:42:27] INFO DIAGNÓSTICO: María configurada con hora entrada 10:29:00 - salida 16:47:00
[2025-05-20 23:42:27] Ejecutando comando: "C:\xampp\php\php.exe" "C:\xampp\htdocs\ImpulsaTelecom\backend\scripts\enviar_recordatorios.php"
[2025-05-20 23:42:27] Iniciando verificaciu00f3n de recordatorios. Hora actual: 23:42:27
[2025-05-20 23:42:27] Verificando recordatorios para: María García Martínez (elreibo30@gmail.com), Horario: 10:29:00 - 16:47:00
[2025-05-20 23:42:27] Verificando recordatorios para: Juan Pérez López (juan.perez@impulsatelecom.com), Horario: 09:00:00 - 18:00:00
[2025-05-20 23:42:27] Verificaciu00f3n de recordatorios finalizada
[2025-05-20 23:42:27] Script ejecutado correctamente
[2025-05-20 23:43:27] Verificación de recordatorios solicitada desde el frontend (versión mejorada)
[2025-05-20 23:43:27] INFO DIAGNÓSTICO: María configurada con hora entrada 10:29:00 - salida 16:47:00
[2025-05-20 23:43:27] Ejecutando comando: "C:\xampp\php\php.exe" "C:\xampp\htdocs\ImpulsaTelecom\backend\scripts\enviar_recordatorios.php"
[2025-05-20 23:43:27] Iniciando verificaciu00f3n de recordatorios. Hora actual: 23:43:27
[2025-05-20 23:43:27] Verificando recordatorios para: María García Martínez (elreibo30@gmail.com), Horario: 10:29:00 - 16:47:00
[2025-05-20 23:43:27] Verificando recordatorios para: Juan Pérez López (juan.perez@impulsatelecom.com), Horario: 09:00:00 - 18:00:00
[2025-05-20 23:43:27] Verificaciu00f3n de recordatorios finalizada
[2025-05-20 23:43:27] Script ejecutado correctamente
[2025-05-20 23:44:28] Verificación de recordatorios solicitada desde el frontend (versión mejorada)
[2025-05-20 23:44:28] INFO DIAGNÓSTICO: María configurada con hora entrada 10:29:00 - salida 16:47:00
[2025-05-20 23:44:28] Ejecutando comando: "C:\xampp\php\php.exe" "C:\xampp\htdocs\ImpulsaTelecom\backend\scripts\enviar_recordatorios.php"
[2025-05-20 23:44:28] Iniciando verificaciu00f3n de recordatorios. Hora actual: 23:44:28
[2025-05-20 23:44:28] Verificando recordatorios para: María García Martínez (elreibo30@gmail.com), Horario: 10:29:00 - 16:47:00
[2025-05-20 23:44:28] Verificando recordatorios para: Juan Pérez López (juan.perez@impulsatelecom.com), Horario: 09:00:00 - 18:00:00
[2025-05-20 23:44:28] Verificaciu00f3n de recordatorios finalizada
[2025-05-20 23:44:28] Script ejecutado correctamente
[2025-05-20 23:45:28] Verificación de recordatorios solicitada desde el frontend (versión mejorada)
[2025-05-20 23:45:28] INFO DIAGNÓSTICO: María configurada con hora entrada 10:29:00 - salida 16:47:00
[2025-05-20 23:45:28] Ejecutando comando: "C:\xampp\php\php.exe" "C:\xampp\htdocs\ImpulsaTelecom\backend\scripts\enviar_recordatorios.php"
[2025-05-20 23:45:28] Iniciando verificaciu00f3n de recordatorios. Hora actual: 23:45:28
[2025-05-20 23:45:28] Verificando recordatorios para: María García Martínez (elreibo30@gmail.com), Horario: 10:29:00 - 16:47:00
[2025-05-20 23:45:28] Verificando recordatorios para: Juan Pérez López (juan.perez@impulsatelecom.com), Horario: 09:00:00 - 18:00:00
[2025-05-20 23:45:28] Verificaciu00f3n de recordatorios finalizada
[2025-05-20 23:45:28] Script ejecutado correctamente
[2025-05-20 23:46:28] Verificación de recordatorios solicitada desde el frontend (versión mejorada)
[2025-05-20 23:46:28] INFO DIAGNÓSTICO: María configurada con hora entrada 10:29:00 - salida 16:47:00
[2025-05-20 23:46:28] Ejecutando comando: "C:\xampp\php\php.exe" "C:\xampp\htdocs\ImpulsaTelecom\backend\scripts\enviar_recordatorios.php"
[2025-05-20 23:46:28] Iniciando verificaciu00f3n de recordatorios. Hora actual: 23:46:28
[2025-05-20 23:46:28] Verificando recordatorios para: María García Martínez (elreibo30@gmail.com), Horario: 10:29:00 - 16:47:00
[2025-05-20 23:46:28] Verificando recordatorios para: Juan Pérez López (juan.perez@impulsatelecom.com), Horario: 09:00:00 - 18:00:00
[2025-05-20 23:46:28] Verificaciu00f3n de recordatorios finalizada
[2025-05-20 23:46:28] Script ejecutado correctamente
[2025-05-20 23:47:27] Verificación de recordatorios solicitada desde el frontend (versión mejorada)
[2025-05-20 23:47:27] INFO DIAGNÓSTICO: María configurada con hora entrada 10:29:00 - salida 16:47:00
[2025-05-20 23:47:27] Ejecutando comando: "C:\xampp\php\php.exe" "C:\xampp\htdocs\ImpulsaTelecom\backend\scripts\enviar_recordatorios.php"
[2025-05-20 23:47:27] Iniciando verificaciu00f3n de recordatorios. Hora actual: 23:47:27
[2025-05-20 23:47:27] Verificando recordatorios para: María García Martínez (elreibo30@gmail.com), Horario: 10:29:00 - 16:47:00
[2025-05-20 23:47:27] Verificando recordatorios para: Juan Pérez López (juan.perez@impulsatelecom.com), Horario: 09:00:00 - 18:00:00
[2025-05-20 23:47:27] Verificaciu00f3n de recordatorios finalizada
[2025-05-20 23:47:27] Script ejecutado correctamente
[2025-05-20 23:48:28] Verificación de recordatorios solicitada desde el frontend (versión mejorada)
[2025-05-20 23:48:28] INFO DIAGNÓSTICO: María configurada con hora entrada 10:29:00 - salida 16:47:00
[2025-05-20 23:48:28] Ejecutando comando: "C:\xampp\php\php.exe" "C:\xampp\htdocs\ImpulsaTelecom\backend\scripts\enviar_recordatorios.php"
[2025-05-20 23:48:28] Iniciando verificaciu00f3n de recordatorios. Hora actual: 23:48:28
[2025-05-20 23:48:28] Verificando recordatorios para: María García Martínez (elreibo30@gmail.com), Horario: 10:29:00 - 16:47:00
[2025-05-20 23:48:28] Verificando recordatorios para: Juan Pérez López (juan.perez@impulsatelecom.com), Horario: 09:00:00 - 18:00:00
[2025-05-20 23:48:28] Verificaciu00f3n de recordatorios finalizada
[2025-05-20 23:48:28] Script ejecutado correctamente
[2025-05-20 23:49:45] Verificación de recordatorios solicitada desde el frontend (versión mejorada)
[2025-05-20 23:49:45] INFO DIAGNÓSTICO: María configurada con hora entrada 10:29:00 - salida 16:47:00
[2025-05-20 23:49:45] Ejecutando comando: "C:\xampp\php\php.exe" "C:\xampp\htdocs\ImpulsaTelecom\backend\scripts\enviar_recordatorios.php"
[2025-05-20 23:49:45] Iniciando verificaciu00f3n de recordatorios. Hora actual: 23:49:45
[2025-05-20 23:49:45] Verificando recordatorios para: María García Martínez (elreibo30@gmail.com), Horario: 10:29:00 - 16:47:00
[2025-05-20 23:49:45] Verificando recordatorios para: Juan Pérez López (juan.perez@impulsatelecom.com), Horario: 09:00:00 - 18:00:00
[2025-05-20 23:49:45] Verificaciu00f3n de recordatorios finalizada
[2025-05-20 23:49:45] Script ejecutado correctamente
[2025-05-20 23:50:45] Verificación de recordatorios solicitada desde el frontend (versión mejorada)
[2025-05-20 23:50:45] INFO DIAGNÓSTICO: María configurada con hora entrada 10:29:00 - salida 16:47:00
[2025-05-20 23:50:45] Ejecutando comando: "C:\xampp\php\php.exe" "C:\xampp\htdocs\ImpulsaTelecom\backend\scripts\enviar_recordatorios.php"
[2025-05-20 23:50:45] Iniciando verificaciu00f3n de recordatorios. Hora actual: 23:50:45
[2025-05-20 23:50:45] Verificando recordatorios para: María García Martínez (elreibo30@gmail.com), Horario: 10:29:00 - 16:47:00
[2025-05-20 23:50:45] Verificando recordatorios para: Juan Pérez López (juan.perez@impulsatelecom.com), Horario: 09:00:00 - 18:00:00
[2025-05-20 23:50:45] Verificaciu00f3n de recordatorios finalizada
[2025-05-20 23:50:45] Script ejecutado correctamente
[2025-05-20 23:51:24] Verificación de recordatorios solicitada desde el frontend (versión mejorada)
[2025-05-20 23:51:24] INFO DIAGNÓSTICO: María configurada con hora entrada 10:29:00 - salida 16:47:00
[2025-05-20 23:51:24] Ejecutando comando: "C:\xampp\php\php.exe" "C:\xampp\htdocs\ImpulsaTelecom\backend\scripts\enviar_recordatorios.php"
[2025-05-20 23:51:24] Iniciando verificaciu00f3n de recordatorios. Hora actual: 23:51:24
[2025-05-20 23:51:24] Verificando recordatorios para: María García Martínez (elreibo30@gmail.com), Horario: 10:29:00 - 16:47:00
[2025-05-20 23:51:24] Verificando recordatorios para: Juan Pérez López (juan.perez@impulsatelecom.com), Horario: 09:00:00 - 18:00:00
[2025-05-20 23:51:24] Verificaciu00f3n de recordatorios finalizada
[2025-05-20 23:51:24] Script ejecutado correctamente
[2025-05-20 23:51:24] Verificación de recordatorios solicitada desde el frontend (versión mejorada)
[2025-05-20 23:51:24] INFO DIAGNÓSTICO: María configurada con hora entrada 10:29:00 - salida 16:47:00
[2025-05-20 23:51:24] Ejecutando comando: "C:\xampp\php\php.exe" "C:\xampp\htdocs\ImpulsaTelecom\backend\scripts\enviar_recordatorios.php"
[2025-05-20 23:51:24] Iniciando verificaciu00f3n de recordatorios. Hora actual: 23:51:24
[2025-05-20 23:51:24] Verificando recordatorios para: María García Martínez (elreibo30@gmail.com), Horario: 10:29:00 - 16:47:00
[2025-05-20 23:51:24] Verificando recordatorios para: Juan Pérez López (juan.perez@impulsatelecom.com), Horario: 09:00:00 - 18:00:00
[2025-05-20 23:51:24] Verificaciu00f3n de recordatorios finalizada
[2025-05-20 23:51:24] Script ejecutado correctamente
[2025-05-20 23:51:47] Verificación de recordatorios solicitada desde el frontend (versión mejorada)
[2025-05-20 23:51:47] INFO DIAGNÓSTICO: María configurada con hora entrada 10:29:00 - salida 16:47:00
[2025-05-20 23:51:47] Ejecutando comando: "C:\xampp\php\php.exe" "C:\xampp\htdocs\ImpulsaTelecom\backend\scripts\enviar_recordatorios.php"
[2025-05-20 23:51:47] Iniciando verificaciu00f3n de recordatorios. Hora actual: 23:51:47
[2025-05-20 23:51:47] Verificando recordatorios para: María García Martínez (elreibo30@gmail.com), Horario: 10:29:00 - 16:47:00
[2025-05-20 23:51:47] Verificando recordatorios para: Juan Pérez López (juan.perez@impulsatelecom.com), Horario: 09:00:00 - 18:00:00
[2025-05-20 23:51:47] Verificaciu00f3n de recordatorios finalizada
[2025-05-20 23:51:47] Script ejecutado correctamente
[2025-05-20 23:51:47] Verificación de recordatorios solicitada desde el frontend (versión mejorada)
[2025-05-20 23:51:47] INFO DIAGNÓSTICO: María configurada con hora entrada 10:29:00 - salida 16:47:00
[2025-05-20 23:51:47] Ejecutando comando: "C:\xampp\php\php.exe" "C:\xampp\htdocs\ImpulsaTelecom\backend\scripts\enviar_recordatorios.php"
[2025-05-20 23:51:47] Iniciando verificaciu00f3n de recordatorios. Hora actual: 23:51:47
[2025-05-20 23:51:47] Verificando recordatorios para: María García Martínez (elreibo30@gmail.com), Horario: 10:29:00 - 16:47:00
[2025-05-20 23:51:47] Verificando recordatorios para: Juan Pérez López (juan.perez@impulsatelecom.com), Horario: 09:00:00 - 18:00:00
[2025-05-20 23:51:47] Verificaciu00f3n de recordatorios finalizada
[2025-05-20 23:51:47] Script ejecutado correctamente
[2025-05-20 23:52:17] Verificación de recordatorios solicitada desde el frontend (versión mejorada)
[2025-05-20 23:52:17] INFO DIAGNÓSTICO: María configurada con hora entrada 10:29:00 - salida 16:47:00
[2025-05-20 23:52:17] Ejecutando comando: "C:\xampp\php\php.exe" "C:\xampp\htdocs\ImpulsaTelecom\backend\scripts\enviar_recordatorios.php"
[2025-05-20 23:52:17] Iniciando verificaciu00f3n de recordatorios. Hora actual: 23:52:17
[2025-05-20 23:52:17] Verificando recordatorios para: María García Martínez (elreibo30@gmail.com), Horario: 10:29:00 - 16:47:00
[2025-05-20 23:52:17] Verificando recordatorios para: Juan Pérez López (juan.perez@impulsatelecom.com), Horario: 09:00:00 - 18:00:00
[2025-05-20 23:52:17] Verificaciu00f3n de recordatorios finalizada
[2025-05-20 23:52:17] Script ejecutado correctamente
[2025-05-20 23:52:17] Verificación de recordatorios solicitada desde el frontend (versión mejorada)
[2025-05-20 23:52:17] INFO DIAGNÓSTICO: María configurada con hora entrada 10:29:00 - salida 16:47:00
[2025-05-20 23:52:17] Ejecutando comando: "C:\xampp\php\php.exe" "C:\xampp\htdocs\ImpulsaTelecom\backend\scripts\enviar_recordatorios.php"
[2025-05-20 23:52:17] Iniciando verificaciu00f3n de recordatorios. Hora actual: 23:52:17
[2025-05-20 23:52:17] Verificando recordatorios para: María García Martínez (elreibo30@gmail.com), Horario: 10:29:00 - 16:47:00
[2025-05-20 23:52:17] Verificando recordatorios para: Juan Pérez López (juan.perez@impulsatelecom.com), Horario: 09:00:00 - 18:00:00
[2025-05-20 23:52:17] Verificaciu00f3n de recordatorios finalizada
[2025-05-20 23:52:17] Script ejecutado correctamente
[2025-05-20 23:53:18] Verificación de recordatorios solicitada desde el frontend (versión mejorada)
[2025-05-20 23:53:22] Error en la verificación: Error de conexión: No se puede establecer una conexión ya que el equipo de destino denegó expresamente dicha conexión
[2025-05-20 23:53:22] ERROR FINAL: Array
(
    [type] => 2
    [message] => mysqli::__construct(): (HY000/2002): No se puede establecer una conexión ya que el equipo de destino denegó expresamente dicha conexión
    [file] => C:\xampp\htdocs\ImpulsaTelecom\backend\modelos\bd.php
    [line] => 9
)

[2025-05-20 23:54:18] Verificación de recordatorios solicitada desde el frontend (versión mejorada)
[2025-05-20 23:54:22] Error en la verificación: Error de conexión: No se puede establecer una conexión ya que el equipo de destino denegó expresamente dicha conexión
[2025-05-20 23:54:22] ERROR FINAL: Array
(
    [type] => 2
    [message] => mysqli::__construct(): (HY000/2002): No se puede establecer una conexión ya que el equipo de destino denegó expresamente dicha conexión
    [file] => C:\xampp\htdocs\ImpulsaTelecom\backend\modelos\bd.php
    [line] => 9
)

[2025-05-20 23:55:18] Verificación de recordatorios solicitada desde el frontend (versión mejorada)
[2025-05-20 23:55:22] Error en la verificación: Error de conexión: No se puede establecer una conexión ya que el equipo de destino denegó expresamente dicha conexión
[2025-05-20 23:55:22] ERROR FINAL: Array
(
    [type] => 2
    [message] => mysqli::__construct(): (HY000/2002): No se puede establecer una conexión ya que el equipo de destino denegó expresamente dicha conexión
    [file] => C:\xampp\htdocs\ImpulsaTelecom\backend\modelos\bd.php
    [line] => 9
)

[2025-05-20 23:56:10] Verificación de recordatorios solicitada desde el frontend (versión mejorada)
[2025-05-20 23:56:14] Error en la verificación: Error de conexión: No se puede establecer una conexión ya que el equipo de destino denegó expresamente dicha conexión
[2025-05-20 23:56:14] ERROR FINAL: Array
(
    [type] => 2
    [message] => mysqli::__construct(): (HY000/2002): No se puede establecer una conexión ya que el equipo de destino denegó expresamente dicha conexión
    [file] => C:\xampp\htdocs\ImpulsaTelecom\backend\modelos\bd.php
    [line] => 9
)

[2025-05-20 23:56:14] Verificación de recordatorios solicitada desde el frontend (versión mejorada)
[2025-05-20 23:56:18] Error en la verificación: Error de conexión: No se puede establecer una conexión ya que el equipo de destino denegó expresamente dicha conexión
[2025-05-20 23:56:18] ERROR FINAL: Array
(
    [type] => 2
    [message] => mysqli::__construct(): (HY000/2002): No se puede establecer una conexión ya que el equipo de destino denegó expresamente dicha conexión
    [file] => C:\xampp\htdocs\ImpulsaTelecom\backend\modelos\bd.php
    [line] => 9
)

[2025-05-20 23:56:18] Verificación de recordatorios solicitada desde el frontend (versión mejorada)
[2025-05-20 23:56:22] Error en la verificación: Error de conexión: No se puede establecer una conexión ya que el equipo de destino denegó expresamente dicha conexión
[2025-05-20 23:56:22] ERROR FINAL: Array
(
    [type] => 2
    [message] => mysqli::__construct(): (HY000/2002): No se puede establecer una conexión ya que el equipo de destino denegó expresamente dicha conexión
    [file] => C:\xampp\htdocs\ImpulsaTelecom\backend\modelos\bd.php
    [line] => 9
)

[2025-05-20 23:56:22] Verificación de recordatorios solicitada desde el frontend (versión mejorada)
[2025-05-20 23:56:26] Error en la verificación: Error de conexión: No se puede establecer una conexión ya que el equipo de destino denegó expresamente dicha conexión
[2025-05-20 23:56:26] ERROR FINAL: Array
(
    [type] => 2
    [message] => mysqli::__construct(): (HY000/2002): No se puede establecer una conexión ya que el equipo de destino denegó expresamente dicha conexión
    [file] => C:\xampp\htdocs\ImpulsaTelecom\backend\modelos\bd.php
    [line] => 9
)

[2025-05-20 23:57:08] Verificación de recordatorios solicitada desde el frontend (versión mejorada)
[2025-05-20 23:57:12] Error en la verificación: Error de conexión: No se puede establecer una conexión ya que el equipo de destino denegó expresamente dicha conexión
[2025-05-20 23:57:12] ERROR FINAL: Array
(
    [type] => 2
    [message] => mysqli::__construct(): (HY000/2002): No se puede establecer una conexión ya que el equipo de destino denegó expresamente dicha conexión
    [file] => C:\xampp\htdocs\ImpulsaTelecom\backend\modelos\bd.php
    [line] => 9
)

[2025-05-20 23:57:24] Verificación de recordatorios solicitada desde el frontend (versión mejorada)
[2025-05-20 23:57:29] Error en la verificación: Error de conexión: No se puede establecer una conexión ya que el equipo de destino denegó expresamente dicha conexión
[2025-05-20 23:57:29] ERROR FINAL: Array
(
    [type] => 2
    [message] => mysqli::__construct(): (HY000/2002): No se puede establecer una conexión ya que el equipo de destino denegó expresamente dicha conexión
    [file] => C:\xampp\htdocs\ImpulsaTelecom\backend\modelos\bd.php
    [line] => 9
)

[2025-05-20 23:57:33] Verificación de recordatorios solicitada desde el frontend (versión mejorada)
[2025-05-20 23:57:37] Error en la verificación: Error de conexión: No se puede establecer una conexión ya que el equipo de destino denegó expresamente dicha conexión
[2025-05-20 23:57:37] ERROR FINAL: Array
(
    [type] => 2
    [message] => mysqli::__construct(): (HY000/2002): No se puede establecer una conexión ya que el equipo de destino denegó expresamente dicha conexión
    [file] => C:\xampp\htdocs\ImpulsaTelecom\backend\modelos\bd.php
    [line] => 9
)

[2025-05-20 23:58:01] Verificación de recordatorios solicitada desde el frontend (versión mejorada)
[2025-05-20 23:58:05] Error en la verificación: Error de conexión: No se puede establecer una conexión ya que el equipo de destino denegó expresamente dicha conexión
[2025-05-20 23:58:05] ERROR FINAL: Array
(
    [type] => 2
    [message] => mysqli::__construct(): (HY000/2002): No se puede establecer una conexión ya que el equipo de destino denegó expresamente dicha conexión
    [file] => C:\xampp\htdocs\ImpulsaTelecom\backend\modelos\bd.php
    [line] => 9
)

[2025-05-20 23:58:34] Verificación de recordatorios solicitada desde el frontend (versión mejorada)
[2025-05-20 23:58:38] Error en la verificación: Error de conexión: No se puede establecer una conexión ya que el equipo de destino denegó expresamente dicha conexión
[2025-05-20 23:58:38] ERROR FINAL: Array
(
    [type] => 2
    [message] => mysqli::__construct(): (HY000/2002): No se puede establecer una conexión ya que el equipo de destino denegó expresamente dicha conexión
    [file] => C:\xampp\htdocs\ImpulsaTelecom\backend\modelos\bd.php
    [line] => 9
)

[2025-05-20 23:59:34] Verificación de recordatorios solicitada desde el frontend (versión mejorada)
[2025-05-20 23:59:38] Error en la verificación: Error de conexión: No se puede establecer una conexión ya que el equipo de destino denegó expresamente dicha conexión
[2025-05-20 23:59:38] ERROR FINAL: Array
(
    [type] => 2
    [message] => mysqli::__construct(): (HY000/2002): No se puede establecer una conexión ya que el equipo de destino denegó expresamente dicha conexión
    [file] => C:\xampp\htdocs\ImpulsaTelecom\backend\modelos\bd.php
    [line] => 9
)

