[2025-05-05 15:51:02] Verificación de recordatorios solicitada desde el frontend (versión mejorada)
[2025-05-05 15:51:02] INFO DIAGNÓSTICO: María configurada con hora entrada 10:29:00 - salida 10:35:00
[2025-05-05 15:51:02] Ejecutando comando: "C:\xampp\php\php.exe" "C:\xampp\htdocs\ImpulsaTelecom\backend\scripts\enviar_recordatorios.php"
[2025-05-05 15:51:03] Iniciando verificaciu00f3n de recordatorios. Hora actual: 15:51:03
[2025-05-05 15:51:03] Verificando recordatorios para: María García Martínez (elreibo30@gmail.com), Horario: 10:29:00 - 10:35:00
[2025-05-05 15:51:03] Verificando recordatorios para: Juan Pérez López (juan.perez@impulsatelecom.com), Horario: 09:00:00 - 18:00:00
[2025-05-05 15:51:03] Verificaciu00f3n de recordatorios finalizada
[2025-05-05 15:51:03] Script ejecutado correctamente
[2025-05-05 15:51:03] Verificación de recordatorios solicitada desde el frontend (versión mejorada)
[2025-05-05 15:51:03] INFO DIAGNÓSTICO: María configurada con hora entrada 10:29:00 - salida 10:35:00
[2025-05-05 15:51:03] Ejecutando comando: "C:\xampp\php\php.exe" "C:\xampp\htdocs\ImpulsaTelecom\backend\scripts\enviar_recordatorios.php"
[2025-05-05 15:51:03] Iniciando verificaciu00f3n de recordatorios. Hora actual: 15:51:03
[2025-05-05 15:51:03] Verificando recordatorios para: María García Martínez (elreibo30@gmail.com), Horario: 10:29:00 - 10:35:00
[2025-05-05 15:51:03] Verificando recordatorios para: Juan Pérez López (juan.perez@impulsatelecom.com), Horario: 09:00:00 - 18:00:00
[2025-05-05 15:51:03] Verificaciu00f3n de recordatorios finalizada
[2025-05-05 15:51:03] Script ejecutado correctamente
[2025-05-05 15:52:02] Verificación de recordatorios solicitada desde el frontend (versión mejorada)
[2025-05-05 15:52:02] INFO DIAGNÓSTICO: María configurada con hora entrada 10:29:00 - salida 10:35:00
[2025-05-05 15:52:02] Ejecutando comando: "C:\xampp\php\php.exe" "C:\xampp\htdocs\ImpulsaTelecom\backend\scripts\enviar_recordatorios.php"
[2025-05-05 15:52:03] Iniciando verificaciu00f3n de recordatorios. Hora actual: 15:52:03
[2025-05-05 15:52:03] Verificando recordatorios para: María García Martínez (elreibo30@gmail.com), Horario: 10:29:00 - 10:35:00
[2025-05-05 15:52:03] Verificando recordatorios para: Juan Pérez López (juan.perez@impulsatelecom.com), Horario: 09:00:00 - 18:00:00
[2025-05-05 15:52:03] Verificaciu00f3n de recordatorios finalizada
[2025-05-05 15:52:03] Script ejecutado correctamente
[2025-05-05 15:53:02] Verificación de recordatorios solicitada desde el frontend (versión mejorada)
[2025-05-05 15:53:02] INFO DIAGNÓSTICO: María configurada con hora entrada 10:29:00 - salida 10:35:00
[2025-05-05 15:53:02] Ejecutando comando: "C:\xampp\php\php.exe" "C:\xampp\htdocs\ImpulsaTelecom\backend\scripts\enviar_recordatorios.php"
[2025-05-05 15:53:03] Iniciando verificaciu00f3n de recordatorios. Hora actual: 15:53:03
[2025-05-05 15:53:03] Verificando recordatorios para: María García Martínez (elreibo30@gmail.com), Horario: 10:29:00 - 10:35:00
[2025-05-05 15:53:03] Verificando recordatorios para: Juan Pérez López (juan.perez@impulsatelecom.com), Horario: 09:00:00 - 18:00:00
[2025-05-05 15:53:03] Verificaciu00f3n de recordatorios finalizada
[2025-05-05 15:53:03] Script ejecutado correctamente
[2025-05-05 15:54:03] Verificación de recordatorios solicitada desde el frontend (versión mejorada)
[2025-05-05 15:54:03] INFO DIAGNÓSTICO: María configurada con hora entrada 10:29:00 - salida 10:35:00
[2025-05-05 15:54:03] Ejecutando comando: "C:\xampp\php\php.exe" "C:\xampp\htdocs\ImpulsaTelecom\backend\scripts\enviar_recordatorios.php"
[2025-05-05 15:54:03] Iniciando verificaciu00f3n de recordatorios. Hora actual: 15:54:03
[2025-05-05 15:54:03] Verificando recordatorios para: María García Martínez (elreibo30@gmail.com), Horario: 10:29:00 - 10:35:00
[2025-05-05 15:54:03] Verificando recordatorios para: Juan Pérez López (juan.perez@impulsatelecom.com), Horario: 09:00:00 - 18:00:00
[2025-05-05 15:54:03] Verificaciu00f3n de recordatorios finalizada
[2025-05-05 15:54:03] Script ejecutado correctamente
[2025-05-05 15:55:03] Verificación de recordatorios solicitada desde el frontend (versión mejorada)
[2025-05-05 15:55:03] INFO DIAGNÓSTICO: María configurada con hora entrada 10:29:00 - salida 10:35:00
[2025-05-05 15:55:03] Ejecutando comando: "C:\xampp\php\php.exe" "C:\xampp\htdocs\ImpulsaTelecom\backend\scripts\enviar_recordatorios.php"
[2025-05-05 15:55:03] Iniciando verificaciu00f3n de recordatorios. Hora actual: 15:55:03
[2025-05-05 15:55:03] Verificando recordatorios para: María García Martínez (elreibo30@gmail.com), Horario: 10:29:00 - 10:35:00
[2025-05-05 15:55:03] Verificando recordatorios para: Juan Pérez López (juan.perez@impulsatelecom.com), Horario: 09:00:00 - 18:00:00
[2025-05-05 15:55:03] Verificaciu00f3n de recordatorios finalizada
[2025-05-05 15:55:03] Script ejecutado correctamente
[2025-05-05 15:56:07] Verificación de recordatorios solicitada desde el frontend (versión mejorada)
[2025-05-05 15:56:07] INFO DIAGNÓSTICO: María configurada con hora entrada 10:29:00 - salida 10:35:00
[2025-05-05 15:56:07] Ejecutando comando: "C:\xampp\php\php.exe" "C:\xampp\htdocs\ImpulsaTelecom\backend\scripts\enviar_recordatorios.php"
[2025-05-05 15:56:07] Iniciando verificaciu00f3n de recordatorios. Hora actual: 15:56:07
[2025-05-05 15:56:07] Verificando recordatorios para: María García Martínez (elreibo30@gmail.com), Horario: 10:29:00 - 10:35:00
[2025-05-05 15:56:07] Verificando recordatorios para: Juan Pérez López (juan.perez@impulsatelecom.com), Horario: 09:00:00 - 18:00:00
[2025-05-05 15:56:07] Verificaciu00f3n de recordatorios finalizada
[2025-05-05 15:56:07] Script ejecutado correctamente
[2025-05-05 15:57:01] Verificación de recordatorios solicitada desde el frontend (versión mejorada)
[2025-05-05 15:57:01] INFO DIAGNÓSTICO: María configurada con hora entrada 10:29:00 - salida 10:35:00
[2025-05-05 15:57:01] Ejecutando comando: "C:\xampp\php\php.exe" "C:\xampp\htdocs\ImpulsaTelecom\backend\scripts\enviar_recordatorios.php"
[2025-05-05 15:57:01] Iniciando verificaciu00f3n de recordatorios. Hora actual: 15:57:01
[2025-05-05 15:57:01] Verificando recordatorios para: María García Martínez (elreibo30@gmail.com), Horario: 10:29:00 - 10:35:00
[2025-05-05 15:57:01] Verificando recordatorios para: Juan Pérez López (juan.perez@impulsatelecom.com), Horario: 09:00:00 - 18:00:00
[2025-05-05 15:57:01] Verificaciu00f3n de recordatorios finalizada
[2025-05-05 15:57:01] Script ejecutado correctamente
[2025-05-05 15:57:01] Verificación de recordatorios solicitada desde el frontend (versión mejorada)
[2025-05-05 15:57:01] INFO DIAGNÓSTICO: María configurada con hora entrada 10:29:00 - salida 10:35:00
[2025-05-05 15:57:01] Ejecutando comando: "C:\xampp\php\php.exe" "C:\xampp\htdocs\ImpulsaTelecom\backend\scripts\enviar_recordatorios.php"
[2025-05-05 15:57:01] Iniciando verificaciu00f3n de recordatorios. Hora actual: 15:57:01
[2025-05-05 15:57:01] Verificando recordatorios para: María García Martínez (elreibo30@gmail.com), Horario: 10:29:00 - 10:35:00
[2025-05-05 15:57:01] Verificando recordatorios para: Juan Pérez López (juan.perez@impulsatelecom.com), Horario: 09:00:00 - 18:00:00
[2025-05-05 15:57:01] Verificaciu00f3n de recordatorios finalizada
[2025-05-05 15:57:01] Script ejecutado correctamente
[2025-05-05 15:58:02] Verificación de recordatorios solicitada desde el frontend (versión mejorada)
[2025-05-05 15:58:02] INFO DIAGNÓSTICO: María configurada con hora entrada 10:29:00 - salida 10:35:00
[2025-05-05 15:58:02] Ejecutando comando: "C:\xampp\php\php.exe" "C:\xampp\htdocs\ImpulsaTelecom\backend\scripts\enviar_recordatorios.php"
[2025-05-05 15:58:02] Iniciando verificaciu00f3n de recordatorios. Hora actual: 15:58:02
[2025-05-05 15:58:02] Verificando recordatorios para: María García Martínez (elreibo30@gmail.com), Horario: 10:29:00 - 10:35:00
[2025-05-05 15:58:02] Verificando recordatorios para: Juan Pérez López (juan.perez@impulsatelecom.com), Horario: 09:00:00 - 18:00:00
[2025-05-05 15:58:02] Verificaciu00f3n de recordatorios finalizada
[2025-05-05 15:58:02] Script ejecutado correctamente
[2025-05-05 15:59:02] Verificación de recordatorios solicitada desde el frontend (versión mejorada)
[2025-05-05 15:59:02] INFO DIAGNÓSTICO: María configurada con hora entrada 10:29:00 - salida 10:35:00
[2025-05-05 15:59:02] Ejecutando comando: "C:\xampp\php\php.exe" "C:\xampp\htdocs\ImpulsaTelecom\backend\scripts\enviar_recordatorios.php"
[2025-05-05 15:59:02] Iniciando verificaciu00f3n de recordatorios. Hora actual: 15:59:02
[2025-05-05 15:59:02] Verificando recordatorios para: María García Martínez (elreibo30@gmail.com), Horario: 10:29:00 - 10:35:00
[2025-05-05 15:59:02] Verificando recordatorios para: Juan Pérez López (juan.perez@impulsatelecom.com), Horario: 09:00:00 - 18:00:00
[2025-05-05 15:59:02] Verificaciu00f3n de recordatorios finalizada
[2025-05-05 15:59:02] Script ejecutado correctamente
[2025-05-05 16:00:02] Verificación de recordatorios solicitada desde el frontend (versión mejorada)
[2025-05-05 16:00:02] INFO DIAGNÓSTICO: María configurada con hora entrada 10:29:00 - salida 10:35:00
[2025-05-05 16:00:02] Ejecutando comando: "C:\xampp\php\php.exe" "C:\xampp\htdocs\ImpulsaTelecom\backend\scripts\enviar_recordatorios.php"
[2025-05-05 16:00:02] Iniciando verificaciu00f3n de recordatorios. Hora actual: 16:00:02
[2025-05-05 16:00:02] Verificando recordatorios para: María García Martínez (elreibo30@gmail.com), Horario: 10:29:00 - 10:35:00
[2025-05-05 16:00:02] Verificando recordatorios para: Juan Pérez López (juan.perez@impulsatelecom.com), Horario: 09:00:00 - 18:00:00
[2025-05-05 16:00:02] Verificaciu00f3n de recordatorios finalizada
[2025-05-05 16:00:02] Script ejecutado correctamente
[2025-05-05 16:01:02] Verificación de recordatorios solicitada desde el frontend (versión mejorada)
[2025-05-05 16:01:02] INFO DIAGNÓSTICO: María configurada con hora entrada 10:29:00 - salida 10:35:00
[2025-05-05 16:01:02] Ejecutando comando: "C:\xampp\php\php.exe" "C:\xampp\htdocs\ImpulsaTelecom\backend\scripts\enviar_recordatorios.php"
[2025-05-05 16:01:02] Iniciando verificaciu00f3n de recordatorios. Hora actual: 16:01:02
[2025-05-05 16:01:02] Verificando recordatorios para: María García Martínez (elreibo30@gmail.com), Horario: 10:29:00 - 10:35:00
[2025-05-05 16:01:02] Verificando recordatorios para: Juan Pérez López (juan.perez@impulsatelecom.com), Horario: 09:00:00 - 18:00:00
[2025-05-05 16:01:02] Verificaciu00f3n de recordatorios finalizada
[2025-05-05 16:01:02] Script ejecutado correctamente
[2025-05-05 16:02:07] Verificación de recordatorios solicitada desde el frontend (versión mejorada)
[2025-05-05 16:02:07] INFO DIAGNÓSTICO: María configurada con hora entrada 10:29:00 - salida 10:35:00
[2025-05-05 16:02:07] Ejecutando comando: "C:\xampp\php\php.exe" "C:\xampp\htdocs\ImpulsaTelecom\backend\scripts\enviar_recordatorios.php"
[2025-05-05 16:02:07] Iniciando verificaciu00f3n de recordatorios. Hora actual: 16:02:07
[2025-05-05 16:02:07] Verificando recordatorios para: María García Martínez (elreibo30@gmail.com), Horario: 10:29:00 - 10:35:00
[2025-05-05 16:02:07] Verificando recordatorios para: Juan Pérez López (juan.perez@impulsatelecom.com), Horario: 09:00:00 - 18:00:00
[2025-05-05 16:02:07] Verificaciu00f3n de recordatorios finalizada
[2025-05-05 16:02:07] Script ejecutado correctamente
[2025-05-05 16:03:07] Verificación de recordatorios solicitada desde el frontend (versión mejorada)
[2025-05-05 16:03:07] INFO DIAGNÓSTICO: María configurada con hora entrada 10:29:00 - salida 10:35:00
[2025-05-05 16:03:07] Ejecutando comando: "C:\xampp\php\php.exe" "C:\xampp\htdocs\ImpulsaTelecom\backend\scripts\enviar_recordatorios.php"
[2025-05-05 16:03:07] Iniciando verificaciu00f3n de recordatorios. Hora actual: 16:03:07
[2025-05-05 16:03:07] Verificando recordatorios para: María García Martínez (elreibo30@gmail.com), Horario: 10:29:00 - 10:35:00
[2025-05-05 16:03:07] Verificando recordatorios para: Juan Pérez López (juan.perez@impulsatelecom.com), Horario: 09:00:00 - 18:00:00
[2025-05-05 16:03:07] Verificaciu00f3n de recordatorios finalizada
[2025-05-05 16:03:07] Script ejecutado correctamente
[2025-05-05 16:04:07] Verificación de recordatorios solicitada desde el frontend (versión mejorada)
[2025-05-05 16:04:07] INFO DIAGNÓSTICO: María configurada con hora entrada 10:29:00 - salida 10:35:00
[2025-05-05 16:04:07] Ejecutando comando: "C:\xampp\php\php.exe" "C:\xampp\htdocs\ImpulsaTelecom\backend\scripts\enviar_recordatorios.php"
[2025-05-05 16:04:07] Iniciando verificaciu00f3n de recordatorios. Hora actual: 16:04:07
[2025-05-05 16:04:07] Verificando recordatorios para: María García Martínez (elreibo30@gmail.com), Horario: 10:29:00 - 10:35:00
[2025-05-05 16:04:07] Verificando recordatorios para: Juan Pérez López (juan.perez@impulsatelecom.com), Horario: 09:00:00 - 18:00:00
[2025-05-05 16:04:07] Verificaciu00f3n de recordatorios finalizada
[2025-05-05 16:04:07] Script ejecutado correctamente
[2025-05-05 16:05:02] Verificación de recordatorios solicitada desde el frontend (versión mejorada)
[2025-05-05 16:05:02] INFO DIAGNÓSTICO: María configurada con hora entrada 10:29:00 - salida 10:35:00
[2025-05-05 16:05:02] Ejecutando comando: "C:\xampp\php\php.exe" "C:\xampp\htdocs\ImpulsaTelecom\backend\scripts\enviar_recordatorios.php"
[2025-05-05 16:05:02] Iniciando verificaciu00f3n de recordatorios. Hora actual: 16:05:02
[2025-05-05 16:05:02] Verificando recordatorios para: María García Martínez (elreibo30@gmail.com), Horario: 10:29:00 - 10:35:00
[2025-05-05 16:05:02] Verificando recordatorios para: Juan Pérez López (juan.perez@impulsatelecom.com), Horario: 09:00:00 - 18:00:00
[2025-05-05 16:05:02] Verificaciu00f3n de recordatorios finalizada
[2025-05-05 16:05:02] Script ejecutado correctamente
[2025-05-05 16:06:02] Verificación de recordatorios solicitada desde el frontend (versión mejorada)
[2025-05-05 16:06:02] INFO DIAGNÓSTICO: María configurada con hora entrada 10:29:00 - salida 16:06:00
[2025-05-05 16:06:02] Ejecutando comando: "C:\xampp\php\php.exe" "C:\xampp\htdocs\ImpulsaTelecom\backend\scripts\enviar_recordatorios.php"
[2025-05-05 16:06:02] Iniciando verificaciu00f3n de recordatorios. Hora actual: 16:06:02
[2025-05-05 16:06:02] Verificando recordatorios para: María García Martínez (elreibo30@gmail.com), Horario: 10:29:00 - 16:06:00
[2025-05-05 16:06:02] Verificando recordatorios para: Juan Pérez López (juan.perez@impulsatelecom.com), Horario: 09:00:00 - 18:00:00
[2025-05-05 16:06:02] Verificaciu00f3n de recordatorios finalizada
[2025-05-05 16:06:02] Script ejecutado correctamente
[2025-05-05 16:07:07] Verificación de recordatorios solicitada desde el frontend (versión mejorada)
[2025-05-05 16:07:07] INFO DIAGNÓSTICO: María configurada con hora entrada 10:29:00 - salida 16:06:00
[2025-05-05 16:07:07] Ejecutando comando: "C:\xampp\php\php.exe" "C:\xampp\htdocs\ImpulsaTelecom\backend\scripts\enviar_recordatorios.php"
[2025-05-05 16:07:07] Iniciando verificaciu00f3n de recordatorios. Hora actual: 16:07:07
[2025-05-05 16:07:07] Verificando recordatorios para: María García Martínez (elreibo30@gmail.com), Horario: 10:29:00 - 16:06:00
[2025-05-05 16:07:08] Recordatorio de salida enviado a María (elreibo30@gmail.com)
[2025-05-05 16:07:08] Verificando recordatorios para: Juan Pérez López (juan.perez@impulsatelecom.com), Horario: 09:00:00 - 18:00:00
[2025-05-05 16:07:08] Verificaciu00f3n de recordatorios finalizada
[2025-05-05 16:07:08] Script ejecutado correctamente
[2025-05-05 16:08:07] Verificación de recordatorios solicitada desde el frontend (versión mejorada)
[2025-05-05 16:08:07] INFO DIAGNÓSTICO: María configurada con hora entrada 10:29:00 - salida 16:06:00
[2025-05-05 16:08:07] Ejecutando comando: "C:\xampp\php\php.exe" "C:\xampp\htdocs\ImpulsaTelecom\backend\scripts\enviar_recordatorios.php"
[2025-05-05 16:08:07] Iniciando verificaciu00f3n de recordatorios. Hora actual: 16:08:07
[2025-05-05 16:08:07] Verificando recordatorios para: María García Martínez (elreibo30@gmail.com), Horario: 10:29:00 - 16:06:00
[2025-05-05 16:08:07] No se envu00eda recordatorio a María para salida porque ya se enviu00f3 uno hoy
[2025-05-05 16:08:07] Verificando recordatorios para: Juan Pérez López (juan.perez@impulsatelecom.com), Horario: 09:00:00 - 18:00:00
[2025-05-05 16:08:07] Verificaciu00f3n de recordatorios finalizada
[2025-05-05 16:08:07] Script ejecutado correctamente
[2025-05-05 16:09:07] Verificación de recordatorios solicitada desde el frontend (versión mejorada)
[2025-05-05 16:09:07] INFO DIAGNÓSTICO: María configurada con hora entrada 10:29:00 - salida 16:06:00
[2025-05-05 16:09:07] Ejecutando comando: "C:\xampp\php\php.exe" "C:\xampp\htdocs\ImpulsaTelecom\backend\scripts\enviar_recordatorios.php"
[2025-05-05 16:09:07] Iniciando verificaciu00f3n de recordatorios. Hora actual: 16:09:07
[2025-05-05 16:09:07] Verificando recordatorios para: María García Martínez (elreibo30@gmail.com), Horario: 10:29:00 - 16:06:00
[2025-05-05 16:09:07] No se envu00eda recordatorio a María para salida porque ya se enviu00f3 uno hoy
[2025-05-05 16:09:07] Verificando recordatorios para: Juan Pérez López (juan.perez@impulsatelecom.com), Horario: 09:00:00 - 18:00:00
[2025-05-05 16:09:07] Verificaciu00f3n de recordatorios finalizada
[2025-05-05 16:09:07] Script ejecutado correctamente
[2025-05-05 16:10:07] Verificación de recordatorios solicitada desde el frontend (versión mejorada)
[2025-05-05 16:10:07] INFO DIAGNÓSTICO: María configurada con hora entrada 10:29:00 - salida 16:06:00
[2025-05-05 16:10:07] Ejecutando comando: "C:\xampp\php\php.exe" "C:\xampp\htdocs\ImpulsaTelecom\backend\scripts\enviar_recordatorios.php"
[2025-05-05 16:10:07] Iniciando verificaciu00f3n de recordatorios. Hora actual: 16:10:07
[2025-05-05 16:10:07] Verificando recordatorios para: María García Martínez (elreibo30@gmail.com), Horario: 10:29:00 - 16:06:00
[2025-05-05 16:10:07] No se envu00eda recordatorio a María para salida porque ya se enviu00f3 uno hoy
[2025-05-05 16:10:07] Verificando recordatorios para: Juan Pérez López (juan.perez@impulsatelecom.com), Horario: 09:00:00 - 18:00:00
[2025-05-05 16:10:07] Verificaciu00f3n de recordatorios finalizada
[2025-05-05 16:10:07] Script ejecutado correctamente
[2025-05-05 16:11:07] Verificación de recordatorios solicitada desde el frontend (versión mejorada)
[2025-05-05 16:11:07] INFO DIAGNÓSTICO: María configurada con hora entrada 10:29:00 - salida 16:06:00
[2025-05-05 16:11:07] Ejecutando comando: "C:\xampp\php\php.exe" "C:\xampp\htdocs\ImpulsaTelecom\backend\scripts\enviar_recordatorios.php"
[2025-05-05 16:11:07] Iniciando verificaciu00f3n de recordatorios. Hora actual: 16:11:07
[2025-05-05 16:11:07] Verificando recordatorios para: María García Martínez (elreibo30@gmail.com), Horario: 10:29:00 - 16:06:00
[2025-05-05 16:11:07] No se envu00eda recordatorio a María para salida porque ya se enviu00f3 uno hoy
[2025-05-05 16:11:07] Verificando recordatorios para: Juan Pérez López (juan.perez@impulsatelecom.com), Horario: 09:00:00 - 18:00:00
[2025-05-05 16:11:07] Verificaciu00f3n de recordatorios finalizada
[2025-05-05 16:11:07] Script ejecutado correctamente
[2025-05-05 16:12:07] Verificación de recordatorios solicitada desde el frontend (versión mejorada)
[2025-05-05 16:12:07] INFO DIAGNÓSTICO: María configurada con hora entrada 10:29:00 - salida 16:06:00
[2025-05-05 16:12:07] Ejecutando comando: "C:\xampp\php\php.exe" "C:\xampp\htdocs\ImpulsaTelecom\backend\scripts\enviar_recordatorios.php"
[2025-05-05 16:12:07] Iniciando verificaciu00f3n de recordatorios. Hora actual: 16:12:07
[2025-05-05 16:12:07] Verificando recordatorios para: María García Martínez (elreibo30@gmail.com), Horario: 10:29:00 - 16:06:00
[2025-05-05 16:12:07] No se envu00eda recordatorio a María para salida porque ya se enviu00f3 uno hoy
[2025-05-05 16:12:07] Verificando recordatorios para: Juan Pérez López (juan.perez@impulsatelecom.com), Horario: 09:00:00 - 18:00:00
[2025-05-05 16:12:07] Verificaciu00f3n de recordatorios finalizada
[2025-05-05 16:12:07] Script ejecutado correctamente
[2025-05-05 16:13:07] Verificación de recordatorios solicitada desde el frontend (versión mejorada)
[2025-05-05 16:13:07] INFO DIAGNÓSTICO: María configurada con hora entrada 10:29:00 - salida 16:06:00
[2025-05-05 16:13:07] Ejecutando comando: "C:\xampp\php\php.exe" "C:\xampp\htdocs\ImpulsaTelecom\backend\scripts\enviar_recordatorios.php"
[2025-05-05 16:13:07] Iniciando verificaciu00f3n de recordatorios. Hora actual: 16:13:07
[2025-05-05 16:13:07] Verificando recordatorios para: María García Martínez (elreibo30@gmail.com), Horario: 10:29:00 - 16:06:00
[2025-05-05 16:13:07] No se envu00eda recordatorio a María para salida porque ya se enviu00f3 uno hoy
[2025-05-05 16:13:07] Verificando recordatorios para: Juan Pérez López (juan.perez@impulsatelecom.com), Horario: 09:00:00 - 18:00:00
[2025-05-05 16:13:07] Verificaciu00f3n de recordatorios finalizada
[2025-05-05 16:13:07] Script ejecutado correctamente
[2025-05-05 16:14:07] Verificación de recordatorios solicitada desde el frontend (versión mejorada)
[2025-05-05 16:14:07] INFO DIAGNÓSTICO: María configurada con hora entrada 10:29:00 - salida 16:06:00
[2025-05-05 16:14:07] Ejecutando comando: "C:\xampp\php\php.exe" "C:\xampp\htdocs\ImpulsaTelecom\backend\scripts\enviar_recordatorios.php"
[2025-05-05 16:14:07] Iniciando verificaciu00f3n de recordatorios. Hora actual: 16:14:07
[2025-05-05 16:14:07] Verificando recordatorios para: María García Martínez (elreibo30@gmail.com), Horario: 10:29:00 - 16:06:00
[2025-05-05 16:14:07] No se envu00eda recordatorio a María para salida porque ya se enviu00f3 uno hoy
[2025-05-05 16:14:07] Verificando recordatorios para: Juan Pérez López (juan.perez@impulsatelecom.com), Horario: 09:00:00 - 18:00:00
[2025-05-05 16:14:07] Verificaciu00f3n de recordatorios finalizada
[2025-05-05 16:14:07] Script ejecutado correctamente
[2025-05-05 16:15:07] Verificación de recordatorios solicitada desde el frontend (versión mejorada)
[2025-05-05 16:15:07] INFO DIAGNÓSTICO: María configurada con hora entrada 10:29:00 - salida 16:06:00
[2025-05-05 16:15:07] Ejecutando comando: "C:\xampp\php\php.exe" "C:\xampp\htdocs\ImpulsaTelecom\backend\scripts\enviar_recordatorios.php"
[2025-05-05 16:15:07] Iniciando verificaciu00f3n de recordatorios. Hora actual: 16:15:07
[2025-05-05 16:15:07] Verificando recordatorios para: María García Martínez (elreibo30@gmail.com), Horario: 10:29:00 - 16:06:00
[2025-05-05 16:15:07] No se envu00eda recordatorio a María para salida porque ya se enviu00f3 uno hoy
[2025-05-05 16:15:07] Verificando recordatorios para: Juan Pérez López (juan.perez@impulsatelecom.com), Horario: 09:00:00 - 18:00:00
[2025-05-05 16:15:07] Verificaciu00f3n de recordatorios finalizada
[2025-05-05 16:15:07] Script ejecutado correctamente
[2025-05-05 16:16:02] Verificación de recordatorios solicitada desde el frontend (versión mejorada)
[2025-05-05 16:16:02] INFO DIAGNÓSTICO: María configurada con hora entrada 10:29:00 - salida 16:06:00
[2025-05-05 16:16:02] Ejecutando comando: "C:\xampp\php\php.exe" "C:\xampp\htdocs\ImpulsaTelecom\backend\scripts\enviar_recordatorios.php"
[2025-05-05 16:16:02] Iniciando verificaciu00f3n de recordatorios. Hora actual: 16:16:02
[2025-05-05 16:16:02] Verificando recordatorios para: María García Martínez (elreibo30@gmail.com), Horario: 10:29:00 - 16:06:00
[2025-05-05 16:16:02] No se envu00eda recordatorio a María para salida porque ya se enviu00f3 uno hoy
[2025-05-05 16:16:02] Verificando recordatorios para: Juan Pérez López (juan.perez@impulsatelecom.com), Horario: 09:00:00 - 18:00:00
[2025-05-05 16:16:02] Verificaciu00f3n de recordatorios finalizada
[2025-05-05 16:16:02] Script ejecutado correctamente
[2025-05-05 16:17:07] Verificación de recordatorios solicitada desde el frontend (versión mejorada)
[2025-05-05 16:17:07] INFO DIAGNÓSTICO: María configurada con hora entrada 10:29:00 - salida 16:06:00
[2025-05-05 16:17:07] Ejecutando comando: "C:\xampp\php\php.exe" "C:\xampp\htdocs\ImpulsaTelecom\backend\scripts\enviar_recordatorios.php"
[2025-05-05 16:17:07] Iniciando verificaciu00f3n de recordatorios. Hora actual: 16:17:07
[2025-05-05 16:17:07] Verificando recordatorios para: María García Martínez (elreibo30@gmail.com), Horario: 10:29:00 - 16:06:00
[2025-05-05 16:17:07] No se envu00eda recordatorio a María para salida porque ya se enviu00f3 uno hoy
[2025-05-05 16:17:07] Verificando recordatorios para: Juan Pérez López (juan.perez@impulsatelecom.com), Horario: 09:00:00 - 18:00:00
[2025-05-05 16:17:07] Verificaciu00f3n de recordatorios finalizada
[2025-05-05 16:17:07] Script ejecutado correctamente
[2025-05-05 16:18:07] Verificación de recordatorios solicitada desde el frontend (versión mejorada)
[2025-05-05 16:18:07] INFO DIAGNÓSTICO: María configurada con hora entrada 10:29:00 - salida 16:06:00
[2025-05-05 16:18:07] Ejecutando comando: "C:\xampp\php\php.exe" "C:\xampp\htdocs\ImpulsaTelecom\backend\scripts\enviar_recordatorios.php"
[2025-05-05 16:18:07] Iniciando verificaciu00f3n de recordatorios. Hora actual: 16:18:07
[2025-05-05 16:18:07] Verificando recordatorios para: María García Martínez (elreibo30@gmail.com), Horario: 10:29:00 - 16:06:00
[2025-05-05 16:18:07] No se envu00eda recordatorio a María para salida porque ya se enviu00f3 uno hoy
[2025-05-05 16:18:07] Verificando recordatorios para: Juan Pérez López (juan.perez@impulsatelecom.com), Horario: 09:00:00 - 18:00:00
[2025-05-05 16:18:07] Verificaciu00f3n de recordatorios finalizada
[2025-05-05 16:18:07] Script ejecutado correctamente
[2025-05-05 16:19:07] Verificación de recordatorios solicitada desde el frontend (versión mejorada)
[2025-05-05 16:19:07] INFO DIAGNÓSTICO: María configurada con hora entrada 10:29:00 - salida 16:06:00
[2025-05-05 16:19:07] Ejecutando comando: "C:\xampp\php\php.exe" "C:\xampp\htdocs\ImpulsaTelecom\backend\scripts\enviar_recordatorios.php"
[2025-05-05 16:19:07] Iniciando verificaciu00f3n de recordatorios. Hora actual: 16:19:07
[2025-05-05 16:19:07] Verificando recordatorios para: María García Martínez (elreibo30@gmail.com), Horario: 10:29:00 - 16:06:00
[2025-05-05 16:19:07] No se envu00eda recordatorio a María para salida porque ya se enviu00f3 uno hoy
[2025-05-05 16:19:07] Verificando recordatorios para: Juan Pérez López (juan.perez@impulsatelecom.com), Horario: 09:00:00 - 18:00:00
[2025-05-05 16:19:07] Verificaciu00f3n de recordatorios finalizada
[2025-05-05 16:19:07] Script ejecutado correctamente
[2025-05-05 16:20:07] Verificación de recordatorios solicitada desde el frontend (versión mejorada)
[2025-05-05 16:20:07] INFO DIAGNÓSTICO: María configurada con hora entrada 10:29:00 - salida 16:06:00
[2025-05-05 16:20:07] Ejecutando comando: "C:\xampp\php\php.exe" "C:\xampp\htdocs\ImpulsaTelecom\backend\scripts\enviar_recordatorios.php"
[2025-05-05 16:20:07] Iniciando verificaciu00f3n de recordatorios. Hora actual: 16:20:07
[2025-05-05 16:20:07] Verificando recordatorios para: María García Martínez (elreibo30@gmail.com), Horario: 10:29:00 - 16:06:00
[2025-05-05 16:20:07] No se envu00eda recordatorio a María para salida porque ya se enviu00f3 uno hoy
[2025-05-05 16:20:07] Verificando recordatorios para: Juan Pérez López (juan.perez@impulsatelecom.com), Horario: 09:00:00 - 18:00:00
[2025-05-05 16:20:07] Verificaciu00f3n de recordatorios finalizada
[2025-05-05 16:20:07] Script ejecutado correctamente
[2025-05-05 16:21:07] Verificación de recordatorios solicitada desde el frontend (versión mejorada)
[2025-05-05 16:21:07] INFO DIAGNÓSTICO: María configurada con hora entrada 10:29:00 - salida 16:06:00
[2025-05-05 16:21:07] Ejecutando comando: "C:\xampp\php\php.exe" "C:\xampp\htdocs\ImpulsaTelecom\backend\scripts\enviar_recordatorios.php"
[2025-05-05 16:21:07] Iniciando verificaciu00f3n de recordatorios. Hora actual: 16:21:07
[2025-05-05 16:21:07] Verificando recordatorios para: María García Martínez (elreibo30@gmail.com), Horario: 10:29:00 - 16:06:00
[2025-05-05 16:21:07] No se envu00eda recordatorio a María para salida porque ya se enviu00f3 uno hoy
[2025-05-05 16:21:07] Verificando recordatorios para: Juan Pérez López (juan.perez@impulsatelecom.com), Horario: 09:00:00 - 18:00:00
[2025-05-05 16:21:07] Verificaciu00f3n de recordatorios finalizada
[2025-05-05 16:21:07] Script ejecutado correctamente
[2025-05-05 16:22:06] Verificación de recordatorios solicitada desde el frontend (versión mejorada)
[2025-05-05 16:22:06] INFO DIAGNÓSTICO: María configurada con hora entrada 10:29:00 - salida 16:06:00
[2025-05-05 16:22:06] Ejecutando comando: "C:\xampp\php\php.exe" "C:\xampp\htdocs\ImpulsaTelecom\backend\scripts\enviar_recordatorios.php"
[2025-05-05 16:22:06] Iniciando verificaciu00f3n de recordatorios. Hora actual: 16:22:06
[2025-05-05 16:22:06] Verificando recordatorios para: María García Martínez (elreibo30@gmail.com), Horario: 10:29:00 - 16:06:00
[2025-05-05 16:22:06] No se envu00eda recordatorio a María para salida porque ya se enviu00f3 uno hoy
[2025-05-05 16:22:06] Verificando recordatorios para: Juan Pérez López (juan.perez@impulsatelecom.com), Horario: 09:00:00 - 18:00:00
[2025-05-05 16:22:06] Verificaciu00f3n de recordatorios finalizada
[2025-05-05 16:22:06] Script ejecutado correctamente
[2025-05-05 16:23:02] Verificación de recordatorios solicitada desde el frontend (versión mejorada)
[2025-05-05 16:23:02] INFO DIAGNÓSTICO: María configurada con hora entrada 10:29:00 - salida 16:06:00
[2025-05-05 16:23:02] Ejecutando comando: "C:\xampp\php\php.exe" "C:\xampp\htdocs\ImpulsaTelecom\backend\scripts\enviar_recordatorios.php"
[2025-05-05 16:23:02] Iniciando verificaciu00f3n de recordatorios. Hora actual: 16:23:02
[2025-05-05 16:23:02] Verificando recordatorios para: María García Martínez (elreibo30@gmail.com), Horario: 10:29:00 - 16:06:00
[2025-05-05 16:23:02] No se envu00eda recordatorio a María para salida porque ya se enviu00f3 uno hoy
[2025-05-05 16:23:02] Verificando recordatorios para: Juan Pérez López (juan.perez@impulsatelecom.com), Horario: 09:00:00 - 18:00:00
[2025-05-05 16:23:02] Verificaciu00f3n de recordatorios finalizada
[2025-05-05 16:23:02] Script ejecutado correctamente
[2025-05-05 16:24:02] Verificación de recordatorios solicitada desde el frontend (versión mejorada)
[2025-05-05 16:24:02] INFO DIAGNÓSTICO: María configurada con hora entrada 10:29:00 - salida 16:06:00
[2025-05-05 16:24:02] Ejecutando comando: "C:\xampp\php\php.exe" "C:\xampp\htdocs\ImpulsaTelecom\backend\scripts\enviar_recordatorios.php"
[2025-05-05 16:24:02] Iniciando verificaciu00f3n de recordatorios. Hora actual: 16:24:02
[2025-05-05 16:24:02] Verificando recordatorios para: María García Martínez (elreibo30@gmail.com), Horario: 10:29:00 - 16:06:00
[2025-05-05 16:24:02] No se envu00eda recordatorio a María para salida porque ya se enviu00f3 uno hoy
[2025-05-05 16:24:02] Verificando recordatorios para: Juan Pérez López (juan.perez@impulsatelecom.com), Horario: 09:00:00 - 18:00:00
[2025-05-05 16:24:02] Verificaciu00f3n de recordatorios finalizada
[2025-05-05 16:24:02] Script ejecutado correctamente
