[2025-05-13 11:57:26] Verificación de recordatorios solicitada desde el frontend (versión mejorada)
[2025-05-13 11:57:26] INFO DIAGNÓSTICO: María configurada con hora entrada 10:29:00 - salida 16:47:00
[2025-05-13 11:57:26] Ejecutando comando: "C:\xampp\php\php.exe" "C:\xampp\htdocs\ImpulsaTelecom\backend\scripts\enviar_recordatorios.php"
[2025-05-13 11:57:26] Iniciando verificaciu00f3n de recordatorios. Hora actual: 11:57:26
[2025-05-13 11:57:26] Verificando recordatorios para: María García Martínez (elreibo30@gmail.com), Horario: 10:29:00 - 16:47:00
[2025-05-13 11:57:26] Verificando recordatorios para: Juan Pérez López (juan.perez@impulsatelecom.com), Horario: 09:00:00 - 18:00:00
[2025-05-13 11:57:26] Verificaciu00f3n de recordatorios finalizada
[2025-05-13 11:57:26] Script ejecutado correctamente
[2025-05-13 11:57:26] Verificación de recordatorios solicitada desde el frontend (versión mejorada)
[2025-05-13 11:57:26] INFO DIAGNÓSTICO: María configurada con hora entrada 10:29:00 - salida 16:47:00
[2025-05-13 11:57:26] Ejecutando comando: "C:\xampp\php\php.exe" "C:\xampp\htdocs\ImpulsaTelecom\backend\scripts\enviar_recordatorios.php"
[2025-05-13 11:57:26] Iniciando verificaciu00f3n de recordatorios. Hora actual: 11:57:26
[2025-05-13 11:57:26] Verificando recordatorios para: María García Martínez (elreibo30@gmail.com), Horario: 10:29:00 - 16:47:00
[2025-05-13 11:57:26] Verificando recordatorios para: Juan Pérez López (juan.perez@impulsatelecom.com), Horario: 09:00:00 - 18:00:00
[2025-05-13 11:57:26] Verificaciu00f3n de recordatorios finalizada
[2025-05-13 11:57:26] Script ejecutado correctamente
[2025-05-13 11:58:26] Verificación de recordatorios solicitada desde el frontend (versión mejorada)
[2025-05-13 11:58:26] INFO DIAGNÓSTICO: María configurada con hora entrada 10:29:00 - salida 16:47:00
[2025-05-13 11:58:26] Ejecutando comando: "C:\xampp\php\php.exe" "C:\xampp\htdocs\ImpulsaTelecom\backend\scripts\enviar_recordatorios.php"
[2025-05-13 11:58:26] Iniciando verificaciu00f3n de recordatorios. Hora actual: 11:58:26
[2025-05-13 11:58:26] Verificando recordatorios para: María García Martínez (elreibo30@gmail.com), Horario: 10:29:00 - 16:47:00
[2025-05-13 11:58:26] Verificando recordatorios para: Juan Pérez López (juan.perez@impulsatelecom.com), Horario: 09:00:00 - 18:00:00
[2025-05-13 11:58:26] Verificaciu00f3n de recordatorios finalizada
[2025-05-13 11:58:26] Script ejecutado correctamente
[2025-05-13 11:59:26] Verificación de recordatorios solicitada desde el frontend (versión mejorada)
[2025-05-13 11:59:26] INFO DIAGNÓSTICO: María configurada con hora entrada 10:29:00 - salida 16:47:00
[2025-05-13 11:59:26] Ejecutando comando: "C:\xampp\php\php.exe" "C:\xampp\htdocs\ImpulsaTelecom\backend\scripts\enviar_recordatorios.php"
[2025-05-13 11:59:26] Iniciando verificaciu00f3n de recordatorios. Hora actual: 11:59:26
[2025-05-13 11:59:26] Verificando recordatorios para: María García Martínez (elreibo30@gmail.com), Horario: 10:29:00 - 16:47:00
[2025-05-13 11:59:26] Verificando recordatorios para: Juan Pérez López (juan.perez@impulsatelecom.com), Horario: 09:00:00 - 18:00:00
[2025-05-13 11:59:26] Verificaciu00f3n de recordatorios finalizada
[2025-05-13 11:59:26] Script ejecutado correctamente
[2025-05-13 12:00:26] Verificación de recordatorios solicitada desde el frontend (versión mejorada)
[2025-05-13 12:00:26] INFO DIAGNÓSTICO: María configurada con hora entrada 10:29:00 - salida 16:47:00
[2025-05-13 12:00:26] Ejecutando comando: "C:\xampp\php\php.exe" "C:\xampp\htdocs\ImpulsaTelecom\backend\scripts\enviar_recordatorios.php"
[2025-05-13 12:00:26] Iniciando verificaciu00f3n de recordatorios. Hora actual: 12:00:26
[2025-05-13 12:00:26] Verificando recordatorios para: María García Martínez (elreibo30@gmail.com), Horario: 10:29:00 - 16:47:00
[2025-05-13 12:00:26] Verificando recordatorios para: Juan Pérez López (juan.perez@impulsatelecom.com), Horario: 09:00:00 - 18:00:00
[2025-05-13 12:00:26] Verificaciu00f3n de recordatorios finalizada
[2025-05-13 12:00:26] Script ejecutado correctamente
[2025-05-13 12:01:26] Verificación de recordatorios solicitada desde el frontend (versión mejorada)
[2025-05-13 12:01:26] INFO DIAGNÓSTICO: María configurada con hora entrada 10:29:00 - salida 16:47:00
[2025-05-13 12:01:26] Ejecutando comando: "C:\xampp\php\php.exe" "C:\xampp\htdocs\ImpulsaTelecom\backend\scripts\enviar_recordatorios.php"
[2025-05-13 12:01:26] Iniciando verificaciu00f3n de recordatorios. Hora actual: 12:01:26
[2025-05-13 12:01:26] Verificando recordatorios para: María García Martínez (elreibo30@gmail.com), Horario: 10:29:00 - 16:47:00
[2025-05-13 12:01:26] Verificando recordatorios para: Juan Pérez López (juan.perez@impulsatelecom.com), Horario: 09:00:00 - 18:00:00
[2025-05-13 12:01:26] Verificaciu00f3n de recordatorios finalizada
[2025-05-13 12:01:26] Script ejecutado correctamente
[2025-05-13 12:02:26] Verificación de recordatorios solicitada desde el frontend (versión mejorada)
[2025-05-13 12:02:26] INFO DIAGNÓSTICO: María configurada con hora entrada 10:29:00 - salida 16:47:00
[2025-05-13 12:02:26] Ejecutando comando: "C:\xampp\php\php.exe" "C:\xampp\htdocs\ImpulsaTelecom\backend\scripts\enviar_recordatorios.php"
[2025-05-13 12:02:26] Iniciando verificaciu00f3n de recordatorios. Hora actual: 12:02:26
[2025-05-13 12:02:26] Verificando recordatorios para: María García Martínez (elreibo30@gmail.com), Horario: 10:29:00 - 16:47:00
[2025-05-13 12:02:26] Verificando recordatorios para: Juan Pérez López (juan.perez@impulsatelecom.com), Horario: 09:00:00 - 18:00:00
[2025-05-13 12:02:26] Verificaciu00f3n de recordatorios finalizada
[2025-05-13 12:02:26] Script ejecutado correctamente
[2025-05-13 12:02:53] Verificación de recordatorios solicitada desde el frontend (versión mejorada)
[2025-05-13 12:02:53] INFO DIAGNÓSTICO: María configurada con hora entrada 10:29:00 - salida 16:47:00
[2025-05-13 12:02:53] Ejecutando comando: "C:\xampp\php\php.exe" "C:\xampp\htdocs\ImpulsaTelecom\backend\scripts\enviar_recordatorios.php"
[2025-05-13 12:02:53] Iniciando verificaciu00f3n de recordatorios. Hora actual: 12:02:53
[2025-05-13 12:02:53] Verificando recordatorios para: María García Martínez (elreibo30@gmail.com), Horario: 10:29:00 - 16:47:00
[2025-05-13 12:02:53] Verificando recordatorios para: Juan Pérez López (juan.perez@impulsatelecom.com), Horario: 09:00:00 - 18:00:00
[2025-05-13 12:02:53] Verificaciu00f3n de recordatorios finalizada
[2025-05-13 12:02:53] Script ejecutado correctamente
[2025-05-13 12:02:53] Verificación de recordatorios solicitada desde el frontend (versión mejorada)
[2025-05-13 12:02:53] INFO DIAGNÓSTICO: María configurada con hora entrada 10:29:00 - salida 16:47:00
[2025-05-13 12:02:53] Ejecutando comando: "C:\xampp\php\php.exe" "C:\xampp\htdocs\ImpulsaTelecom\backend\scripts\enviar_recordatorios.php"
[2025-05-13 12:02:53] Iniciando verificaciu00f3n de recordatorios. Hora actual: 12:02:53
[2025-05-13 12:02:53] Verificando recordatorios para: María García Martínez (elreibo30@gmail.com), Horario: 10:29:00 - 16:47:00
[2025-05-13 12:02:53] Verificando recordatorios para: Juan Pérez López (juan.perez@impulsatelecom.com), Horario: 09:00:00 - 18:00:00
[2025-05-13 12:02:53] Verificaciu00f3n de recordatorios finalizada
[2025-05-13 12:02:53] Script ejecutado correctamente
[2025-05-13 12:03:53] Verificación de recordatorios solicitada desde el frontend (versión mejorada)
[2025-05-13 12:03:53] INFO DIAGNÓSTICO: María configurada con hora entrada 10:29:00 - salida 16:47:00
[2025-05-13 12:03:53] Ejecutando comando: "C:\xampp\php\php.exe" "C:\xampp\htdocs\ImpulsaTelecom\backend\scripts\enviar_recordatorios.php"
[2025-05-13 12:03:53] Iniciando verificaciu00f3n de recordatorios. Hora actual: 12:03:53
[2025-05-13 12:03:53] Verificando recordatorios para: María García Martínez (elreibo30@gmail.com), Horario: 10:29:00 - 16:47:00
[2025-05-13 12:03:53] Verificando recordatorios para: Juan Pérez López (juan.perez@impulsatelecom.com), Horario: 09:00:00 - 18:00:00
[2025-05-13 12:03:53] Verificaciu00f3n de recordatorios finalizada
[2025-05-13 12:03:53] Script ejecutado correctamente
[2025-05-13 12:04:53] Verificación de recordatorios solicitada desde el frontend (versión mejorada)
[2025-05-13 12:04:53] INFO DIAGNÓSTICO: María configurada con hora entrada 10:29:00 - salida 16:47:00
[2025-05-13 12:04:53] Ejecutando comando: "C:\xampp\php\php.exe" "C:\xampp\htdocs\ImpulsaTelecom\backend\scripts\enviar_recordatorios.php"
[2025-05-13 12:04:53] Iniciando verificaciu00f3n de recordatorios. Hora actual: 12:04:53
[2025-05-13 12:04:53] Verificando recordatorios para: María García Martínez (elreibo30@gmail.com), Horario: 10:29:00 - 16:47:00
[2025-05-13 12:04:53] Verificando recordatorios para: Juan Pérez López (juan.perez@impulsatelecom.com), Horario: 09:00:00 - 18:00:00
[2025-05-13 12:04:53] Verificaciu00f3n de recordatorios finalizada
[2025-05-13 12:04:53] Script ejecutado correctamente
[2025-05-13 12:05:53] Verificación de recordatorios solicitada desde el frontend (versión mejorada)
[2025-05-13 12:05:53] INFO DIAGNÓSTICO: María configurada con hora entrada 10:29:00 - salida 16:47:00
[2025-05-13 12:05:53] Ejecutando comando: "C:\xampp\php\php.exe" "C:\xampp\htdocs\ImpulsaTelecom\backend\scripts\enviar_recordatorios.php"
[2025-05-13 12:05:53] Iniciando verificaciu00f3n de recordatorios. Hora actual: 12:05:53
[2025-05-13 12:05:53] Verificando recordatorios para: María García Martínez (elreibo30@gmail.com), Horario: 10:29:00 - 16:47:00
[2025-05-13 12:05:53] Verificando recordatorios para: Juan Pérez López (juan.perez@impulsatelecom.com), Horario: 09:00:00 - 18:00:00
[2025-05-13 12:05:53] Verificaciu00f3n de recordatorios finalizada
[2025-05-13 12:05:53] Script ejecutado correctamente
[2025-05-13 12:06:02] Verificación de recordatorios solicitada desde el frontend (versión mejorada)
[2025-05-13 12:06:02] INFO DIAGNÓSTICO: María configurada con hora entrada 10:29:00 - salida 16:47:00
[2025-05-13 12:06:02] Ejecutando comando: "C:\xampp\php\php.exe" "C:\xampp\htdocs\ImpulsaTelecom\backend\scripts\enviar_recordatorios.php"
[2025-05-13 12:06:02] Iniciando verificaciu00f3n de recordatorios. Hora actual: 12:06:02
[2025-05-13 12:06:02] Verificando recordatorios para: María García Martínez (elreibo30@gmail.com), Horario: 10:29:00 - 16:47:00
[2025-05-13 12:06:02] Verificando recordatorios para: Juan Pérez López (juan.perez@impulsatelecom.com), Horario: 09:00:00 - 18:00:00
[2025-05-13 12:06:02] Verificaciu00f3n de recordatorios finalizada
[2025-05-13 12:06:02] Script ejecutado correctamente
[2025-05-13 12:06:02] Verificación de recordatorios solicitada desde el frontend (versión mejorada)
[2025-05-13 12:06:02] INFO DIAGNÓSTICO: María configurada con hora entrada 10:29:00 - salida 16:47:00
[2025-05-13 12:06:02] Ejecutando comando: "C:\xampp\php\php.exe" "C:\xampp\htdocs\ImpulsaTelecom\backend\scripts\enviar_recordatorios.php"
[2025-05-13 12:06:02] Iniciando verificaciu00f3n de recordatorios. Hora actual: 12:06:02
[2025-05-13 12:06:02] Verificando recordatorios para: María García Martínez (elreibo30@gmail.com), Horario: 10:29:00 - 16:47:00
[2025-05-13 12:06:02] Verificando recordatorios para: Juan Pérez López (juan.perez@impulsatelecom.com), Horario: 09:00:00 - 18:00:00
[2025-05-13 12:06:02] Verificaciu00f3n de recordatorios finalizada
[2025-05-13 12:06:02] Script ejecutado correctamente
[2025-05-13 12:06:36] Verificación de recordatorios solicitada desde el frontend (versión mejorada)
[2025-05-13 12:06:36] INFO DIAGNÓSTICO: María configurada con hora entrada 10:29:00 - salida 16:47:00
[2025-05-13 12:06:36] Ejecutando comando: "C:\xampp\php\php.exe" "C:\xampp\htdocs\ImpulsaTelecom\backend\scripts\enviar_recordatorios.php"
[2025-05-13 12:06:36] Iniciando verificaciu00f3n de recordatorios. Hora actual: 12:06:36
[2025-05-13 12:06:36] Verificando recordatorios para: María García Martínez (elreibo30@gmail.com), Horario: 10:29:00 - 16:47:00
[2025-05-13 12:06:36] Verificando recordatorios para: Juan Pérez López (juan.perez@impulsatelecom.com), Horario: 09:00:00 - 18:00:00
[2025-05-13 12:06:36] Verificaciu00f3n de recordatorios finalizada
[2025-05-13 12:06:36] Script ejecutado correctamente
[2025-05-13 12:06:36] Verificación de recordatorios solicitada desde el frontend (versión mejorada)
[2025-05-13 12:06:36] INFO DIAGNÓSTICO: María configurada con hora entrada 10:29:00 - salida 16:47:00
[2025-05-13 12:06:36] Ejecutando comando: "C:\xampp\php\php.exe" "C:\xampp\htdocs\ImpulsaTelecom\backend\scripts\enviar_recordatorios.php"
[2025-05-13 12:06:36] Iniciando verificaciu00f3n de recordatorios. Hora actual: 12:06:36
[2025-05-13 12:06:36] Verificando recordatorios para: María García Martínez (elreibo30@gmail.com), Horario: 10:29:00 - 16:47:00
[2025-05-13 12:06:36] Verificando recordatorios para: Juan Pérez López (juan.perez@impulsatelecom.com), Horario: 09:00:00 - 18:00:00
[2025-05-13 12:06:36] Verificaciu00f3n de recordatorios finalizada
[2025-05-13 12:06:36] Script ejecutado correctamente
[2025-05-13 12:06:40] Verificación de recordatorios solicitada desde el frontend (versión mejorada)
[2025-05-13 12:06:40] INFO DIAGNÓSTICO: María configurada con hora entrada 10:29:00 - salida 16:47:00
[2025-05-13 12:06:40] Ejecutando comando: "C:\xampp\php\php.exe" "C:\xampp\htdocs\ImpulsaTelecom\backend\scripts\enviar_recordatorios.php"
[2025-05-13 12:06:40] Iniciando verificaciu00f3n de recordatorios. Hora actual: 12:06:40
[2025-05-13 12:06:40] Verificando recordatorios para: María García Martínez (elreibo30@gmail.com), Horario: 10:29:00 - 16:47:00
[2025-05-13 12:06:40] Verificando recordatorios para: Juan Pérez López (juan.perez@impulsatelecom.com), Horario: 09:00:00 - 18:00:00
[2025-05-13 12:06:40] Verificaciu00f3n de recordatorios finalizada
[2025-05-13 12:06:40] Script ejecutado correctamente
[2025-05-13 12:06:40] Verificación de recordatorios solicitada desde el frontend (versión mejorada)
[2025-05-13 12:06:40] INFO DIAGNÓSTICO: María configurada con hora entrada 10:29:00 - salida 16:47:00
[2025-05-13 12:06:40] Ejecutando comando: "C:\xampp\php\php.exe" "C:\xampp\htdocs\ImpulsaTelecom\backend\scripts\enviar_recordatorios.php"
[2025-05-13 12:06:40] Iniciando verificaciu00f3n de recordatorios. Hora actual: 12:06:40
[2025-05-13 12:06:41] Verificando recordatorios para: María García Martínez (elreibo30@gmail.com), Horario: 10:29:00 - 16:47:00
[2025-05-13 12:06:41] Verificando recordatorios para: Juan Pérez López (juan.perez@impulsatelecom.com), Horario: 09:00:00 - 18:00:00
[2025-05-13 12:06:41] Verificaciu00f3n de recordatorios finalizada
[2025-05-13 12:06:41] Script ejecutado correctamente
[2025-05-13 12:06:51] Verificación de recordatorios solicitada desde el frontend (versión mejorada)
[2025-05-13 12:06:51] INFO DIAGNÓSTICO: María configurada con hora entrada 10:29:00 - salida 16:47:00
[2025-05-13 12:06:51] Ejecutando comando: "C:\xampp\php\php.exe" "C:\xampp\htdocs\ImpulsaTelecom\backend\scripts\enviar_recordatorios.php"
[2025-05-13 12:06:51] Iniciando verificaciu00f3n de recordatorios. Hora actual: 12:06:51
[2025-05-13 12:06:51] Verificando recordatorios para: María García Martínez (elreibo30@gmail.com), Horario: 10:29:00 - 16:47:00
[2025-05-13 12:06:51] Verificando recordatorios para: Juan Pérez López (juan.perez@impulsatelecom.com), Horario: 09:00:00 - 18:00:00
[2025-05-13 12:06:51] Verificaciu00f3n de recordatorios finalizada
[2025-05-13 12:06:51] Script ejecutado correctamente
[2025-05-13 12:06:51] Verificación de recordatorios solicitada desde el frontend (versión mejorada)
[2025-05-13 12:06:51] INFO DIAGNÓSTICO: María configurada con hora entrada 10:29:00 - salida 16:47:00
[2025-05-13 12:06:51] Ejecutando comando: "C:\xampp\php\php.exe" "C:\xampp\htdocs\ImpulsaTelecom\backend\scripts\enviar_recordatorios.php"
[2025-05-13 12:06:51] Iniciando verificaciu00f3n de recordatorios. Hora actual: 12:06:51
[2025-05-13 12:06:51] Verificando recordatorios para: María García Martínez (elreibo30@gmail.com), Horario: 10:29:00 - 16:47:00
[2025-05-13 12:06:51] Verificando recordatorios para: Juan Pérez López (juan.perez@impulsatelecom.com), Horario: 09:00:00 - 18:00:00
[2025-05-13 12:06:51] Verificaciu00f3n de recordatorios finalizada
[2025-05-13 12:06:51] Script ejecutado correctamente
