[2025-04-24 12:16:00] Iniciando verificación de recordatorios. Hora actual: 12:16:00
[2025-04-24 12:16:00] Verificando recordatorios para: Jornada Completa Pérez López (juan.perez@impulsatelecom.com), Horario: 09:00:00 - 18:00:00
[2025-04-24 12:16:00] Verificando recordatorios para: Jornada Intensiva García Martínez (elreibo30@gmail.com), Horario: 08:00:00 - 15:00:00
[2025-04-24 12:16:00] Verificación de recordatorios finalizada
[2025-04-24 15:09:51] Iniciando verificación de recordatorios. Hora actual: 15:09:51
[2025-04-24 15:09:51] Verificando recordatorios para: Jornada Completa Pérez López (juan.perez@impulsatelecom.com), Horario: 09:00:00 - 18:00:00
[2025-04-24 15:09:51] Verificando recordatorios para: Jornada Intensiva García Martínez (elreibo30@gmail.com), Horario: 08:00:00 - 15:00:00
[2025-04-24 15:09:51] Verificación de recordatorios finalizada
[2025-04-24 15:12:02] Iniciando verificación de recordatorios. Hora actual: 15:12:02
[2025-04-24 15:12:02] Verificando recordatorios para: Jornada Completa Pérez López (juan.perez@impulsatelecom.com), Horario: 09:00:00 - 18:00:00
[2025-04-24 15:12:02] Verificando recordatorios para: Jornada Intensiva García Martínez (elreibo30@gmail.com), Horario: 08:00:00 - 15:00:00
[2025-04-24 15:12:02] Verificación de recordatorios finalizada
[2025-04-24 15:13:02] Iniciando verificación de recordatorios. Hora actual: 15:13:02
[2025-04-24 15:13:02] Verificando recordatorios para: Jornada Completa Pérez López (juan.perez@impulsatelecom.com), Horario: 09:00:00 - 18:00:00
[2025-04-24 15:13:02] Verificando recordatorios para: Jornada Intensiva García Martínez (elreibo30@gmail.com), Horario: 08:00:00 - 15:00:00
[2025-04-24 15:13:02] Verificación de recordatorios finalizada
[2025-04-24 15:14:02] Iniciando verificación de recordatorios. Hora actual: 15:14:02
[2025-04-24 15:14:02] Verificando recordatorios para: Jornada Completa Pérez López (juan.perez@impulsatelecom.com), Horario: 09:00:00 - 18:00:00
[2025-04-24 15:14:02] Verificando recordatorios para: Jornada Intensiva García Martínez (elreibo30@gmail.com), Horario: 08:00:00 - 15:00:00
[2025-04-24 15:14:02] Verificación de recordatorios finalizada
[2025-04-24 15:15:02] Iniciando verificación de recordatorios. Hora actual: 15:15:02
[2025-04-24 15:15:02] Verificando recordatorios para: Jornada Completa Pérez López (juan.perez@impulsatelecom.com), Horario: 09:00:00 - 18:00:00
[2025-04-24 15:15:02] Verificando recordatorios para: Jornada Intensiva García Martínez (elreibo30@gmail.com), Horario: 08:00:00 - 15:00:00
[2025-04-24 15:15:02] Verificación de recordatorios finalizada
[2025-04-24 15:16:01] Iniciando verificación de recordatorios. Hora actual: 15:16:01
[2025-04-24 15:16:01] Verificando recordatorios para: Jornada Completa Pérez López (juan.perez@impulsatelecom.com), Horario: 09:00:00 - 18:00:00
[2025-04-24 15:16:01] Verificando recordatorios para: Jornada Intensiva García Martínez (elreibo30@gmail.com), Horario: 08:00:00 - 15:00:00
[2025-04-24 15:16:01] Verificación de recordatorios finalizada
[2025-04-24 15:17:01] Iniciando verificación de recordatorios. Hora actual: 15:17:01
[2025-04-24 15:17:01] Verificando recordatorios para: Jornada Completa Pérez López (juan.perez@impulsatelecom.com), Horario: 09:00:00 - 18:00:00
[2025-04-24 15:17:01] Verificando recordatorios para: Jornada Intensiva García Martínez (elreibo30@gmail.com), Horario: 08:00:00 - 15:00:00
[2025-04-24 15:17:01] Verificación de recordatorios finalizada
[2025-04-24 15:18:01] Iniciando verificación de recordatorios. Hora actual: 15:18:01
[2025-04-24 15:18:01] Verificando recordatorios para: Jornada Completa Pérez López (juan.perez@impulsatelecom.com), Horario: 09:00:00 - 18:00:00
[2025-04-24 15:18:01] Verificando recordatorios para: Jornada Intensiva García Martínez (elreibo30@gmail.com), Horario: 08:00:00 - 15:00:00
[2025-04-24 15:18:01] Verificación de recordatorios finalizada
[2025-04-24 15:19:01] Iniciando verificación de recordatorios. Hora actual: 15:19:01
[2025-04-24 15:19:01] Verificando recordatorios para: Jornada Completa Pérez López (juan.perez@impulsatelecom.com), Horario: 09:00:00 - 18:00:00
[2025-04-24 15:19:01] Verificando recordatorios para: Jornada Intensiva García Martínez (elreibo30@gmail.com), Horario: 08:00:00 - 15:00:00
[2025-04-24 15:19:01] Verificación de recordatorios finalizada
[2025-04-24 15:19:09] Verificación de recordatorios solicitada desde el frontend
[2025-04-24 15:20:01] Iniciando verificación de recordatorios. Hora actual: 15:20:01
[2025-04-24 15:20:01] Verificando recordatorios para: Jornada Completa Pérez López (juan.perez@impulsatelecom.com), Horario: 09:00:00 - 18:00:00
[2025-04-24 15:20:01] Verificando recordatorios para: Jornada Intensiva García Martínez (elreibo30@gmail.com), Horario: 08:00:00 - 15:00:00
[2025-04-24 15:20:01] Verificación de recordatorios finalizada
[2025-04-24 15:20:10] Verificación de recordatorios solicitada desde el frontend
[2025-04-24 15:21:10] Verificación de recordatorios solicitada desde el frontend
[2025-04-24 15:22:01] Verificación de recordatorios solicitada desde el frontend
[2025-04-24 15:22:01] Verificación de recordatorios solicitada desde el frontend
[2025-04-24 15:22:10] Verificación de recordatorios solicitada desde el frontend
[2025-04-24 15:22:56] Verificación de recordatorios solicitada desde el frontend
[2025-04-24 15:22:56] Verificación de recordatorios solicitada desde el frontend
[2025-04-24 15:23:02] Verificación de recordatorios solicitada desde el frontend
[2025-04-24 15:23:56] Verificación de recordatorios solicitada desde el frontend
[2025-04-24 15:24:02] Verificación de recordatorios solicitada desde el frontend
[2025-04-24 15:24:57] Verificación de recordatorios solicitada desde el frontend
[2025-04-24 15:25:02] Verificación de recordatorios solicitada desde el frontend
[2025-04-24 15:25:57] Verificación de recordatorios solicitada desde el frontend
[2025-04-24 15:26:02] Verificación de recordatorios solicitada desde el frontend
[2025-04-24 15:26:57] Verificación de recordatorios solicitada desde el frontend
[2025-04-24 15:27:23] Verificación de recordatorios solicitada desde el frontend
[2025-04-24 15:28:23] Verificación de recordatorios solicitada desde el frontend
[2025-04-24 15:28:23] Verificación de recordatorios solicitada desde el frontend
[2025-04-24 15:29:23] Verificación de recordatorios solicitada desde el frontend
[2025-04-24 15:29:23] Verificación de recordatorios solicitada desde el frontend
[2025-04-24 15:30:23] Verificación de recordatorios solicitada desde el frontend
[2025-04-24 15:30:23] Verificación de recordatorios solicitada desde el frontend
[2025-04-24 15:31:23] Verificación de recordatorios solicitada desde el frontend
[2025-04-24 15:31:23] Verificación de recordatorios solicitada desde el frontend
[2025-04-24 15:32:23] Verificación de recordatorios solicitada desde el frontend
[2025-04-24 15:32:23] Verificación de recordatorios solicitada desde el frontend
[2025-04-24 15:33:23] Verificación de recordatorios solicitada desde el frontend
[2025-04-24 15:33:23] Verificación de recordatorios solicitada desde el frontend
[2025-04-24 15:34:23] Verificación de recordatorios solicitada desde el frontend
[2025-04-24 15:34:23] Verificación de recordatorios solicitada desde el frontend
[2025-04-24 15:35:23] Verificación de recordatorios solicitada desde el frontend
[2025-04-24 15:35:23] Verificación de recordatorios solicitada desde el frontend
[2025-04-24 15:36:23] Verificación de recordatorios solicitada desde el frontend
[2025-04-24 15:36:23] Verificación de recordatorios solicitada desde el frontend
[2025-04-24 15:37:23] Verificación de recordatorios solicitada desde el frontend
[2025-04-24 15:37:23] Verificación de recordatorios solicitada desde el frontend
[2025-04-24 15:38:23] Verificación de recordatorios solicitada desde el frontend
[2025-04-24 15:38:23] Verificación de recordatorios solicitada desde el frontend
[2025-04-24 15:38:57] Verificación de recordatorios solicitada desde el frontend
[2025-04-24 15:39:23] Verificación de recordatorios solicitada desde el frontend
[2025-04-24 15:40:23] Verificación de recordatorios solicitada desde el frontend
[2025-04-24 15:40:23] Verificación de recordatorios solicitada desde el frontend
[2025-04-24 15:41:23] Verificación de recordatorios solicitada desde el frontend
[2025-04-24 15:41:23] Verificación de recordatorios solicitada desde el frontend
[2025-04-24 15:42:23] Verificación de recordatorios solicitada desde el frontend
[2025-04-24 15:42:23] Verificación de recordatorios solicitada desde el frontend
[2025-04-24 15:43:23] Verificación de recordatorios solicitada desde el frontend
[2025-04-24 15:43:23] Verificación de recordatorios solicitada desde el frontend
[2025-04-24 15:44:23] Verificación de recordatorios solicitada desde el frontend
[2025-04-24 15:44:23] Verificación de recordatorios solicitada desde el frontend
[2025-04-24 15:45:23] Verificación de recordatorios solicitada desde el frontend
[2025-04-24 15:45:23] Verificación de recordatorios solicitada desde el frontend
[2025-04-24 15:46:23] Verificación de recordatorios solicitada desde el frontend
[2025-04-24 15:46:23] Verificación de recordatorios solicitada desde el frontend
[2025-04-24 15:47:23] Verificación de recordatorios solicitada desde el frontend
[2025-04-24 15:47:23] Verificación de recordatorios solicitada desde el frontend
[2025-04-24 15:47:57] Verificación de recordatorios solicitada desde el frontend
[2025-04-24 15:48:02] Verificación de recordatorios solicitada desde el frontend
[2025-04-24 15:48:02] Verificación de recordatorios solicitada desde el frontend
[2025-04-24 15:48:23] Verificación de recordatorios solicitada desde el frontend
[2025-04-24 15:49:02] Verificación de recordatorios solicitada desde el frontend
[2025-04-24 15:49:23] Verificación de recordatorios solicitada desde el frontend
[2025-04-24 15:50:02] Verificación de recordatorios solicitada desde el frontend
[2025-04-24 15:50:23] Verificación de recordatorios solicitada desde el frontend
[2025-04-24 15:51:02] Verificación de recordatorios solicitada desde el frontend
[2025-04-24 15:51:23] Verificación de recordatorios solicitada desde el frontend
[2025-04-24 15:52:02] Verificación de recordatorios solicitada desde el frontend
[2025-04-24 15:52:23] Verificación de recordatorios solicitada desde el frontend
[2025-04-24 15:53:23] Verificación de recordatorios solicitada desde el frontend
[2025-04-24 15:53:23] Verificación de recordatorios solicitada desde el frontend
[2025-04-24 15:54:23] Verificación de recordatorios solicitada desde el frontend
[2025-04-24 15:54:23] Verificación de recordatorios solicitada desde el frontend
[2025-04-24 15:55:23] Verificación de recordatorios solicitada desde el frontend
[2025-04-24 15:55:23] Verificación de recordatorios solicitada desde el frontend
[2025-04-24 15:56:23] Verificación de recordatorios solicitada desde el frontend
[2025-04-24 15:56:23] Verificación de recordatorios solicitada desde el frontend
[2025-04-24 15:57:23] Verificación de recordatorios solicitada desde el frontend
[2025-04-24 15:57:23] Verificación de recordatorios solicitada desde el frontend
[2025-04-24 15:58:23] Verificación de recordatorios solicitada desde el frontend
[2025-04-24 15:58:23] Verificación de recordatorios solicitada desde el frontend
[2025-04-24 15:59:23] Verificación de recordatorios solicitada desde el frontend
[2025-04-24 15:59:23] Verificación de recordatorios solicitada desde el frontend
[2025-04-24 16:00:23] Verificación de recordatorios solicitada desde el frontend
[2025-04-24 16:00:23] Verificación de recordatorios solicitada desde el frontend
[2025-04-24 16:01:23] Verificación de recordatorios solicitada desde el frontend
[2025-04-24 16:01:23] Verificación de recordatorios solicitada desde el frontend
[2025-04-24 16:02:23] Verificación de recordatorios solicitada desde el frontend
[2025-04-24 16:02:23] Verificación de recordatorios solicitada desde el frontend
[2025-04-24 16:03:23] Verificación de recordatorios solicitada desde el frontend
[2025-04-24 16:03:23] Verificación de recordatorios solicitada desde el frontend
[2025-04-24 16:04:23] Verificación de recordatorios solicitada desde el frontend
[2025-04-24 16:04:23] Verificación de recordatorios solicitada desde el frontend
[2025-04-24 16:05:23] Verificación de recordatorios solicitada desde el frontend
[2025-04-24 16:05:23] Verificación de recordatorios solicitada desde el frontend
[2025-04-24 16:06:23] Verificación de recordatorios solicitada desde el frontend
[2025-04-24 16:06:23] Verificación de recordatorios solicitada desde el frontend
[2025-04-24 16:07:05] Verificación de recordatorios solicitada desde el frontend
[2025-04-24 16:07:23] Verificación de recordatorios solicitada desde el frontend
[2025-04-24 16:08:02] Verificación de recordatorios solicitada desde el frontend
[2025-04-24 16:08:23] Verificación de recordatorios solicitada desde el frontend
[2025-04-24 16:09:23] Verificación de recordatorios solicitada desde el frontend
[2025-04-24 16:09:23] Verificación de recordatorios solicitada desde el frontend
[2025-04-24 16:10:23] Verificación de recordatorios solicitada desde el frontend
[2025-04-24 16:10:23] Verificación de recordatorios solicitada desde el frontend
[2025-04-24 16:11:23] Verificación de recordatorios solicitada desde el frontend
[2025-04-24 16:11:23] Verificación de recordatorios solicitada desde el frontend
[2025-04-24 16:12:23] Verificación de recordatorios solicitada desde el frontend
[2025-04-24 16:12:23] Verificación de recordatorios solicitada desde el frontend
[2025-04-24 16:13:23] Verificación de recordatorios solicitada desde el frontend
[2025-04-24 16:13:23] Verificación de recordatorios solicitada desde el frontend
[2025-04-24 16:14:23] Verificación de recordatorios solicitada desde el frontend
[2025-04-24 16:14:23] Verificación de recordatorios solicitada desde el frontend
[2025-04-24 16:15:23] Verificación de recordatorios solicitada desde el frontend
[2025-04-24 16:15:23] Verificación de recordatorios solicitada desde el frontend
[2025-04-24 16:16:23] Verificación de recordatorios solicitada desde el frontend
[2025-04-24 16:16:23] Verificación de recordatorios solicitada desde el frontend
[2025-04-24 16:17:23] Verificación de recordatorios solicitada desde el frontend
[2025-04-24 16:17:23] Verificación de recordatorios solicitada desde el frontend
[2025-04-24 16:18:23] Verificación de recordatorios solicitada desde el frontend
[2025-04-24 16:18:23] Verificación de recordatorios solicitada desde el frontend
[2025-04-24 16:19:23] Verificación de recordatorios solicitada desde el frontend
[2025-04-24 16:19:23] Verificación de recordatorios solicitada desde el frontend
[2025-04-24 16:20:23] Verificación de recordatorios solicitada desde el frontend
[2025-04-24 16:20:23] Verificación de recordatorios solicitada desde el frontend
[2025-04-24 16:21:23] Verificación de recordatorios solicitada desde el frontend
[2025-04-24 16:21:23] Verificación de recordatorios solicitada desde el frontend
[2025-04-24 16:22:23] Verificación de recordatorios solicitada desde el frontend
[2025-04-24 16:22:23] Verificación de recordatorios solicitada desde el frontend
[2025-04-24 16:23:23] Verificación de recordatorios solicitada desde el frontend
[2025-04-24 16:23:23] Verificación de recordatorios solicitada desde el frontend
[2025-04-24 16:24:23] Verificación de recordatorios solicitada desde el frontend
[2025-04-24 16:24:23] Verificación de recordatorios solicitada desde el frontend
[2025-04-24 16:25:23] Verificación de recordatorios solicitada desde el frontend
[2025-04-24 16:25:23] Verificación de recordatorios solicitada desde el frontend
[2025-04-24 16:26:23] Verificación de recordatorios solicitada desde el frontend
[2025-04-24 16:26:23] Verificación de recordatorios solicitada desde el frontend
[2025-04-24 16:27:23] Verificación de recordatorios solicitada desde el frontend
[2025-04-24 16:27:23] Verificación de recordatorios solicitada desde el frontend
[2025-04-24 16:28:23] Verificación de recordatorios solicitada desde el frontend
[2025-04-24 16:28:23] Verificación de recordatorios solicitada desde el frontend
[2025-04-24 16:29:23] Verificación de recordatorios solicitada desde el frontend
[2025-04-24 16:29:23] Verificación de recordatorios solicitada desde el frontend
[2025-04-24 16:30:23] Verificación de recordatorios solicitada desde el frontend
[2025-04-24 16:30:23] Verificación de recordatorios solicitada desde el frontend
[2025-04-24 16:31:23] Verificación de recordatorios solicitada desde el frontend
[2025-04-24 16:31:23] Verificación de recordatorios solicitada desde el frontend
[2025-04-24 16:32:23] Verificación de recordatorios solicitada desde el frontend
[2025-04-24 16:32:23] Verificación de recordatorios solicitada desde el frontend
[2025-04-24 16:33:23] Verificación de recordatorios solicitada desde el frontend
[2025-04-24 16:33:23] Verificación de recordatorios solicitada desde el frontend
[2025-04-24 16:34:23] Verificación de recordatorios solicitada desde el frontend
[2025-04-24 16:34:23] Verificación de recordatorios solicitada desde el frontend
[2025-04-24 16:35:23] Verificación de recordatorios solicitada desde el frontend
[2025-04-24 16:35:23] Verificación de recordatorios solicitada desde el frontend
[2025-04-24 16:36:23] Verificación de recordatorios solicitada desde el frontend
[2025-04-24 16:36:23] Verificación de recordatorios solicitada desde el frontend
[2025-04-24 16:37:23] Verificación de recordatorios solicitada desde el frontend
[2025-04-24 16:37:23] Verificación de recordatorios solicitada desde el frontend
[2025-04-24 16:38:23] Verificación de recordatorios solicitada desde el frontend
[2025-04-24 16:38:23] Verificación de recordatorios solicitada desde el frontend
[2025-04-24 16:39:23] Verificación de recordatorios solicitada desde el frontend
[2025-04-24 16:39:23] Verificación de recordatorios solicitada desde el frontend
[2025-04-24 16:40:23] Verificación de recordatorios solicitada desde el frontend
[2025-04-24 16:40:23] Verificación de recordatorios solicitada desde el frontend
[2025-04-24 16:41:23] Verificación de recordatorios solicitada desde el frontend
[2025-04-24 16:41:23] Verificación de recordatorios solicitada desde el frontend
[2025-04-24 16:42:23] Verificación de recordatorios solicitada desde el frontend
[2025-04-24 16:42:23] Verificación de recordatorios solicitada desde el frontend
[2025-04-24 16:43:23] Verificación de recordatorios solicitada desde el frontend
[2025-04-24 16:43:23] Verificación de recordatorios solicitada desde el frontend
[2025-04-24 16:44:23] Verificación de recordatorios solicitada desde el frontend
[2025-04-24 16:44:23] Verificación de recordatorios solicitada desde el frontend
[2025-04-24 16:45:23] Verificación de recordatorios solicitada desde el frontend
[2025-04-24 16:45:23] Verificación de recordatorios solicitada desde el frontend
[2025-04-24 16:45:36] Verificación de recordatorios solicitada desde el frontend
[2025-04-24 16:45:36] Verificación de recordatorios solicitada desde el frontend
[2025-04-24 16:46:23] Verificación de recordatorios solicitada desde el frontend
[2025-04-24 16:46:37] Verificación de recordatorios solicitada desde el frontend
[2025-04-24 16:47:23] Verificación de recordatorios solicitada desde el frontend
[2025-04-24 16:47:37] Verificación de recordatorios solicitada desde el frontend
[2025-04-24 16:48:23] Verificación de recordatorios solicitada desde el frontend
[2025-04-24 16:48:37] Verificación de recordatorios solicitada desde el frontend
[2025-04-24 16:49:23] Verificación de recordatorios solicitada desde el frontend
[2025-04-24 16:49:37] Verificación de recordatorios solicitada desde el frontend
[2025-04-24 16:50:23] Verificación de recordatorios solicitada desde el frontend
[2025-04-24 16:51:23] Verificación de recordatorios solicitada desde el frontend
[2025-04-24 16:51:23] Verificación de recordatorios solicitada desde el frontend
[2025-04-24 16:52:23] Verificación de recordatorios solicitada desde el frontend
[2025-04-24 16:52:23] Verificación de recordatorios solicitada desde el frontend
[2025-04-24 16:53:23] Verificación de recordatorios solicitada desde el frontend
[2025-04-24 16:53:23] Verificación de recordatorios solicitada desde el frontend
[2025-04-24 16:53:37] Iniciando verificaciu00f3n de recordatorios. Hora actual: 16:53:37
[2025-04-24 16:53:37] Error en la consulta: Unknown column 'h.hora_entrada' in 'field list'
[2025-04-24 16:54:23] Verificación de recordatorios solicitada desde el frontend
[2025-04-24 16:54:23] Verificación de recordatorios solicitada desde el frontend
[2025-04-24 16:55:23] Verificación de recordatorios solicitada desde el frontend
[2025-04-24 16:55:23] Verificación de recordatorios solicitada desde el frontend
[2025-04-24 16:56:23] Verificación de recordatorios solicitada desde el frontend
[2025-04-24 16:56:23] Verificación de recordatorios solicitada desde el frontend
[2025-04-24 16:57:23] Verificación de recordatorios solicitada desde el frontend
[2025-04-24 16:57:23] Verificación de recordatorios solicitada desde el frontend
[2025-04-24 16:58:23] Verificación de recordatorios solicitada desde el frontend
[2025-04-24 16:58:23] Verificación de recordatorios solicitada desde el frontend
[2025-04-24 16:59:23] Verificación de recordatorios solicitada desde el frontend
[2025-04-24 16:59:23] Verificación de recordatorios solicitada desde el frontend
[2025-04-24 17:00:01] Iniciando verificaciu00f3n de recordatorios. Hora actual: 17:00:01
[2025-04-24 17:00:01] Error en la consulta: Unknown column 'h.hora_entrada' in 'field list'
[2025-04-24 17:00:23] Verificación de recordatorios solicitada desde el frontend
[2025-04-24 17:00:23] Verificación de recordatorios solicitada desde el frontend
[2025-04-24 17:01:01] Iniciando verificaciu00f3n de recordatorios. Hora actual: 17:01:01
[2025-04-24 17:01:01] Error en la consulta: Unknown column 'h.hora_entrada' in 'field list'
[2025-04-24 17:01:23] Verificación de recordatorios solicitada desde el frontend
[2025-04-24 17:01:23] Verificación de recordatorios solicitada desde el frontend
[2025-04-24 17:02:01] Iniciando verificaciu00f3n de recordatorios. Hora actual: 17:02:01
[2025-04-24 17:02:01] Error en la consulta: Unknown column 'h.hora_entrada' in 'field list'
[2025-04-24 17:02:23] Verificación de recordatorios solicitada desde el frontend
[2025-04-24 17:02:23] Verificación de recordatorios solicitada desde el frontend
[2025-04-24 17:03:01] Iniciando verificaciu00f3n de recordatorios. Hora actual: 17:03:01
[2025-04-24 17:03:01] Error en la consulta: Unknown column 'h.hora_entrada' in 'field list'
[2025-04-24 17:03:23] Verificación de recordatorios solicitada desde el frontend
[2025-04-24 17:03:23] Verificación de recordatorios solicitada desde el frontend
[2025-04-24 17:04:23] Verificación de recordatorios solicitada desde el frontend
[2025-04-24 17:04:23] Verificación de recordatorios solicitada desde el frontend
[2025-04-24 17:05:23] Verificación de recordatorios solicitada desde el frontend
[2025-04-24 17:05:23] Verificación de recordatorios solicitada desde el frontend
[2025-04-24 17:06:23] Verificación de recordatorios solicitada desde el frontend
[2025-04-24 17:06:23] Verificación de recordatorios solicitada desde el frontend
[2025-04-24 17:07:23] Verificación de recordatorios solicitada desde el frontend
[2025-04-24 17:07:23] Verificación de recordatorios solicitada desde el frontend
[2025-04-24 17:08:23] Verificación de recordatorios solicitada desde el frontend
[2025-04-24 17:08:23] Verificación de recordatorios solicitada desde el frontend
[2025-04-24 17:09:23] Verificación de recordatorios solicitada desde el frontend
[2025-04-24 17:09:23] Verificación de recordatorios solicitada desde el frontend
[2025-04-24 17:10:23] Verificación de recordatorios solicitada desde el frontend
[2025-04-24 17:10:23] Verificación de recordatorios solicitada desde el frontend
[2025-04-24 17:11:23] Verificación de recordatorios solicitada desde el frontend
[2025-04-24 17:11:23] Verificación de recordatorios solicitada desde el frontend
[2025-04-24 17:11:56] Verificación de recordatorios solicitada desde el frontend
[2025-04-24 17:11:58] Verificación de recordatorios solicitada desde el frontend
[2025-04-24 17:11:58] Verificación de recordatorios solicitada desde el frontend
[2025-04-24 17:12:23] Verificación de recordatorios solicitada desde el frontend
[2025-04-24 17:12:58] Verificación de recordatorios solicitada desde el frontend
[2025-04-24 17:13:23] Verificación de recordatorios solicitada desde el frontend
[2025-04-24 17:13:58] Verificación de recordatorios solicitada desde el frontend
[2025-04-24 17:14:23] Verificación de recordatorios solicitada desde el frontend
[2025-04-24 17:14:58] Verificación de recordatorios solicitada desde el frontend
[2025-04-24 17:15:23] Verificación de recordatorios solicitada desde el frontend
[2025-04-24 17:15:58] Verificación de recordatorios solicitada desde el frontend
[2025-04-24 17:16:23] Verificación de recordatorios solicitada desde el frontend
[2025-04-24 17:16:58] Verificación de recordatorios solicitada desde el frontend
[2025-04-24 17:17:23] Verificación de recordatorios solicitada desde el frontend
[2025-04-24 17:17:58] Verificación de recordatorios solicitada desde el frontend
[2025-04-24 17:18:23] Verificación de recordatorios solicitada desde el frontend
[2025-04-24 17:18:58] Verificación de recordatorios solicitada desde el frontend
[2025-04-24 17:19:23] Verificación de recordatorios solicitada desde el frontend
[2025-04-24 17:19:58] Verificación de recordatorios solicitada desde el frontend
[2025-04-24 17:20:23] Verificación de recordatorios solicitada desde el frontend
[2025-04-24 17:20:58] Verificación de recordatorios solicitada desde el frontend
[2025-04-24 17:21:23] Verificación de recordatorios solicitada desde el frontend
[2025-04-24 17:21:58] Verificación de recordatorios solicitada desde el frontend
[2025-04-24 17:22:23] Verificación de recordatorios solicitada desde el frontend
[2025-04-24 17:22:58] Verificación de recordatorios solicitada desde el frontend
[2025-04-24 17:23:23] Verificación de recordatorios solicitada desde el frontend
[2025-04-24 17:23:58] Verificación de recordatorios solicitada desde el frontend
[2025-04-24 17:24:23] Verificación de recordatorios solicitada desde el frontend
[2025-04-24 17:24:59] Verificación de recordatorios solicitada desde el frontend
[2025-04-24 17:25:23] Verificación de recordatorios solicitada desde el frontend
[2025-04-24 17:26:23] Verificación de recordatorios solicitada desde el frontend
[2025-04-24 17:26:23] Verificación de recordatorios solicitada desde el frontend
[2025-04-24 17:27:23] Verificación de recordatorios solicitada desde el frontend
[2025-04-24 17:27:23] Verificación de recordatorios solicitada desde el frontend
[2025-04-24 17:28:23] Verificación de recordatorios solicitada desde el frontend
[2025-04-24 17:28:23] Verificación de recordatorios solicitada desde el frontend
[2025-04-24 17:29:23] Verificación de recordatorios solicitada desde el frontend
[2025-04-24 17:29:23] Verificación de recordatorios solicitada desde el frontend
[2025-04-24 17:30:23] Verificación de recordatorios solicitada desde el frontend
[2025-04-24 17:30:23] Verificación de recordatorios solicitada desde el frontend
[2025-04-24 17:31:23] Verificación de recordatorios solicitada desde el frontend
[2025-04-24 17:31:23] Verificación de recordatorios solicitada desde el frontend
[2025-04-24 17:32:23] Verificación de recordatorios solicitada desde el frontend
[2025-04-24 17:32:23] Verificación de recordatorios solicitada desde el frontend
[2025-04-24 17:33:23] Verificación de recordatorios solicitada desde el frontend
[2025-04-24 17:33:23] Verificación de recordatorios solicitada desde el frontend
[2025-04-24 17:34:23] Verificación de recordatorios solicitada desde el frontend
[2025-04-24 17:34:23] Verificación de recordatorios solicitada desde el frontend
[2025-04-24 17:35:23] Verificación de recordatorios solicitada desde el frontend
[2025-04-24 17:35:23] Verificación de recordatorios solicitada desde el frontend
[2025-04-24 17:35:56] Verificación de recordatorios solicitada desde el frontend
[2025-04-24 17:35:56] Verificación de recordatorios solicitada desde el frontend
[2025-04-24 17:35:59] Verificación de recordatorios solicitada desde el frontend
[2025-04-24 17:36:56] Verificación de recordatorios solicitada desde el frontend
