[2025-05-08 01:07:35] Verificación de recordatorios solicitada desde el frontend (versión mejorada)
[2025-05-08 01:07:35] INFO DIAGNÓSTICO: María configurada con hora entrada 10:29:00 - salida 16:47:00
[2025-05-08 01:07:35] Ejecutando comando: "C:\xampp\php\php.exe" "C:\xampp\htdocs\ImpulsaTelecom\backend\scripts\enviar_recordatorios.php"
[2025-05-08 01:07:35] Iniciando verificaciu00f3n de recordatorios. Hora actual: 01:07:35
[2025-05-08 01:07:35] Verificando recordatorios para: María García Martínez (elreibo30@gmail.com), Horario: 10:29:00 - 16:47:00
[2025-05-08 01:07:35] Verificando recordatorios para: Juan Pérez López (juan.perez@impulsatelecom.com), Horario: 09:00:00 - 18:00:00
[2025-05-08 01:07:35] Verificaciu00f3n de recordatorios finalizada
[2025-05-08 01:07:35] Script ejecutado correctamente
[2025-05-08 01:07:35] Verificación de recordatorios solicitada desde el frontend (versión mejorada)
[2025-05-08 01:07:35] INFO DIAGNÓSTICO: María configurada con hora entrada 10:29:00 - salida 16:47:00
[2025-05-08 01:07:35] Ejecutando comando: "C:\xampp\php\php.exe" "C:\xampp\htdocs\ImpulsaTelecom\backend\scripts\enviar_recordatorios.php"
[2025-05-08 01:07:35] Iniciando verificaciu00f3n de recordatorios. Hora actual: 01:07:35
[2025-05-08 01:07:35] Verificando recordatorios para: María García Martínez (elreibo30@gmail.com), Horario: 10:29:00 - 16:47:00
[2025-05-08 01:07:35] Verificando recordatorios para: Juan Pérez López (juan.perez@impulsatelecom.com), Horario: 09:00:00 - 18:00:00
[2025-05-08 01:07:35] Verificaciu00f3n de recordatorios finalizada
[2025-05-08 01:07:35] Script ejecutado correctamente
[2025-05-08 01:08:35] Verificación de recordatorios solicitada desde el frontend (versión mejorada)
[2025-05-08 01:08:35] INFO DIAGNÓSTICO: María configurada con hora entrada 10:29:00 - salida 16:47:00
[2025-05-08 01:08:35] Ejecutando comando: "C:\xampp\php\php.exe" "C:\xampp\htdocs\ImpulsaTelecom\backend\scripts\enviar_recordatorios.php"
[2025-05-08 01:08:35] Iniciando verificaciu00f3n de recordatorios. Hora actual: 01:08:35
[2025-05-08 01:08:35] Verificando recordatorios para: María García Martínez (elreibo30@gmail.com), Horario: 10:29:00 - 16:47:00
[2025-05-08 01:08:35] Verificando recordatorios para: Juan Pérez López (juan.perez@impulsatelecom.com), Horario: 09:00:00 - 18:00:00
[2025-05-08 01:08:35] Verificaciu00f3n de recordatorios finalizada
[2025-05-08 01:08:35] Script ejecutado correctamente
[2025-05-08 01:09:35] Verificación de recordatorios solicitada desde el frontend (versión mejorada)
[2025-05-08 01:09:35] INFO DIAGNÓSTICO: María configurada con hora entrada 10:29:00 - salida 16:47:00
[2025-05-08 01:09:35] Ejecutando comando: "C:\xampp\php\php.exe" "C:\xampp\htdocs\ImpulsaTelecom\backend\scripts\enviar_recordatorios.php"
[2025-05-08 01:09:35] Iniciando verificaciu00f3n de recordatorios. Hora actual: 01:09:35
[2025-05-08 01:09:35] Verificando recordatorios para: María García Martínez (elreibo30@gmail.com), Horario: 10:29:00 - 16:47:00
[2025-05-08 01:09:35] Verificando recordatorios para: Juan Pérez López (juan.perez@impulsatelecom.com), Horario: 09:00:00 - 18:00:00
[2025-05-08 01:09:35] Verificaciu00f3n de recordatorios finalizada
[2025-05-08 01:09:35] Script ejecutado correctamente
[2025-05-08 01:10:35] Verificación de recordatorios solicitada desde el frontend (versión mejorada)
[2025-05-08 01:10:35] INFO DIAGNÓSTICO: María configurada con hora entrada 10:29:00 - salida 16:47:00
[2025-05-08 01:10:35] Ejecutando comando: "C:\xampp\php\php.exe" "C:\xampp\htdocs\ImpulsaTelecom\backend\scripts\enviar_recordatorios.php"
[2025-05-08 01:10:35] Iniciando verificaciu00f3n de recordatorios. Hora actual: 01:10:35
[2025-05-08 01:10:35] Verificando recordatorios para: María García Martínez (elreibo30@gmail.com), Horario: 10:29:00 - 16:47:00
[2025-05-08 01:10:35] Verificando recordatorios para: Juan Pérez López (juan.perez@impulsatelecom.com), Horario: 09:00:00 - 18:00:00
[2025-05-08 01:10:35] Verificaciu00f3n de recordatorios finalizada
[2025-05-08 01:10:35] Script ejecutado correctamente
[2025-05-08 01:11:35] Verificación de recordatorios solicitada desde el frontend (versión mejorada)
[2025-05-08 01:11:35] INFO DIAGNÓSTICO: María configurada con hora entrada 10:29:00 - salida 16:47:00
[2025-05-08 01:11:35] Ejecutando comando: "C:\xampp\php\php.exe" "C:\xampp\htdocs\ImpulsaTelecom\backend\scripts\enviar_recordatorios.php"
[2025-05-08 01:11:35] Iniciando verificaciu00f3n de recordatorios. Hora actual: 01:11:35
[2025-05-08 01:11:35] Verificando recordatorios para: María García Martínez (elreibo30@gmail.com), Horario: 10:29:00 - 16:47:00
[2025-05-08 01:11:35] Verificando recordatorios para: Juan Pérez López (juan.perez@impulsatelecom.com), Horario: 09:00:00 - 18:00:00
[2025-05-08 01:11:35] Verificaciu00f3n de recordatorios finalizada
[2025-05-08 01:11:35] Script ejecutado correctamente
