[2025-04-23 19:06:40] Error en la consulta: Unknown column 'u.correo' in 'field list'
[2025-04-23 19:07:09] Iniciando verificación de recordatorios. Hora actual: 19:07:09
[2025-04-23 19:07:09] Verificando recordatorios para: Jornada Completa García Martínez (elreibo30@gmail.com), Horario: 09:00:00 - 18:00:00
[2025-04-23 19:07:09] Verificando recordatorios para: Jornada Completa Pérez López (juan.perez@impulsatelecom.com), Horario: 09:00:00 - 18:00:00
[2025-04-23 19:07:09] Verificación de recordatorios finalizada
[2025-04-23 19:10:01] Iniciando verificación de recordatorios. Hora actual: 19:10:01
[2025-04-23 19:10:01] Verificando recordatorios para: Jornada Completa García Martínez (elreibo30@gmail.com), Horario: 09:00:00 - 18:00:00
[2025-04-23 19:10:01] Verificando recordatorios para: Jornada Completa Pérez López (juan.perez@impulsatelecom.com), Horario: 09:00:00 - 18:00:00
[2025-04-23 19:10:01] Verificación de recordatorios finalizada
[2025-04-23 19:10:36] Iniciando verificación de recordatorios. Hora actual: 19:10:36
[2025-04-23 19:10:36] Verificando recordatorios para: Jornada Completa García Martínez (elreibo30@gmail.com), Horario: 09:00:00 - 18:00:00
[2025-04-23 19:10:36] Verificando recordatorios para: Jornada Completa Pérez López (juan.perez@impulsatelecom.com), Horario: 09:00:00 - 18:00:00
[2025-04-23 19:10:36] Verificación de recordatorios finalizada
[2025-04-23 19:10:38] Iniciando verificación de recordatorios. Hora actual: 19:10:38
[2025-04-23 19:10:38] Verificando recordatorios para: Jornada Completa García Martínez (elreibo30@gmail.com), Horario: 09:00:00 - 18:00:00
[2025-04-23 19:10:38] Verificando recordatorios para: Jornada Completa Pérez López (juan.perez@impulsatelecom.com), Horario: 09:00:00 - 18:00:00
[2025-04-23 19:10:38] Verificación de recordatorios finalizada
[2025-04-23 19:10:53] Iniciando verificación de recordatorios. Hora actual: 19:10:53
[2025-04-23 19:10:53] Verificando recordatorios para: Jornada Completa García Martínez (elreibo30@gmail.com), Horario: 09:00:00 - 18:00:00
[2025-04-23 19:10:53] Verificando recordatorios para: Jornada Completa Pérez López (juan.perez@impulsatelecom.com), Horario: 09:00:00 - 18:00:00
[2025-04-23 19:10:53] Verificación de recordatorios finalizada
[2025-04-23 19:11:01] Iniciando verificación de recordatorios. Hora actual: 19:11:01
[2025-04-23 19:11:01] Verificando recordatorios para: Jornada Completa García Martínez (elreibo30@gmail.com), Horario: 09:00:00 - 18:00:00
[2025-04-23 19:11:01] Verificando recordatorios para: Jornada Completa Pérez López (juan.perez@impulsatelecom.com), Horario: 09:00:00 - 18:00:00
[2025-04-23 19:11:01] Verificación de recordatorios finalizada
[2025-04-23 19:12:01] Iniciando verificación de recordatorios. Hora actual: 19:12:01
[2025-04-23 19:12:01] Verificando recordatorios para: Jornada Completa García Martínez (elreibo30@gmail.com), Horario: 09:00:00 - 18:00:00
[2025-04-23 19:12:01] Verificando recordatorios para: Jornada Completa Pérez López (juan.perez@impulsatelecom.com), Horario: 09:00:00 - 18:00:00
[2025-04-23 19:12:01] Verificación de recordatorios finalizada
[2025-04-23 19:13:01] Iniciando verificación de recordatorios. Hora actual: 19:13:01
[2025-04-23 19:13:01] Verificando recordatorios para: Jornada Completa García Martínez (elreibo30@gmail.com), Horario: 09:00:00 - 18:00:00
[2025-04-23 19:13:01] Verificando recordatorios para: Jornada Completa Pérez López (juan.perez@impulsatelecom.com), Horario: 09:00:00 - 18:00:00
[2025-04-23 19:13:01] Verificación de recordatorios finalizada
[2025-04-23 19:14:01] Iniciando verificación de recordatorios. Hora actual: 19:14:01
[2025-04-23 19:14:01] Verificando recordatorios para: Jornada Completa García Martínez (elreibo30@gmail.com), Horario: 09:00:00 - 18:00:00
[2025-04-23 19:14:01] Verificando recordatorios para: Jornada Completa Pérez López (juan.perez@impulsatelecom.com), Horario: 09:00:00 - 18:00:00
[2025-04-23 19:14:01] Verificación de recordatorios finalizada
[2025-04-23 19:15:01] Iniciando verificación de recordatorios. Hora actual: 19:15:01
[2025-04-23 19:15:01] Verificando recordatorios para: Jornada Completa García Martínez (elreibo30@gmail.com), Horario: 09:00:00 - 18:00:00
[2025-04-23 19:15:01] Verificando recordatorios para: Jornada Completa Pérez López (juan.perez@impulsatelecom.com), Horario: 09:00:00 - 18:00:00
[2025-04-23 19:15:01] Verificación de recordatorios finalizada
